{"/home/dev/kube-coder/charts/workspace/web/src/app.tsx": {"path":"/home/dev/kube-coder/charts/workspace/web/src/app.tsx","all":false,"statementMap":{"0":{"start":{"line":1,"column":0},"end":{"line":1,"column":39}},"3":{"start":{"line":4,"column":0},"end":{"line":4,"column":23}},"4":{"start":{"line":5,"column":0},"end":{"line":5,"column":19}},"5":{"start":{"line":6,"column":0},"end":{"line":6,"column":1}}},"s":{"0":1,"3":1,"4":3,"5":3},"branchMap":{"0":{"type":"branch","line":4,"loc":{"start":{"line":4,"column":7},"end":{"line":6,"column":1}},"locations":[{"start":{"line":4,"column":7},"end":{"line":6,"column":1}}]}},"b":{"0":[3]},"fnMap":{"0":{"name":"App","decl":{"start":{"line":4,"column":7},"end":{"line":6,"column":1}},"loc":{"start":{"line":4,"column":7},"end":{"line":6,"column":1}},"line":4}},"f":{"0":3}}
,"/home/dev/kube-coder/charts/workspace/web/src/main.tsx": {"path":"/home/dev/kube-coder/charts/workspace/web/src/main.tsx","all":true,"statementMap":{"0":{"start":{"line":1,"column":0},"end":{"line":1,"column":32}},"1":{"start":{"line":2,"column":0},"end":{"line":2,"column":28}},"2":{"start":{"line":3,"column":0},"end":{"line":3,"column":29}},"3":{"start":{"line":4,"column":0},"end":{"line":4,"column":30}},"4":{"start":{"line":5,"column":0},"end":{"line":5,"column":28}},"5":{"start":{"line":6,"column":0},"end":{"line":6,"column":53}},"10":{"start":{"line":11,"column":0},"end":{"line":11,"column":70}},"11":{"start":{"line":12,"column":0},"end":{"line":12,"column":17}},"13":{"start":{"line":14,"column":0},"end":{"line":14,"column":45}},"14":{"start":{"line":15,"column":0},"end":{"line":15,"column":56}},"15":{"start":{"line":16,"column":0},"end":{"line":16,"column":23}}},"s":{"0":0,"1":0,"2":0,"3":0,"4":0,"5":0,"10":0,"11":0,"13":0,"14":0,"15":0},"branchMap":{"0":{"type":"branch","line":1,"loc":{"start":{"line":1,"column":641},"end":{"line":16,"column":23}},"locations":[{"start":{"line":1,"column":641},"end":{"line":16,"column":23}}]}},"b":{"0":[0]},"fnMap":{"0":{"name":"(empty-report)","decl":{"start":{"line":1,"column":641},"end":{"line":16,"column":23}},"loc":{"start":{"line":1,"column":641},"end":{"line":16,"column":23}},"line":1}},"f":{"0":0}}
,"/home/dev/kube-coder/charts/workspace/web/src/api/apps.ts": {"path":"/home/dev/kube-coder/charts/workspace/web/src/api/apps.ts","all":false,"statementMap":{"0":{"start":{"line":1,"column":0},"end":{"line":1,"column":54}},"35":{"start":{"line":36,"column":0},"end":{"line":36,"column":68}},"37":{"start":{"line":38,"column":0},"end":{"line":38,"column":42}},"38":{"start":{"line":39,"column":0},"end":{"line":39,"column":84}},"39":{"start":{"line":40,"column":0},"end":{"line":40,"column":21}},"40":{"start":{"line":41,"column":0},"end":{"line":41,"column":8}},"41":{"start":{"line":42,"column":0},"end":{"line":42,"column":4}},"43":{"start":{"line":44,"column":0},"end":{"line":44,"column":41}},"44":{"start":{"line":45,"column":0},"end":{"line":45,"column":70}},"48":{"start":{"line":49,"column":0},"end":{"line":49,"column":55}},"49":{"start":{"line":50,"column":0},"end":{"line":50,"column":82}}},"s":{"0":1,"35":1,"37":1,"38":0,"39":0,"40":0,"41":0,"43":1,"44":0,"48":1,"49":0},"branchMap":{},"b":{},"fnMap":{"0":{"name":"listApps","decl":{"start":{"line":36,"column":24},"end":{"line":36,"column":68}},"loc":{"start":{"line":36,"column":24},"end":{"line":36,"column":68}},"line":36},"1":{"name":"pinApp","decl":{"start":{"line":38,"column":22},"end":{"line":42,"column":4}},"loc":{"start":{"line":38,"column":22},"end":{"line":42,"column":4}},"line":38},"2":{"name":"unpinApp","decl":{"start":{"line":44,"column":24},"end":{"line":45,"column":70}},"loc":{"start":{"line":44,"column":24},"end":{"line":45,"column":70}},"line":44},"3":{"name":"proxyUrl","decl":{"start":{"line":49,"column":24},"end":{"line":50,"column":82}},"loc":{"start":{"line":49,"column":24},"end":{"line":50,"column":82}},"line":49}},"f":{"0":0,"1":0,"2":0,"3":0}}
,"/home/dev/kube-coder/charts/workspace/web/src/api/client.ts": {"path":"/home/dev/kube-coder/charts/workspace/web/src/api/client.ts","all":false,"statementMap":{"14":{"start":{"line":15,"column":0},"end":{"line":15,"column":37}},"15":{"start":{"line":16,"column":0},"end":{"line":16,"column":26}},"16":{"start":{"line":17,"column":0},"end":{"line":17,"column":25}},"17":{"start":{"line":18,"column":0},"end":{"line":18,"column":63}},"18":{"start":{"line":19,"column":0},"end":{"line":19,"column":19}},"19":{"start":{"line":20,"column":0},"end":{"line":20,"column":25}},"20":{"start":{"line":21,"column":0},"end":{"line":21,"column":21}},"21":{"start":{"line":22,"column":0},"end":{"line":22,"column":3}},"22":{"start":{"line":23,"column":0},"end":{"line":23,"column":1}},"31":{"start":{"line":32,"column":0},"end":{"line":32,"column":69}},"32":{"start":{"line":33,"column":0},"end":{"line":33,"column":61}},"33":{"start":{"line":34,"column":0},"end":{"line":34,"column":1}},"40":{"start":{"line":41,"column":0},"end":{"line":41,"column":36}},"41":{"start":{"line":42,"column":0},"end":{"line":42,"column":7}},"42":{"start":{"line":43,"column":0},"end":{"line":43,"column":92}},"43":{"start":{"line":44,"column":0},"end":{"line":44,"column":11}},"44":{"start":{"line":45,"column":0},"end":{"line":45,"column":16}},"45":{"start":{"line":46,"column":0},"end":{"line":46,"column":3}},"46":{"start":{"line":47,"column":0},"end":{"line":47,"column":1}},"54":{"start":{"line":55,"column":0},"end":{"line":55,"column":55}},"55":{"start":{"line":56,"column":0},"end":{"line":56,"column":46}},"56":{"start":{"line":57,"column":0},"end":{"line":57,"column":46}},"57":{"start":{"line":58,"column":0},"end":{"line":58,"column":55}},"58":{"start":{"line":59,"column":0},"end":{"line":59,"column":14}},"59":{"start":{"line":60,"column":0},"end":{"line":60,"column":1}},"61":{"start":{"line":62,"column":0},"end":{"line":62,"column":67}},"62":{"start":{"line":63,"column":0},"end":{"line":63,"column":41}},"63":{"start":{"line":64,"column":0},"end":{"line":64,"column":30}},"64":{"start":{"line":65,"column":0},"end":{"line":65,"column":39}},"65":{"start":{"line":66,"column":0},"end":{"line":66,"column":47}},"66":{"start":{"line":67,"column":0},"end":{"line":67,"column":60}},"67":{"start":{"line":68,"column":0},"end":{"line":68,"column":29}},"68":{"start":{"line":69,"column":0},"end":{"line":69,"column":3}},"69":{"start":{"line":70,"column":0},"end":{"line":70,"column":31}},"70":{"start":{"line":71,"column":0},"end":{"line":71,"column":45}},"71":{"start":{"line":72,"column":0},"end":{"line":72,"column":1}},"79":{"start":{"line":80,"column":0},"end":{"line":80,"column":31}},"80":{"start":{"line":81,"column":0},"end":{"line":81,"column":35}},"81":{"start":{"line":82,"column":0},"end":{"line":82,"column":33}},"82":{"start":{"line":83,"column":0},"end":{"line":83,"column":44}},"83":{"start":{"line":84,"column":0},"end":{"line":84,"column":28}},"84":{"start":{"line":85,"column":0},"end":{"line":85,"column":83}},"85":{"start":{"line":86,"column":0},"end":{"line":86,"column":50}},"86":{"start":{"line":87,"column":0},"end":{"line":87,"column":1}},"88":{"start":{"line":89,"column":0},"end":{"line":89,"column":50}},"92":{"start":{"line":93,"column":0},"end":{"line":93,"column":46}},"93":{"start":{"line":94,"column":0},"end":{"line":94,"column":46}},"94":{"start":{"line":95,"column":0},"end":{"line":95,"column":104}},"95":{"start":{"line":96,"column":0},"end":{"line":96,"column":1}},"97":{"start":{"line":98,"column":0},"end":{"line":98,"column":86}},"98":{"start":{"line":99,"column":0},"end":{"line":99,"column":49}},"99":{"start":{"line":100,"column":0},"end":{"line":100,"column":29}},"100":{"start":{"line":101,"column":0},"end":{"line":101,"column":12}},"101":{"start":{"line":102,"column":0},"end":{"line":102,"column":14}},"102":{"start":{"line":103,"column":0},"end":{"line":103,"column":35}},"103":{"start":{"line":104,"column":0},"end":{"line":104,"column":76}},"104":{"start":{"line":105,"column":0},"end":{"line":105,"column":71}},"105":{"start":{"line":106,"column":0},"end":{"line":106,"column":57}},"106":{"start":{"line":107,"column":0},"end":{"line":107,"column":6}},"107":{"start":{"line":108,"column":0},"end":{"line":108,"column":64}},"108":{"start":{"line":109,"column":0},"end":{"line":109,"column":4}},"109":{"start":{"line":110,"column":0},"end":{"line":110,"column":36}},"110":{"start":{"line":111,"column":0},"end":{"line":111,"column":20}},"111":{"start":{"line":112,"column":0},"end":{"line":112,"column":7}},"112":{"start":{"line":113,"column":0},"end":{"line":113,"column":33}},"113":{"start":{"line":114,"column":0},"end":{"line":114,"column":15}},"114":{"start":{"line":115,"column":0},"end":{"line":115,"column":32}},"115":{"start":{"line":116,"column":0},"end":{"line":116,"column":25}},"116":{"start":{"line":117,"column":0},"end":{"line":117,"column":81}},"117":{"start":{"line":118,"column":0},"end":{"line":118,"column":5}},"118":{"start":{"line":119,"column":0},"end":{"line":119,"column":12}},"119":{"start":{"line":120,"column":0},"end":{"line":120,"column":3}},"122":{"start":{"line":123,"column":0},"end":{"line":123,"column":56}},"123":{"start":{"line":124,"column":0},"end":{"line":124,"column":23}},"124":{"start":{"line":125,"column":0},"end":{"line":125,"column":79}},"125":{"start":{"line":126,"column":0},"end":{"line":126,"column":3}},"126":{"start":{"line":127,"column":0},"end":{"line":127,"column":54}},"127":{"start":{"line":128,"column":0},"end":{"line":128,"column":52}},"128":{"start":{"line":129,"column":0},"end":{"line":129,"column":89}},"129":{"start":{"line":130,"column":0},"end":{"line":130,"column":16}},"130":{"start":{"line":131,"column":0},"end":{"line":131,"column":15}},"131":{"start":{"line":132,"column":0},"end":{"line":132,"column":74}},"132":{"start":{"line":133,"column":0},"end":{"line":133,"column":40}},"133":{"start":{"line":134,"column":0},"end":{"line":134,"column":48}},"134":{"start":{"line":135,"column":0},"end":{"line":135,"column":3}},"135":{"start":{"line":136,"column":0},"end":{"line":136,"column":21}},"136":{"start":{"line":137,"column":0},"end":{"line":137,"column":1}},"138":{"start":{"line":139,"column":0},"end":{"line":139,"column":108}},"139":{"start":{"line":140,"column":0},"end":{"line":140,"column":99}},"140":{"start":{"line":141,"column":0},"end":{"line":141,"column":81}},"148":{"start":{"line":149,"column":0},"end":{"line":149,"column":29}},"149":{"start":{"line":150,"column":0},"end":{"line":150,"column":15}},"150":{"start":{"line":151,"column":0},"end":{"line":151,"column":84}},"151":{"start":{"line":152,"column":0},"end":{"line":152,"column":22}},"152":{"start":{"line":153,"column":0},"end":{"line":153,"column":29}},"153":{"start":{"line":154,"column":0},"end":{"line":154,"column":29}},"154":{"start":{"line":155,"column":0},"end":{"line":155,"column":34}},"155":{"start":{"line":156,"column":0},"end":{"line":156,"column":14}},"156":{"start":{"line":157,"column":0},"end":{"line":157,"column":71}},"157":{"start":{"line":158,"column":0},"end":{"line":158,"column":30}},"158":{"start":{"line":159,"column":0},"end":{"line":159,"column":6}},"159":{"start":{"line":160,"column":0},"end":{"line":160,"column":20}},"160":{"start":{"line":161,"column":0},"end":{"line":161,"column":4}},"161":{"start":{"line":162,"column":0},"end":{"line":162,"column":20}},"162":{"start":{"line":163,"column":0},"end":{"line":163,"column":7}},"163":{"start":{"line":164,"column":0},"end":{"line":164,"column":33}},"164":{"start":{"line":165,"column":0},"end":{"line":165,"column":15}},"165":{"start":{"line":166,"column":0},"end":{"line":166,"column":32}},"166":{"start":{"line":167,"column":0},"end":{"line":167,"column":25}},"167":{"start":{"line":168,"column":0},"end":{"line":168,"column":81}},"168":{"start":{"line":169,"column":0},"end":{"line":169,"column":5}},"169":{"start":{"line":170,"column":0},"end":{"line":170,"column":12}},"170":{"start":{"line":171,"column":0},"end":{"line":171,"column":3}},"171":{"start":{"line":172,"column":0},"end":{"line":172,"column":56}},"172":{"start":{"line":173,"column":0},"end":{"line":173,"column":23}},"173":{"start":{"line":174,"column":0},"end":{"line":174,"column":79}},"174":{"start":{"line":175,"column":0},"end":{"line":175,"column":3}},"175":{"start":{"line":176,"column":0},"end":{"line":176,"column":16}},"176":{"start":{"line":177,"column":0},"end":{"line":177,"column":31}},"177":{"start":{"line":178,"column":0},"end":{"line":178,"column":63}},"178":{"start":{"line":179,"column":0},"end":{"line":179,"column":15}},"179":{"start":{"line":180,"column":0},"end":{"line":180,"column":99}},"180":{"start":{"line":181,"column":0},"end":{"line":181,"column":48}},"181":{"start":{"line":182,"column":0},"end":{"line":182,"column":3}},"182":{"start":{"line":183,"column":0},"end":{"line":183,"column":13}},"183":{"start":{"line":184,"column":0},"end":{"line":184,"column":1}}},"s":{"14":1,"15":4,"16":4,"17":4,"18":4,"19":4,"20":4,"21":4,"22":4,"31":1,"32":9,"33":9,"40":38,"41":38,"42":38,"43":38,"44":0,"45":0,"46":38,"54":1,"55":42,"56":42,"57":42,"58":4,"59":4,"61":38,"62":38,"63":38,"64":1,"65":6,"66":5,"67":2,"68":2,"69":1,"70":38,"71":38,"79":1,"80":1,"81":1,"82":1,"83":1,"84":1,"85":1,"86":1,"88":1,"92":1,"93":1,"94":1,"95":1,"97":38,"98":38,"99":38,"100":38,"101":38,"102":38,"103":38,"104":38,"105":38,"106":38,"107":38,"108":38,"109":38,"110":38,"111":38,"112":38,"113":24,"114":1,"115":1,"116":1,"117":1,"118":0,"119":0,"122":38,"123":0,"124":0,"125":0,"126":24,"127":38,"128":38,"129":12,"130":3,"131":3,"132":0,"133":3,"134":3,"135":20,"136":20,"138":1,"139":1,"140":1,"148":0,"149":0,"150":0,"151":0,"152":0,"153":0,"154":0,"155":0,"156":0,"157":0,"158":0,"159":0,"160":0,"161":0,"162":0,"163":0,"164":0,"165":0,"166":0,"167":0,"168":0,"169":0,"170":0,"171":0,"172":0,"173":0,"174":0,"175":0,"176":0,"177":0,"178":0,"179":0,"180":0,"181":0,"182":0,"183":0},"branchMap":{"0":{"type":"branch","line":15,"loc":{"start":{"line":15,"column":7},"end":{"line":23,"column":1}},"locations":[{"start":{"line":15,"column":7},"end":{"line":23,"column":1}}]},"1":{"type":"branch","line":18,"loc":{"start":{"line":18,"column":2},"end":{"line":22,"column":3}},"locations":[{"start":{"line":18,"column":2},"end":{"line":22,"column":3}}]},"2":{"type":"branch","line":32,"loc":{"start":{"line":32,"column":7},"end":{"line":34,"column":1}},"locations":[{"start":{"line":32,"column":7},"end":{"line":34,"column":1}}]},"3":{"type":"branch","line":33,"loc":{"start":{"line":33,"column":22},"end":{"line":33,"column":48}},"locations":[{"start":{"line":33,"column":22},"end":{"line":33,"column":48}}]},"4":{"type":"branch","line":33,"loc":{"start":{"line":33,"column":40},"end":{"line":33,"column":61}},"locations":[{"start":{"line":33,"column":40},"end":{"line":33,"column":61}}]},"5":{"type":"branch","line":41,"loc":{"start":{"line":41,"column":0},"end":{"line":47,"column":1}},"locations":[{"start":{"line":41,"column":0},"end":{"line":47,"column":1}}]},"6":{"type":"branch","line":43,"loc":{"start":{"line":43,"column":83},"end":{"line":43,"column":92}},"locations":[{"start":{"line":43,"column":83},"end":{"line":43,"column":92}}]},"7":{"type":"branch","line":44,"loc":{"start":{"line":44,"column":2},"end":{"line":46,"column":3}},"locations":[{"start":{"line":44,"column":2},"end":{"line":46,"column":3}}]},"8":{"type":"branch","line":55,"loc":{"start":{"line":55,"column":7},"end":{"line":60,"column":1}},"locations":[{"start":{"line":55,"column":7},"end":{"line":60,"column":1}}]},"9":{"type":"branch","line":56,"loc":{"start":{"line":56,"column":34},"end":{"line":56,"column":46}},"locations":[{"start":{"line":56,"column":34},"end":{"line":56,"column":46}}]},"10":{"type":"branch","line":56,"loc":{"start":{"line":56,"column":41},"end":{"line":57,"column":41}},"locations":[{"start":{"line":56,"column":41},"end":{"line":57,"column":41}}]},"11":{"type":"branch","line":57,"loc":{"start":{"line":57,"column":34},"end":{"line":57,"column":46}},"locations":[{"start":{"line":57,"column":34},"end":{"line":57,"column":46}}]},"12":{"type":"branch","line":57,"loc":{"start":{"line":57,"column":41},"end":{"line":58,"column":39}},"locations":[{"start":{"line":57,"column":41},"end":{"line":58,"column":39}}]},"13":{"type":"branch","line":58,"loc":{"start":{"line":58,"column":32},"end":{"line":58,"column":55}},"locations":[{"start":{"line":58,"column":32},"end":{"line":58,"column":55}}]},"14":{"type":"branch","line":58,"loc":{"start":{"line":58,"column":52},"end":{"line":60,"column":1}},"locations":[{"start":{"line":58,"column":52},"end":{"line":60,"column":1}}]},"15":{"type":"branch","line":62,"loc":{"start":{"line":62,"column":0},"end":{"line":72,"column":1}},"locations":[{"start":{"line":62,"column":0},"end":{"line":72,"column":1}}]},"16":{"type":"branch","line":64,"loc":{"start":{"line":64,"column":14},"end":{"line":64,"column":30}},"locations":[{"start":{"line":64,"column":14},"end":{"line":64,"column":30}}]},"17":{"type":"branch","line":64,"loc":{"start":{"line":64,"column":21},"end":{"line":71,"column":36}},"locations":[{"start":{"line":64,"column":21},"end":{"line":71,"column":36}}]},"18":{"type":"branch","line":64,"loc":{"start":{"line":64,"column":21},"end":{"line":66,"column":46}},"locations":[{"start":{"line":64,"column":21},"end":{"line":66,"column":46}}]},"19":{"type":"branch","line":66,"loc":{"start":{"line":66,"column":46},"end":{"line":69,"column":3}},"locations":[{"start":{"line":66,"column":46},"end":{"line":69,"column":3}}]},"20":{"type":"branch","line":67,"loc":{"start":{"line":67,"column":14},"end":{"line":67,"column":41}},"locations":[{"start":{"line":67,"column":14},"end":{"line":67,"column":41}}]},"21":{"type":"branch","line":67,"loc":{"start":{"line":67,"column":33},"end":{"line":67,"column":51}},"locations":[{"start":{"line":67,"column":33},"end":{"line":67,"column":51}}]},"22":{"type":"branch","line":67,"loc":{"start":{"line":67,"column":51},"end":{"line":67,"column":60}},"locations":[{"start":{"line":67,"column":51},"end":{"line":67,"column":60}}]},"23":{"type":"branch","line":67,"loc":{"start":{"line":67,"column":51},"end":{"line":69,"column":3}},"locations":[{"start":{"line":67,"column":51},"end":{"line":69,"column":3}}]},"24":{"type":"branch","line":69,"loc":{"start":{"line":69,"column":2},"end":{"line":71,"column":36}},"locations":[{"start":{"line":69,"column":2},"end":{"line":71,"column":36}}]},"25":{"type":"branch","line":71,"loc":{"start":{"line":71,"column":31},"end":{"line":71,"column":45}},"locations":[{"start":{"line":71,"column":31},"end":{"line":71,"column":45}}]},"26":{"type":"branch","line":81,"loc":{"start":{"line":81,"column":0},"end":{"line":87,"column":1}},"locations":[{"start":{"line":81,"column":0},"end":{"line":87,"column":1}}]},"27":{"type":"branch","line":82,"loc":{"start":{"line":82,"column":26},"end":{"line":82,"column":33}},"locations":[{"start":{"line":82,"column":26},"end":{"line":82,"column":33}}]},"28":{"type":"branch","line":83,"loc":{"start":{"line":83,"column":37},"end":{"line":83,"column":44}},"locations":[{"start":{"line":83,"column":37},"end":{"line":83,"column":44}}]},"29":{"type":"branch","line":89,"loc":{"start":{"line":89,"column":0},"end":{"line":96,"column":1}},"locations":[{"start":{"line":89,"column":0},"end":{"line":96,"column":1}}]},"30":{"type":"branch","line":93,"loc":{"start":{"line":93,"column":33},"end":{"line":93,"column":46}},"locations":[{"start":{"line":93,"column":33},"end":{"line":93,"column":46}}]},"31":{"type":"branch","line":94,"loc":{"start":{"line":94,"column":17},"end":{"line":94,"column":32}},"locations":[{"start":{"line":94,"column":17},"end":{"line":94,"column":32}}]},"32":{"type":"branch","line":95,"loc":{"start":{"line":95,"column":39},"end":{"line":95,"column":76}},"locations":[{"start":{"line":95,"column":39},"end":{"line":95,"column":76}}]},"33":{"type":"branch","line":95,"loc":{"start":{"line":95,"column":71},"end":{"line":95,"column":104}},"locations":[{"start":{"line":95,"column":71},"end":{"line":95,"column":104}}]},"34":{"type":"branch","line":98,"loc":{"start":{"line":98,"column":0},"end":{"line":137,"column":1}},"locations":[{"start":{"line":98,"column":0},"end":{"line":137,"column":1}}]},"35":{"type":"branch","line":104,"loc":{"start":{"line":104,"column":19},"end":{"line":104,"column":72}},"locations":[{"start":{"line":104,"column":19},"end":{"line":104,"column":72}}]},"36":{"type":"branch","line":104,"loc":{"start":{"line":104,"column":68},"end":{"line":104,"column":76}},"locations":[{"start":{"line":104,"column":68},"end":{"line":104,"column":76}}]},"37":{"type":"branch","line":105,"loc":{"start":{"line":105,"column":19},"end":{"line":105,"column":67}},"locations":[{"start":{"line":105,"column":19},"end":{"line":105,"column":67}}]},"38":{"type":"branch","line":108,"loc":{"start":{"line":108,"column":19},"end":{"line":108,"column":43}},"locations":[{"start":{"line":108,"column":19},"end":{"line":108,"column":43}}]},"39":{"type":"branch","line":108,"loc":{"start":{"line":108,"column":31},"end":{"line":108,"column":64}},"locations":[{"start":{"line":108,"column":31},"end":{"line":108,"column":64}}]},"40":{"type":"branch","line":113,"loc":{"start":{"line":113,"column":31},"end":{"line":123,"column":55}},"locations":[{"start":{"line":113,"column":31},"end":{"line":123,"column":55}}]},"41":{"type":"branch","line":113,"loc":{"start":{"line":113,"column":31},"end":{"line":114,"column":11}},"locations":[{"start":{"line":113,"column":31},"end":{"line":114,"column":11}}]},"42":{"type":"branch","line":114,"loc":{"start":{"line":114,"column":2},"end":{"line":120,"column":3}},"locations":[{"start":{"line":114,"column":2},"end":{"line":120,"column":3}}]},"43":{"type":"branch","line":118,"loc":{"start":{"line":118,"column":4},"end":{"line":120,"column":3}},"locations":[{"start":{"line":118,"column":4},"end":{"line":120,"column":3}}]},"44":{"type":"branch","line":120,"loc":{"start":{"line":120,"column":2},"end":{"line":123,"column":28}},"locations":[{"start":{"line":120,"column":2},"end":{"line":123,"column":28}}]},"45":{"type":"branch","line":123,"loc":{"start":{"line":123,"column":21},"end":{"line":123,"column":55}},"locations":[{"start":{"line":123,"column":21},"end":{"line":123,"column":55}}]},"46":{"type":"branch","line":123,"loc":{"start":{"line":123,"column":55},"end":{"line":127,"column":54}},"locations":[{"start":{"line":123,"column":55},"end":{"line":127,"column":54}}]},"47":{"type":"branch","line":123,"loc":{"start":{"line":123,"column":55},"end":{"line":126,"column":3}},"locations":[{"start":{"line":123,"column":55},"end":{"line":126,"column":3}}]},"48":{"type":"branch","line":126,"loc":{"start":{"line":126,"column":2},"end":{"line":127,"column":51}},"locations":[{"start":{"line":126,"column":2},"end":{"line":127,"column":51}}]},"49":{"type":"branch","line":127,"loc":{"start":{"line":127,"column":46},"end":{"line":127,"column":54}},"locations":[{"start":{"line":127,"column":46},"end":{"line":127,"column":54}}]},"50":{"type":"branch","line":129,"loc":{"start":{"line":129,"column":26},"end":{"line":129,"column":89}},"locations":[{"start":{"line":129,"column":26},"end":{"line":129,"column":89}}]},"51":{"type":"branch","line":129,"loc":{"start":{"line":129,"column":26},"end":{"line":129,"column":72}},"locations":[{"start":{"line":129,"column":26},"end":{"line":129,"column":72}}]},"52":{"type":"branch","line":129,"loc":{"start":{"line":129,"column":68},"end":{"line":129,"column":89}},"locations":[{"start":{"line":129,"column":68},"end":{"line":129,"column":89}}]},"53":{"type":"branch","line":129,"loc":{"start":{"line":129,"column":87},"end":{"line":137,"column":1}},"locations":[{"start":{"line":129,"column":87},"end":{"line":137,"column":1}}]},"54":{"type":"branch","line":129,"loc":{"start":{"line":129,"column":87},"end":{"line":135,"column":3}},"locations":[{"start":{"line":129,"column":87},"end":{"line":135,"column":3}}]},"55":{"type":"branch","line":129,"loc":{"start":{"line":129,"column":87},"end":{"line":130,"column":15}},"locations":[{"start":{"line":129,"column":87},"end":{"line":130,"column":15}}]},"56":{"type":"branch","line":130,"loc":{"start":{"line":130,"column":15},"end":{"line":135,"column":3}},"locations":[{"start":{"line":130,"column":15},"end":{"line":135,"column":3}}]},"57":{"type":"branch","line":132,"loc":{"start":{"line":132,"column":62},"end":{"line":132,"column":74}},"locations":[{"start":{"line":132,"column":62},"end":{"line":132,"column":74}}]},"58":{"type":"branch","line":132,"loc":{"start":{"line":132,"column":66},"end":{"line":133,"column":40}},"locations":[{"start":{"line":132,"column":66},"end":{"line":133,"column":40}}]},"59":{"type":"branch","line":135,"loc":{"start":{"line":135,"column":2},"end":{"line":137,"column":1}},"locations":[{"start":{"line":135,"column":2},"end":{"line":137,"column":1}}]},"60":{"type":"branch","line":139,"loc":{"start":{"line":139,"column":22},"end":{"line":139,"column":108}},"locations":[{"start":{"line":139,"column":22},"end":{"line":139,"column":108}}]},"61":{"type":"branch","line":140,"loc":{"start":{"line":140,"column":23},"end":{"line":140,"column":99}},"locations":[{"start":{"line":140,"column":23},"end":{"line":140,"column":99}}]}},"b":{"0":[4],"1":[4],"2":[9],"3":[6],"4":[5],"5":[38],"6":[0],"7":[0],"8":[42],"9":[1],"10":[41],"11":[1],"12":[40],"13":[36],"14":[4],"15":[38],"16":[37],"17":[6],"18":[1],"19":[5],"20":[4],"21":[3],"22":[3],"23":[2],"24":[1],"25":[0],"26":[1],"27":[0],"28":[0],"29":[1],"30":[0],"31":[0],"32":[0],"33":[0],"34":[38],"35":[1],"36":[37],"37":[0],"38":[37],"39":[1],"40":[24],"41":[23],"42":[1],"43":[0],"44":[23],"45":[0],"46":[24],"47":[0],"48":[23],"49":[0],"50":[24],"51":[23],"52":[0],"53":[24],"54":[12],"55":[0],"56":[3],"57":[0],"58":[0],"59":[20],"60":[36],"61":[1]},"fnMap":{"0":{"name":"<instance_members_initializer>","decl":{"start":{"line":15,"column":7},"end":{"line":23,"column":1}},"loc":{"start":{"line":15,"column":7},"end":{"line":23,"column":1}},"line":15},"1":{"name":"ApiError","decl":{"start":{"line":18,"column":2},"end":{"line":22,"column":3}},"loc":{"start":{"line":18,"column":2},"end":{"line":22,"column":3}},"line":18},"2":{"name":"isErrorResponse","decl":{"start":{"line":32,"column":7},"end":{"line":34,"column":1}},"loc":{"start":{"line":32,"column":7},"end":{"line":34,"column":1}},"line":32},"3":{"name":"devToken","decl":{"start":{"line":41,"column":0},"end":{"line":47,"column":1}},"loc":{"start":{"line":41,"column":0},"end":{"line":47,"column":1}},"line":41},"4":{"name":"withOauthPrefix","decl":{"start":{"line":55,"column":7},"end":{"line":60,"column":1}},"loc":{"start":{"line":55,"column":7},"end":{"line":60,"column":1}},"line":55},"5":{"name":"buildUrl","decl":{"start":{"line":62,"column":0},"end":{"line":72,"column":1}},"loc":{"start":{"line":62,"column":0},"end":{"line":72,"column":1}},"line":62},"6":{"name":"redirectToSignIn","decl":{"start":{"line":81,"column":0},"end":{"line":87,"column":1}},"loc":{"start":{"line":81,"column":0},"end":{"line":87,"column":1}},"line":81},"7":{"name":"isAuthExpiredError","decl":{"start":{"line":89,"column":0},"end":{"line":96,"column":1}},"loc":{"start":{"line":89,"column":0},"end":{"line":96,"column":1}},"line":89},"8":{"name":"api","decl":{"start":{"line":98,"column":0},"end":{"line":137,"column":1}},"loc":{"start":{"line":98,"column":0},"end":{"line":137,"column":1}},"line":98},"9":{"name":"apiGet","decl":{"start":{"line":139,"column":22},"end":{"line":139,"column":108}},"loc":{"start":{"line":139,"column":22},"end":{"line":139,"column":108}},"line":139},"10":{"name":"apiPost","decl":{"start":{"line":140,"column":23},"end":{"line":140,"column":99}},"loc":{"start":{"line":140,"column":23},"end":{"line":140,"column":99}},"line":140},"11":{"name":"apiDelete","decl":{"start":{"line":141,"column":25},"end":{"line":141,"column":81}},"loc":{"start":{"line":141,"column":25},"end":{"line":141,"column":81}},"line":141},"12":{"name":"apiRaw","decl":{"start":{"line":149,"column":0},"end":{"line":184,"column":1}},"loc":{"start":{"line":149,"column":0},"end":{"line":184,"column":1}},"line":149}},"f":{"0":4,"1":4,"2":9,"3":38,"4":42,"5":38,"6":1,"7":1,"8":38,"9":36,"10":1,"11":0,"12":0}}
,"/home/dev/kube-coder/charts/workspace/web/src/api/desktop.ts": {"path":"/home/dev/kube-coder/charts/workspace/web/src/api/desktop.ts","all":false,"statementMap":{"0":{"start":{"line":1,"column":0},"end":{"line":1,"column":59}},"38":{"start":{"line":39,"column":0},"end":{"line":39,"column":82}},"40":{"start":{"line":41,"column":0},"end":{"line":41,"column":61}},"41":{"start":{"line":42,"column":0},"end":{"line":42,"column":46}},"43":{"start":{"line":44,"column":0},"end":{"line":44,"column":73}},"44":{"start":{"line":45,"column":0},"end":{"line":45,"column":74}},"46":{"start":{"line":47,"column":0},"end":{"line":47,"column":48}},"47":{"start":{"line":48,"column":0},"end":{"line":48,"column":48}},"49":{"start":{"line":50,"column":0},"end":{"line":50,"column":55}},"50":{"start":{"line":51,"column":0},"end":{"line":51,"column":84}},"57":{"start":{"line":58,"column":0},"end":{"line":58,"column":48}},"58":{"start":{"line":59,"column":0},"end":{"line":59,"column":57}}},"s":{"0":1,"38":1,"40":1,"41":0,"43":1,"44":0,"46":1,"47":0,"49":1,"50":0,"57":1,"58":0},"branchMap":{},"b":{},"fnMap":{"0":{"name":"listDesktop","decl":{"start":{"line":39,"column":27},"end":{"line":39,"column":82}},"loc":{"start":{"line":39,"column":27},"end":{"line":39,"column":82}},"line":39},"1":{"name":"createDesktopItem","decl":{"start":{"line":41,"column":33},"end":{"line":42,"column":46}},"loc":{"start":{"line":41,"column":33},"end":{"line":42,"column":46}},"line":41},"2":{"name":"updateDesktopItem","decl":{"start":{"line":44,"column":33},"end":{"line":45,"column":74}},"loc":{"start":{"line":44,"column":33},"end":{"line":45,"column":74}},"line":44},"3":{"name":"deleteDesktopItem","decl":{"start":{"line":47,"column":33},"end":{"line":48,"column":48}},"loc":{"start":{"line":47,"column":33},"end":{"line":48,"column":48}},"line":47},"4":{"name":"reorderDesktop","decl":{"start":{"line":50,"column":30},"end":{"line":51,"column":84}},"loc":{"start":{"line":50,"column":30},"end":{"line":51,"column":84}},"line":50},"5":{"name":"launchDesktopItem","decl":{"start":{"line":58,"column":33},"end":{"line":59,"column":57}},"loc":{"start":{"line":58,"column":33},"end":{"line":59,"column":57}},"line":58}},"f":{"0":0,"1":0,"2":0,"3":0,"4":0,"5":0}}
,"/home/dev/kube-coder/charts/workspace/web/src/api/docs.ts": {"path":"/home/dev/kube-coder/charts/workspace/web/src/api/docs.ts","all":false,"statementMap":{"0":{"start":{"line":1,"column":0},"end":{"line":1,"column":34}},"31":{"start":{"line":32,"column":0},"end":{"line":32,"column":64}},"32":{"start":{"line":33,"column":0},"end":{"line":33,"column":99}}},"s":{"0":1,"31":1,"32":1},"branchMap":{"0":{"type":"branch","line":32,"loc":{"start":{"line":32,"column":24},"end":{"line":32,"column":64}},"locations":[{"start":{"line":32,"column":24},"end":{"line":32,"column":64}}]},"1":{"type":"branch","line":33,"loc":{"start":{"line":33,"column":27},"end":{"line":33,"column":99}},"locations":[{"start":{"line":33,"column":27},"end":{"line":33,"column":99}}]}},"b":{"0":[5],"1":[2]},"fnMap":{"0":{"name":"listDocs","decl":{"start":{"line":32,"column":24},"end":{"line":32,"column":64}},"loc":{"start":{"line":32,"column":24},"end":{"line":32,"column":64}},"line":32},"1":{"name":"getDocsPage","decl":{"start":{"line":33,"column":27},"end":{"line":33,"column":99}},"loc":{"start":{"line":33,"column":27},"end":{"line":33,"column":99}},"line":33}},"f":{"0":5,"1":2}}
,"/home/dev/kube-coder/charts/workspace/web/src/api/files.ts": {"path":"/home/dev/kube-coder/charts/workspace/web/src/api/files.ts","all":false,"statementMap":{"0":{"start":{"line":1,"column":0},"end":{"line":1,"column":51}},"13":{"start":{"line":14,"column":0},"end":{"line":14,"column":89}},"15":{"start":{"line":16,"column":0},"end":{"line":16,"column":79}},"24":{"start":{"line":25,"column":0},"end":{"line":25,"column":37}},"25":{"start":{"line":26,"column":0},"end":{"line":26,"column":19}},"26":{"start":{"line":27,"column":0},"end":{"line":27,"column":14}},"27":{"start":{"line":28,"column":0},"end":{"line":28,"column":50}},"28":{"start":{"line":29,"column":0},"end":{"line":29,"column":50}},"29":{"start":{"line":30,"column":0},"end":{"line":30,"column":62}},"30":{"start":{"line":31,"column":0},"end":{"line":31,"column":6}},"31":{"start":{"line":32,"column":0},"end":{"line":32,"column":15}},"32":{"start":{"line":33,"column":0},"end":{"line":33,"column":5}},"33":{"start":{"line":34,"column":0},"end":{"line":34,"column":1}},"35":{"start":{"line":36,"column":0},"end":{"line":36,"column":66}},"36":{"start":{"line":37,"column":0},"end":{"line":37,"column":46}},"37":{"start":{"line":38,"column":0},"end":{"line":38,"column":1}}},"s":{"0":1,"13":1,"15":0,"24":0,"25":0,"26":0,"27":0,"28":0,"29":0,"30":0,"31":0,"32":0,"33":0,"35":0,"36":0,"37":0},"branchMap":{},"b":{},"fnMap":{"0":{"name":"listFiles","decl":{"start":{"line":14,"column":25},"end":{"line":14,"column":89}},"loc":{"start":{"line":14,"column":25},"end":{"line":14,"column":89}},"line":14},"1":{"name":"uploadFile","decl":{"start":{"line":16,"column":0},"end":{"line":34,"column":1}},"loc":{"start":{"line":16,"column":0},"end":{"line":34,"column":1}},"line":16},"2":{"name":"makeDirectory","decl":{"start":{"line":36,"column":0},"end":{"line":38,"column":1}},"loc":{"start":{"line":36,"column":0},"end":{"line":38,"column":1}},"line":36}},"f":{"0":0,"1":0,"2":0}}
,"/home/dev/kube-coder/charts/workspace/web/src/api/github.ts": {"path":"/home/dev/kube-coder/charts/workspace/web/src/api/github.ts","all":false,"statementMap":{"0":{"start":{"line":1,"column":0},"end":{"line":1,"column":43}},"11":{"start":{"line":12,"column":0},"end":{"line":12,"column":77}},"13":{"start":{"line":14,"column":0},"end":{"line":14,"column":48}},"14":{"start":{"line":15,"column":0},"end":{"line":15,"column":73}},"16":{"start":{"line":17,"column":0},"end":{"line":17,"column":60}},"17":{"start":{"line":18,"column":0},"end":{"line":18,"column":63}}},"s":{"0":1,"11":1,"13":1,"14":0,"16":1,"17":0},"branchMap":{"0":{"type":"branch","line":12,"loc":{"start":{"line":12,"column":28},"end":{"line":12,"column":77}},"locations":[{"start":{"line":12,"column":28},"end":{"line":12,"column":77}}]}},"b":{"0":[3]},"fnMap":{"0":{"name":"githubStatus","decl":{"start":{"line":12,"column":28},"end":{"line":12,"column":77}},"loc":{"start":{"line":12,"column":28},"end":{"line":12,"column":77}},"line":12},"1":{"name":"generateSshKey","decl":{"start":{"line":14,"column":30},"end":{"line":15,"column":73}},"loc":{"start":{"line":14,"column":30},"end":{"line":15,"column":73}},"line":14},"2":{"name":"setGitConfig","decl":{"start":{"line":17,"column":28},"end":{"line":18,"column":63}},"loc":{"start":{"line":17,"column":28},"end":{"line":18,"column":63}},"line":17}},"f":{"0":3,"1":0,"2":0}}
,"/home/dev/kube-coder/charts/workspace/web/src/api/memory.ts": {"path":"/home/dev/kube-coder/charts/workspace/web/src/api/memory.ts","all":false,"statementMap":{"0":{"start":{"line":1,"column":0},"end":{"line":1,"column":54}},"42":{"start":{"line":43,"column":0},"end":{"line":43,"column":56}},"43":{"start":{"line":44,"column":0},"end":{"line":44,"column":87}},"44":{"start":{"line":45,"column":0},"end":{"line":45,"column":75}},"46":{"start":{"line":47,"column":0},"end":{"line":47,"column":53}},"50":{"start":{"line":51,"column":0},"end":{"line":51,"column":102}},"51":{"start":{"line":52,"column":0},"end":{"line":52,"column":47}},"53":{"start":{"line":54,"column":0},"end":{"line":54,"column":60}},"54":{"start":{"line":55,"column":0},"end":{"line":55,"column":39}},"55":{"start":{"line":56,"column":0},"end":{"line":56,"column":79}},"56":{"start":{"line":57,"column":0},"end":{"line":57,"column":68}},"58":{"start":{"line":59,"column":0},"end":{"line":59,"column":73}},"59":{"start":{"line":60,"column":0},"end":{"line":60,"column":111}},"60":{"start":{"line":61,"column":0},"end":{"line":61,"column":81}},"61":{"start":{"line":62,"column":0},"end":{"line":62,"column":14}},"62":{"start":{"line":63,"column":0},"end":{"line":63,"column":18}},"63":{"start":{"line":64,"column":0},"end":{"line":64,"column":43}},"64":{"start":{"line":65,"column":0},"end":{"line":65,"column":30}},"65":{"start":{"line":66,"column":0},"end":{"line":66,"column":6}},"77":{"start":{"line":78,"column":0},"end":{"line":78,"column":57}},"78":{"start":{"line":79,"column":0},"end":{"line":79,"column":71}},"80":{"start":{"line":81,"column":0},"end":{"line":81,"column":56}},"81":{"start":{"line":82,"column":0},"end":{"line":82,"column":94}},"90":{"start":{"line":91,"column":0},"end":{"line":91,"column":74}}},"s":{"0":1,"42":1,"43":0,"44":0,"46":1,"50":0,"51":0,"53":1,"54":0,"55":0,"56":0,"58":1,"59":0,"60":0,"61":0,"62":0,"63":0,"64":0,"65":0,"77":1,"78":0,"80":1,"81":0,"90":1},"branchMap":{},"b":{},"fnMap":{"0":{"name":"listMemories","decl":{"start":{"line":43,"column":28},"end":{"line":45,"column":75}},"loc":{"start":{"line":43,"column":28},"end":{"line":45,"column":75}},"line":43},"1":{"name":"getMemory","decl":{"start":{"line":47,"column":25},"end":{"line":52,"column":47}},"loc":{"start":{"line":47,"column":25},"end":{"line":52,"column":47}},"line":47},"2":{"name":"getMemoryHistory","decl":{"start":{"line":54,"column":32},"end":{"line":57,"column":68}},"loc":{"start":{"line":54,"column":32},"end":{"line":57,"column":68}},"line":54},"3":{"name":"getMemoryNeighbors","decl":{"start":{"line":59,"column":34},"end":{"line":66,"column":6}},"loc":{"start":{"line":59,"column":34},"end":{"line":66,"column":6}},"line":59},"4":{"name":"upsertMemory","decl":{"start":{"line":78,"column":28},"end":{"line":79,"column":71}},"loc":{"start":{"line":78,"column":28},"end":{"line":79,"column":71}},"line":78},"5":{"name":"deleteMemory","decl":{"start":{"line":81,"column":28},"end":{"line":82,"column":94}},"loc":{"start":{"line":81,"column":28},"end":{"line":82,"column":94}},"line":81},"6":{"name":"memoryStats","decl":{"start":{"line":91,"column":27},"end":{"line":91,"column":74}},"loc":{"start":{"line":91,"column":27},"end":{"line":91,"column":74}},"line":91}},"f":{"0":0,"1":0,"2":0,"3":0,"4":0,"5":0,"6":0}}
,"/home/dev/kube-coder/charts/workspace/web/src/api/metrics.ts": {"path":"/home/dev/kube-coder/charts/workspace/web/src/api/metrics.ts","all":false,"statementMap":{"55":{"start":{"line":56,"column":0},"end":{"line":56,"column":53}},"56":{"start":{"line":57,"column":0},"end":{"line":57,"column":77}},"57":{"start":{"line":58,"column":0},"end":{"line":58,"column":66}},"58":{"start":{"line":59,"column":0},"end":{"line":59,"column":33}},"59":{"start":{"line":60,"column":0},"end":{"line":60,"column":1}},"61":{"start":{"line":62,"column":0},"end":{"line":62,"column":75}},"62":{"start":{"line":63,"column":0},"end":{"line":63,"column":74}}},"s":{"55":2,"56":2,"57":0,"58":0,"59":0,"61":1,"62":1},"branchMap":{"0":{"type":"branch","line":56,"loc":{"start":{"line":56,"column":0},"end":{"line":60,"column":1}},"locations":[{"start":{"line":56,"column":0},"end":{"line":60,"column":1}}]},"1":{"type":"branch","line":57,"loc":{"start":{"line":57,"column":75},"end":{"line":60,"column":1}},"locations":[{"start":{"line":57,"column":75},"end":{"line":60,"column":1}}]},"2":{"type":"branch","line":62,"loc":{"start":{"line":62,"column":28},"end":{"line":62,"column":75}},"locations":[{"start":{"line":62,"column":28},"end":{"line":62,"column":75}}]},"3":{"type":"branch","line":63,"loc":{"start":{"line":63,"column":27},"end":{"line":63,"column":74}},"locations":[{"start":{"line":63,"column":27},"end":{"line":63,"column":74}}]}},"b":{"0":[2],"1":[0],"2":[1],"3":[1]},"fnMap":{"0":{"name":"getJson","decl":{"start":{"line":56,"column":0},"end":{"line":60,"column":1}},"loc":{"start":{"line":56,"column":0},"end":{"line":60,"column":1}},"line":56},"1":{"name":"fetchMetrics","decl":{"start":{"line":62,"column":28},"end":{"line":62,"column":75}},"loc":{"start":{"line":62,"column":28},"end":{"line":62,"column":75}},"line":62},"2":{"name":"fetchHealth","decl":{"start":{"line":63,"column":27},"end":{"line":63,"column":74}},"loc":{"start":{"line":63,"column":27},"end":{"line":63,"column":74}},"line":63}},"f":{"0":2,"1":1,"2":1}}
,"/home/dev/kube-coder/charts/workspace/web/src/api/shape.ts": {"path":"/home/dev/kube-coder/charts/workspace/web/src/api/shape.ts","all":false,"statementMap":{"23":{"start":{"line":24,"column":0},"end":{"line":24,"column":62}},"24":{"start":{"line":25,"column":0},"end":{"line":25,"column":35}},"25":{"start":{"line":26,"column":0},"end":{"line":26,"column":1}},"26":{"start":{"line":27,"column":0},"end":{"line":27,"column":66}},"27":{"start":{"line":28,"column":0},"end":{"line":28,"column":40}},"28":{"start":{"line":29,"column":0},"end":{"line":29,"column":1}},"40":{"start":{"line":41,"column":0},"end":{"line":41,"column":64}},"41":{"start":{"line":42,"column":0},"end":{"line":42,"column":83}},"42":{"start":{"line":43,"column":0},"end":{"line":43,"column":10}},"43":{"start":{"line":44,"column":0},"end":{"line":44,"column":45}},"44":{"start":{"line":45,"column":0},"end":{"line":45,"column":61}},"45":{"start":{"line":46,"column":0},"end":{"line":46,"column":49}},"46":{"start":{"line":47,"column":0},"end":{"line":47,"column":53}},"47":{"start":{"line":48,"column":0},"end":{"line":48,"column":65}},"48":{"start":{"line":49,"column":0},"end":{"line":49,"column":51}},"49":{"start":{"line":50,"column":0},"end":{"line":50,"column":62}},"50":{"start":{"line":51,"column":0},"end":{"line":51,"column":76}},"51":{"start":{"line":52,"column":0},"end":{"line":52,"column":68}},"52":{"start":{"line":53,"column":0},"end":{"line":53,"column":59}},"53":{"start":{"line":54,"column":0},"end":{"line":54,"column":68}},"54":{"start":{"line":55,"column":0},"end":{"line":55,"column":76}},"55":{"start":{"line":56,"column":0},"end":{"line":56,"column":89}},"56":{"start":{"line":57,"column":0},"end":{"line":57,"column":82}},"57":{"start":{"line":58,"column":0},"end":{"line":58,"column":67}},"58":{"start":{"line":59,"column":0},"end":{"line":59,"column":71}},"59":{"start":{"line":60,"column":0},"end":{"line":60,"column":71}},"60":{"start":{"line":61,"column":0},"end":{"line":61,"column":20}},"61":{"start":{"line":62,"column":0},"end":{"line":62,"column":1}},"63":{"start":{"line":64,"column":0},"end":{"line":64,"column":70}},"64":{"start":{"line":65,"column":0},"end":{"line":65,"column":44}},"65":{"start":{"line":66,"column":0},"end":{"line":66,"column":37}},"66":{"start":{"line":67,"column":0},"end":{"line":67,"column":1}},"68":{"start":{"line":69,"column":0},"end":{"line":69,"column":62}},"69":{"start":{"line":70,"column":0},"end":{"line":70,"column":83}},"70":{"start":{"line":71,"column":0},"end":{"line":71,"column":10}},"71":{"start":{"line":72,"column":0},"end":{"line":72,"column":57}},"72":{"start":{"line":73,"column":0},"end":{"line":73,"column":53}},"73":{"start":{"line":74,"column":0},"end":{"line":74,"column":55}},"74":{"start":{"line":75,"column":0},"end":{"line":75,"column":61}},"75":{"start":{"line":76,"column":0},"end":{"line":76,"column":71}},"76":{"start":{"line":77,"column":0},"end":{"line":77,"column":74}},"77":{"start":{"line":78,"column":0},"end":{"line":78,"column":59}},"78":{"start":{"line":79,"column":0},"end":{"line":79,"column":63}},"79":{"start":{"line":80,"column":0},"end":{"line":80,"column":83}},"80":{"start":{"line":81,"column":0},"end":{"line":81,"column":84}},"81":{"start":{"line":82,"column":0},"end":{"line":82,"column":68}},"82":{"start":{"line":83,"column":0},"end":{"line":83,"column":52}},"83":{"start":{"line":84,"column":0},"end":{"line":84,"column":97}},"84":{"start":{"line":85,"column":0},"end":{"line":85,"column":89}},"85":{"start":{"line":86,"column":0},"end":{"line":86,"column":4}},"86":{"start":{"line":87,"column":0},"end":{"line":87,"column":1}},"88":{"start":{"line":89,"column":0},"end":{"line":89,"column":60}},"89":{"start":{"line":90,"column":0},"end":{"line":90,"column":38}},"90":{"start":{"line":91,"column":0},"end":{"line":91,"column":83}},"95":{"start":{"line":96,"column":0},"end":{"line":96,"column":10}},"96":{"start":{"line":97,"column":0},"end":{"line":97,"column":9}},"97":{"start":{"line":98,"column":0},"end":{"line":98,"column":12}},"98":{"start":{"line":99,"column":0},"end":{"line":99,"column":67}},"99":{"start":{"line":100,"column":0},"end":{"line":100,"column":76}},"100":{"start":{"line":101,"column":0},"end":{"line":101,"column":82}},"101":{"start":{"line":102,"column":0},"end":{"line":102,"column":73}},"102":{"start":{"line":103,"column":0},"end":{"line":103,"column":85}},"103":{"start":{"line":104,"column":0},"end":{"line":104,"column":4}},"104":{"start":{"line":105,"column":0},"end":{"line":105,"column":1}}},"s":{"23":1,"24":34,"25":34,"26":1,"27":76,"28":76,"40":1,"41":2,"42":2,"43":2,"44":2,"45":2,"46":2,"47":2,"48":2,"49":2,"50":2,"51":2,"52":2,"53":2,"54":2,"55":2,"56":2,"57":2,"58":2,"59":2,"60":2,"61":2,"63":1,"64":0,"65":0,"66":0,"68":1,"69":21,"70":21,"71":21,"72":21,"73":21,"74":21,"75":21,"76":21,"77":21,"78":21,"79":21,"80":21,"81":21,"82":21,"83":21,"84":21,"85":21,"86":21,"88":1,"89":3,"90":3,"95":3,"96":3,"97":3,"98":3,"99":3,"100":3,"101":3,"102":3,"103":3,"104":3},"branchMap":{"0":{"type":"branch","line":24,"loc":{"start":{"line":24,"column":7},"end":{"line":26,"column":1}},"locations":[{"start":{"line":24,"column":7},"end":{"line":26,"column":1}}]},"1":{"type":"branch","line":25,"loc":{"start":{"line":25,"column":24},"end":{"line":25,"column":32}},"locations":[{"start":{"line":25,"column":24},"end":{"line":25,"column":32}}]},"2":{"type":"branch","line":25,"loc":{"start":{"line":25,"column":28},"end":{"line":25,"column":35}},"locations":[{"start":{"line":25,"column":28},"end":{"line":25,"column":35}}]},"3":{"type":"branch","line":27,"loc":{"start":{"line":27,"column":7},"end":{"line":29,"column":1}},"locations":[{"start":{"line":27,"column":7},"end":{"line":29,"column":1}}]},"4":{"type":"branch","line":28,"loc":{"start":{"line":28,"column":22},"end":{"line":28,"column":37}},"locations":[{"start":{"line":28,"column":22},"end":{"line":28,"column":37}}]},"5":{"type":"branch","line":28,"loc":{"start":{"line":28,"column":33},"end":{"line":28,"column":40}},"locations":[{"start":{"line":28,"column":33},"end":{"line":28,"column":40}}]},"6":{"type":"branch","line":41,"loc":{"start":{"line":41,"column":7},"end":{"line":62,"column":1}},"locations":[{"start":{"line":41,"column":7},"end":{"line":62,"column":1}}]},"7":{"type":"branch","line":42,"loc":{"start":{"line":42,"column":47},"end":{"line":42,"column":83}},"locations":[{"start":{"line":42,"column":47},"end":{"line":42,"column":83}}]},"8":{"type":"branch","line":44,"loc":{"start":{"line":44,"column":24},"end":{"line":44,"column":42}},"locations":[{"start":{"line":44,"column":24},"end":{"line":44,"column":42}}]},"9":{"type":"branch","line":51,"loc":{"start":{"line":51,"column":40},"end":{"line":51,"column":66}},"locations":[{"start":{"line":51,"column":40},"end":{"line":51,"column":66}}]},"10":{"type":"branch","line":52,"loc":{"start":{"line":52,"column":40},"end":{"line":52,"column":66}},"locations":[{"start":{"line":52,"column":40},"end":{"line":52,"column":66}}]},"11":{"type":"branch","line":53,"loc":{"start":{"line":53,"column":32},"end":{"line":53,"column":54}},"locations":[{"start":{"line":53,"column":32},"end":{"line":53,"column":54}}]},"12":{"type":"branch","line":54,"loc":{"start":{"line":54,"column":40},"end":{"line":54,"column":66}},"locations":[{"start":{"line":54,"column":40},"end":{"line":54,"column":66}}]},"13":{"type":"branch","line":55,"loc":{"start":{"line":55,"column":40},"end":{"line":55,"column":66}},"locations":[{"start":{"line":55,"column":40},"end":{"line":55,"column":66}}]},"14":{"type":"branch","line":56,"loc":{"start":{"line":56,"column":52},"end":{"line":56,"column":84}},"locations":[{"start":{"line":56,"column":52},"end":{"line":56,"column":84}}]},"15":{"type":"branch","line":57,"loc":{"start":{"line":57,"column":44},"end":{"line":57,"column":72}},"locations":[{"start":{"line":57,"column":44},"end":{"line":57,"column":72}}]},"16":{"type":"branch","line":58,"loc":{"start":{"line":58,"column":34},"end":{"line":58,"column":57}},"locations":[{"start":{"line":58,"column":34},"end":{"line":58,"column":57}}]},"17":{"type":"branch","line":59,"loc":{"start":{"line":59,"column":40},"end":{"line":59,"column":66}},"locations":[{"start":{"line":59,"column":40},"end":{"line":59,"column":66}}]},"18":{"type":"branch","line":60,"loc":{"start":{"line":60,"column":40},"end":{"line":60,"column":66}},"locations":[{"start":{"line":60,"column":40},"end":{"line":60,"column":66}}]},"19":{"type":"branch","line":69,"loc":{"start":{"line":69,"column":7},"end":{"line":87,"column":1}},"locations":[{"start":{"line":69,"column":7},"end":{"line":87,"column":1}}]},"20":{"type":"branch","line":70,"loc":{"start":{"line":70,"column":47},"end":{"line":70,"column":83}},"locations":[{"start":{"line":70,"column":47},"end":{"line":70,"column":83}}]},"21":{"type":"branch","line":73,"loc":{"start":{"line":73,"column":28},"end":{"line":73,"column":48}},"locations":[{"start":{"line":73,"column":28},"end":{"line":73,"column":48}}]},"22":{"type":"branch","line":73,"loc":{"start":{"line":73,"column":41},"end":{"line":73,"column":53}},"locations":[{"start":{"line":73,"column":41},"end":{"line":73,"column":53}}]},"23":{"type":"branch","line":75,"loc":{"start":{"line":75,"column":15},"end":{"line":75,"column":61}},"locations":[{"start":{"line":75,"column":15},"end":{"line":75,"column":61}}]},"24":{"type":"branch","line":76,"loc":{"start":{"line":76,"column":40},"end":{"line":76,"column":66}},"locations":[{"start":{"line":76,"column":40},"end":{"line":76,"column":66}}]},"25":{"type":"branch","line":76,"loc":{"start":{"line":76,"column":53},"end":{"line":76,"column":71}},"locations":[{"start":{"line":76,"column":53},"end":{"line":76,"column":71}}]},"26":{"type":"branch","line":77,"loc":{"start":{"line":77,"column":42},"end":{"line":77,"column":69}},"locations":[{"start":{"line":77,"column":42},"end":{"line":77,"column":69}}]},"27":{"type":"branch","line":77,"loc":{"start":{"line":77,"column":55},"end":{"line":77,"column":74}},"locations":[{"start":{"line":77,"column":55},"end":{"line":77,"column":74}}]},"28":{"type":"branch","line":78,"loc":{"start":{"line":78,"column":32},"end":{"line":78,"column":54}},"locations":[{"start":{"line":78,"column":32},"end":{"line":78,"column":54}}]},"29":{"type":"branch","line":78,"loc":{"start":{"line":78,"column":45},"end":{"line":78,"column":59}},"locations":[{"start":{"line":78,"column":45},"end":{"line":78,"column":59}}]},"30":{"type":"branch","line":79,"loc":{"start":{"line":79,"column":49},"end":{"line":79,"column":63}},"locations":[{"start":{"line":79,"column":49},"end":{"line":79,"column":63}}]},"31":{"type":"branch","line":80,"loc":{"start":{"line":80,"column":48},"end":{"line":80,"column":78}},"locations":[{"start":{"line":80,"column":48},"end":{"line":80,"column":78}}]},"32":{"type":"branch","line":84,"loc":{"start":{"line":84,"column":54},"end":{"line":84,"column":87}},"locations":[{"start":{"line":84,"column":54},"end":{"line":84,"column":87}}]},"33":{"type":"branch","line":85,"loc":{"start":{"line":85,"column":52},"end":{"line":85,"column":84}},"locations":[{"start":{"line":85,"column":52},"end":{"line":85,"column":84}}]},"34":{"type":"branch","line":89,"loc":{"start":{"line":89,"column":7},"end":{"line":105,"column":1}},"locations":[{"start":{"line":89,"column":7},"end":{"line":105,"column":1}}]},"35":{"type":"branch","line":91,"loc":{"start":{"line":91,"column":47},"end":{"line":91,"column":83}},"locations":[{"start":{"line":91,"column":47},"end":{"line":91,"column":83}}]},"36":{"type":"branch","line":99,"loc":{"start":{"line":99,"column":34},"end":{"line":99,"column":57}},"locations":[{"start":{"line":99,"column":34},"end":{"line":99,"column":57}}]},"37":{"type":"branch","line":99,"loc":{"start":{"line":99,"column":47},"end":{"line":99,"column":67}},"locations":[{"start":{"line":99,"column":47},"end":{"line":99,"column":67}}]},"38":{"type":"branch","line":100,"loc":{"start":{"line":100,"column":40},"end":{"line":100,"column":66}},"locations":[{"start":{"line":100,"column":40},"end":{"line":100,"column":66}}]},"39":{"type":"branch","line":100,"loc":{"start":{"line":100,"column":53},"end":{"line":100,"column":76}},"locations":[{"start":{"line":100,"column":53},"end":{"line":100,"column":76}}]},"40":{"type":"branch","line":101,"loc":{"start":{"line":101,"column":44},"end":{"line":101,"column":72}},"locations":[{"start":{"line":101,"column":44},"end":{"line":101,"column":72}}]},"41":{"type":"branch","line":102,"loc":{"start":{"line":102,"column":38},"end":{"line":102,"column":63}},"locations":[{"start":{"line":102,"column":38},"end":{"line":102,"column":63}}]},"42":{"type":"branch","line":102,"loc":{"start":{"line":102,"column":51},"end":{"line":102,"column":73}},"locations":[{"start":{"line":102,"column":51},"end":{"line":102,"column":73}}]},"43":{"type":"branch","line":103,"loc":{"start":{"line":103,"column":46},"end":{"line":103,"column":75}},"locations":[{"start":{"line":103,"column":46},"end":{"line":103,"column":75}}]}},"b":{"0":[34],"1":[27],"2":[7],"3":[76],"4":[54],"5":[22],"6":[2],"7":[0],"8":[0],"9":[0],"10":[0],"11":[0],"12":[0],"13":[0],"14":[0],"15":[0],"16":[0],"17":[0],"18":[0],"19":[21],"20":[0],"21":[8],"22":[13],"23":[2],"24":[17],"25":[4],"26":[2],"27":[19],"28":[8],"29":[13],"30":[4],"31":[0],"32":[0],"33":[0],"34":[3],"35":[0],"36":[2],"37":[1],"38":[1],"39":[2],"40":[0],"41":[1],"42":[2],"43":[0]},"fnMap":{"0":{"name":"safeArray","decl":{"start":{"line":24,"column":7},"end":{"line":26,"column":1}},"loc":{"start":{"line":24,"column":7},"end":{"line":26,"column":1}},"line":24},"1":{"name":"safeString","decl":{"start":{"line":27,"column":7},"end":{"line":29,"column":1}},"loc":{"start":{"line":27,"column":7},"end":{"line":29,"column":1}},"line":27},"2":{"name":"coerceMemoryRecord","decl":{"start":{"line":41,"column":7},"end":{"line":62,"column":1}},"loc":{"start":{"line":41,"column":7},"end":{"line":62,"column":1}},"line":41},"3":{"name":"coerceMemoryRecordList","decl":{"start":{"line":64,"column":7},"end":{"line":67,"column":1}},"loc":{"start":{"line":64,"column":7},"end":{"line":67,"column":1}},"line":64},"4":{"name":"coerceTaskSummary","decl":{"start":{"line":69,"column":7},"end":{"line":87,"column":1}},"loc":{"start":{"line":69,"column":7},"end":{"line":87,"column":1}},"line":69},"5":{"name":"coerceTaskDetail","decl":{"start":{"line":89,"column":7},"end":{"line":105,"column":1}},"loc":{"start":{"line":89,"column":7},"end":{"line":105,"column":1}},"line":89}},"f":{"0":34,"1":76,"2":2,"3":0,"4":21,"5":3}}
,"/home/dev/kube-coder/charts/workspace/web/src/api/subagents.ts": {"path":"/home/dev/kube-coder/charts/workspace/web/src/api/subagents.ts","all":false,"statementMap":{"0":{"start":{"line":1,"column":0},"end":{"line":1,"column":34}},"33":{"start":{"line":34,"column":0},"end":{"line":34,"column":85}},"34":{"start":{"line":35,"column":0},"end":{"line":35,"column":69}},"35":{"start":{"line":36,"column":0},"end":{"line":36,"column":61}},"36":{"start":{"line":37,"column":0},"end":{"line":37,"column":2}}},"s":{"0":1,"33":1,"34":0,"35":0,"36":0},"branchMap":{},"b":{},"fnMap":{"0":{"name":"listSubagents","decl":{"start":{"line":34,"column":29},"end":{"line":37,"column":2}},"loc":{"start":{"line":34,"column":29},"end":{"line":37,"column":2}},"line":34}},"f":{"0":0}}
,"/home/dev/kube-coder/charts/workspace/web/src/api/system.ts": {"path":"/home/dev/kube-coder/charts/workspace/web/src/api/system.ts","all":false,"statementMap":{"0":{"start":{"line":1,"column":0},"end":{"line":1,"column":34}},"10":{"start":{"line":11,"column":0},"end":{"line":11,"column":57}},"22":{"start":{"line":23,"column":0},"end":{"line":23,"column":61}}},"s":{"0":1,"10":1,"22":1},"branchMap":{"0":{"type":"branch","line":11,"loc":{"start":{"line":11,"column":25},"end":{"line":11,"column":57}},"locations":[{"start":{"line":11,"column":25},"end":{"line":11,"column":57}}]},"1":{"type":"branch","line":23,"loc":{"start":{"line":23,"column":23},"end":{"line":23,"column":61}},"locations":[{"start":{"line":23,"column":23},"end":{"line":23,"column":61}}]}},"b":{"0":[3],"1":[3]},"fnMap":{"0":{"name":"getHealth","decl":{"start":{"line":11,"column":25},"end":{"line":11,"column":57}},"loc":{"start":{"line":11,"column":25},"end":{"line":11,"column":57}},"line":11},"1":{"name":"getMode","decl":{"start":{"line":23,"column":23},"end":{"line":23,"column":61}},"loc":{"start":{"line":23,"column":23},"end":{"line":23,"column":61}},"line":23}},"f":{"0":3,"1":3}}
,"/home/dev/kube-coder/charts/workspace/web/src/api/tasks.ts": {"path":"/home/dev/kube-coder/charts/workspace/web/src/api/tasks.ts","all":false,"statementMap":{"0":{"start":{"line":1,"column":0},"end":{"line":1,"column":54}},"37":{"start":{"line":38,"column":0},"end":{"line":38,"column":43}},"40":{"start":{"line":41,"column":0},"end":{"line":41,"column":60}},"41":{"start":{"line":42,"column":0},"end":{"line":42,"column":58}},"42":{"start":{"line":43,"column":0},"end":{"line":43,"column":73}},"43":{"start":{"line":44,"column":0},"end":{"line":44,"column":1}},"46":{"start":{"line":47,"column":0},"end":{"line":47,"column":57}},"47":{"start":{"line":48,"column":0},"end":{"line":48,"column":53}},"48":{"start":{"line":49,"column":0},"end":{"line":49,"column":27}},"49":{"start":{"line":50,"column":0},"end":{"line":50,"column":48}},"50":{"start":{"line":51,"column":0},"end":{"line":51,"column":1}},"53":{"start":{"line":54,"column":0},"end":{"line":54,"column":51}},"54":{"start":{"line":55,"column":0},"end":{"line":55,"column":27}},"55":{"start":{"line":56,"column":0},"end":{"line":56,"column":28}},"56":{"start":{"line":57,"column":0},"end":{"line":57,"column":29}},"57":{"start":{"line":58,"column":0},"end":{"line":58,"column":48}},"58":{"start":{"line":59,"column":0},"end":{"line":59,"column":51}},"59":{"start":{"line":60,"column":0},"end":{"line":60,"column":37}},"60":{"start":{"line":61,"column":0},"end":{"line":61,"column":1}},"89":{"start":{"line":90,"column":0},"end":{"line":90,"column":30}},"90":{"start":{"line":91,"column":0},"end":{"line":91,"column":99}},"92":{"start":{"line":93,"column":0},"end":{"line":93,"column":38}},"93":{"start":{"line":94,"column":0},"end":{"line":94,"column":71}},"95":{"start":{"line":96,"column":0},"end":{"line":96,"column":59}},"96":{"start":{"line":97,"column":0},"end":{"line":97,"column":92}},"104":{"start":{"line":105,"column":0},"end":{"line":105,"column":102}},"106":{"start":{"line":107,"column":0},"end":{"line":107,"column":58}},"107":{"start":{"line":108,"column":0},"end":{"line":108,"column":69}},"109":{"start":{"line":110,"column":0},"end":{"line":110,"column":55}},"110":{"start":{"line":111,"column":0},"end":{"line":111,"column":66}},"112":{"start":{"line":113,"column":0},"end":{"line":113,"column":91}},"119":{"start":{"line":120,"column":0},"end":{"line":120,"column":46}},"120":{"start":{"line":121,"column":0},"end":{"line":121,"column":95}},"126":{"start":{"line":127,"column":0},"end":{"line":127,"column":70}},"127":{"start":{"line":128,"column":0},"end":{"line":128,"column":48}},"128":{"start":{"line":129,"column":0},"end":{"line":129,"column":42}},"129":{"start":{"line":130,"column":0},"end":{"line":130,"column":15}},"130":{"start":{"line":131,"column":0},"end":{"line":131,"column":4}},"133":{"start":{"line":134,"column":0},"end":{"line":134,"column":68}},"136":{"start":{"line":137,"column":0},"end":{"line":137,"column":27}},"137":{"start":{"line":138,"column":0},"end":{"line":138,"column":92}},"145":{"start":{"line":146,"column":0},"end":{"line":146,"column":62}},"146":{"start":{"line":147,"column":0},"end":{"line":147,"column":83}},"149":{"start":{"line":150,"column":0},"end":{"line":150,"column":39}},"150":{"start":{"line":151,"column":0},"end":{"line":151,"column":70}},"158":{"start":{"line":159,"column":0},"end":{"line":159,"column":39}},"159":{"start":{"line":160,"column":0},"end":{"line":160,"column":56}},"161":{"start":{"line":162,"column":0},"end":{"line":162,"column":130}},"163":{"start":{"line":164,"column":0},"end":{"line":164,"column":111}}},"s":{"0":1,"37":1,"40":1,"41":0,"42":0,"43":0,"46":1,"47":48,"48":0,"49":0,"50":48,"53":1,"54":0,"55":0,"56":0,"57":0,"58":0,"59":0,"60":0,"89":1,"90":9,"92":1,"93":1,"95":1,"96":0,"104":1,"106":1,"107":0,"109":1,"110":0,"112":1,"119":1,"120":0,"126":1,"127":0,"128":0,"129":0,"130":0,"133":1,"136":1,"137":0,"145":1,"146":0,"149":1,"150":0,"158":1,"159":0,"161":1,"163":1},"branchMap":{"0":{"type":"branch","line":47,"loc":{"start":{"line":47,"column":7},"end":{"line":51,"column":1}},"locations":[{"start":{"line":47,"column":7},"end":{"line":51,"column":1}}]},"1":{"type":"branch","line":48,"loc":{"start":{"line":48,"column":47},"end":{"line":50,"column":48}},"locations":[{"start":{"line":48,"column":47},"end":{"line":50,"column":48}}]},"2":{"type":"branch","line":90,"loc":{"start":{"line":90,"column":25},"end":{"line":91,"column":99}},"locations":[{"start":{"line":90,"column":25},"end":{"line":91,"column":99}}]},"3":{"type":"branch","line":91,"loc":{"start":{"line":91,"column":50},"end":{"line":91,"column":97}},"locations":[{"start":{"line":91,"column":50},"end":{"line":91,"column":97}}]},"4":{"type":"branch","line":93,"loc":{"start":{"line":93,"column":23},"end":{"line":94,"column":71}},"locations":[{"start":{"line":93,"column":23},"end":{"line":94,"column":71}}]},"5":{"type":"branch","line":162,"loc":{"start":{"line":162,"column":30},"end":{"line":162,"column":130}},"locations":[{"start":{"line":162,"column":30},"end":{"line":162,"column":130}}]},"6":{"type":"branch","line":164,"loc":{"start":{"line":164,"column":28},"end":{"line":164,"column":111}},"locations":[{"start":{"line":164,"column":28},"end":{"line":164,"column":111}}]}},"b":{"0":[48],"1":[0],"2":[9],"3":[8],"4":[1],"5":[3],"6":[3]},"fnMap":{"0":{"name":"idleSeconds","decl":{"start":{"line":41,"column":7},"end":{"line":44,"column":1}},"loc":{"start":{"line":41,"column":7},"end":{"line":44,"column":1}},"line":41},"1":{"name":"isStaleWaiting","decl":{"start":{"line":47,"column":7},"end":{"line":51,"column":1}},"loc":{"start":{"line":47,"column":7},"end":{"line":51,"column":1}},"line":47},"2":{"name":"idleLabel","decl":{"start":{"line":54,"column":7},"end":{"line":61,"column":1}},"loc":{"start":{"line":54,"column":7},"end":{"line":61,"column":1}},"line":54},"3":{"name":"listTasks","decl":{"start":{"line":90,"column":25},"end":{"line":91,"column":99}},"loc":{"start":{"line":90,"column":25},"end":{"line":91,"column":99}},"line":90},"4":{"name":"getTask","decl":{"start":{"line":93,"column":23},"end":{"line":94,"column":71}},"loc":{"start":{"line":93,"column":23},"end":{"line":94,"column":71}},"line":93},"5":{"name":"getTaskOutput","decl":{"start":{"line":96,"column":29},"end":{"line":97,"column":92}},"loc":{"start":{"line":96,"column":29},"end":{"line":97,"column":92}},"line":96},"6":{"name":"createTask","decl":{"start":{"line":105,"column":26},"end":{"line":105,"column":102}},"loc":{"start":{"line":105,"column":26},"end":{"line":105,"column":102}},"line":105},"7":{"name":"sendMessage","decl":{"start":{"line":107,"column":27},"end":{"line":108,"column":69}},"loc":{"start":{"line":107,"column":27},"end":{"line":108,"column":69}},"line":107},"8":{"name":"renameTask","decl":{"start":{"line":110,"column":26},"end":{"line":111,"column":66}},"loc":{"start":{"line":110,"column":26},"end":{"line":111,"column":66}},"line":110},"9":{"name":"killTask","decl":{"start":{"line":113,"column":24},"end":{"line":113,"column":91}},"loc":{"start":{"line":113,"column":24},"end":{"line":113,"column":91}},"line":113},"10":{"name":"prepareTerminal","decl":{"start":{"line":120,"column":31},"end":{"line":121,"column":95}},"loc":{"start":{"line":120,"column":31},"end":{"line":121,"column":95}},"line":120},"11":{"name":"setScrollMode","decl":{"start":{"line":127,"column":29},"end":{"line":131,"column":4}},"loc":{"start":{"line":127,"column":29},"end":{"line":131,"column":4}},"line":127},"12":{"name":"terminalUrl","decl":{"start":{"line":134,"column":27},"end":{"line":134,"column":68}},"loc":{"start":{"line":134,"column":27},"end":{"line":134,"column":68}},"line":134},"13":{"name":"vncUrl","decl":{"start":{"line":137,"column":22},"end":{"line":138,"column":92}},"loc":{"start":{"line":137,"column":22},"end":{"line":138,"column":92}},"line":137},"14":{"name":"openLocalhostPort","decl":{"start":{"line":146,"column":33},"end":{"line":147,"column":83}},"loc":{"start":{"line":146,"column":33},"end":{"line":147,"column":83}},"line":146},"15":{"name":"launchInPodBrowser","decl":{"start":{"line":150,"column":34},"end":{"line":151,"column":70}},"loc":{"start":{"line":150,"column":34},"end":{"line":151,"column":70}},"line":150},"16":{"name":"createTerminalTask","decl":{"start":{"line":159,"column":34},"end":{"line":160,"column":56}},"loc":{"start":{"line":159,"column":34},"end":{"line":160,"column":56}},"line":159},"17":{"name":"listAssistants","decl":{"start":{"line":162,"column":30},"end":{"line":162,"column":130}},"loc":{"start":{"line":162,"column":30},"end":{"line":162,"column":130}},"line":162},"18":{"name":"listWorkdirs","decl":{"start":{"line":164,"column":28},"end":{"line":164,"column":111}},"loc":{"start":{"line":164,"column":28},"end":{"line":164,"column":111}},"line":164}},"f":{"0":0,"1":48,"2":0,"3":9,"4":1,"5":0,"6":0,"7":0,"8":0,"9":0,"10":0,"11":0,"12":0,"13":0,"14":0,"15":0,"16":0,"17":3,"18":3}}
,"/home/dev/kube-coder/charts/workspace/web/src/api/triggers.ts": {"path":"/home/dev/kube-coder/charts/workspace/web/src/api/triggers.ts","all":false,"statementMap":{"0":{"start":{"line":1,"column":0},"end":{"line":1,"column":54}},"40":{"start":{"line":41,"column":0},"end":{"line":41,"column":58}},"41":{"start":{"line":42,"column":0},"end":{"line":42,"column":38}},"42":{"start":{"line":43,"column":0},"end":{"line":43,"column":110}},"43":{"start":{"line":44,"column":0},"end":{"line":44,"column":95}},"44":{"start":{"line":45,"column":0},"end":{"line":45,"column":5}},"45":{"start":{"line":46,"column":0},"end":{"line":46,"column":33}},"46":{"start":{"line":47,"column":0},"end":{"line":47,"column":32}},"47":{"start":{"line":48,"column":0},"end":{"line":48,"column":19}},"48":{"start":{"line":49,"column":0},"end":{"line":49,"column":22}},"49":{"start":{"line":50,"column":0},"end":{"line":50,"column":15}},"50":{"start":{"line":51,"column":0},"end":{"line":51,"column":17}},"51":{"start":{"line":52,"column":0},"end":{"line":52,"column":32}},"52":{"start":{"line":53,"column":0},"end":{"line":53,"column":25}},"53":{"start":{"line":54,"column":0},"end":{"line":54,"column":31}},"54":{"start":{"line":55,"column":0},"end":{"line":55,"column":7}},"55":{"start":{"line":56,"column":0},"end":{"line":56,"column":3}},"56":{"start":{"line":57,"column":0},"end":{"line":57,"column":29}},"57":{"start":{"line":58,"column":0},"end":{"line":58,"column":19}},"58":{"start":{"line":59,"column":0},"end":{"line":59,"column":19}},"59":{"start":{"line":60,"column":0},"end":{"line":60,"column":15}},"60":{"start":{"line":61,"column":0},"end":{"line":61,"column":17}},"61":{"start":{"line":62,"column":0},"end":{"line":62,"column":27}},"62":{"start":{"line":63,"column":0},"end":{"line":63,"column":32}},"63":{"start":{"line":64,"column":0},"end":{"line":64,"column":25}},"64":{"start":{"line":65,"column":0},"end":{"line":65,"column":27}},"65":{"start":{"line":66,"column":0},"end":{"line":66,"column":29}},"66":{"start":{"line":67,"column":0},"end":{"line":67,"column":31}},"67":{"start":{"line":68,"column":0},"end":{"line":68,"column":7}},"68":{"start":{"line":69,"column":0},"end":{"line":69,"column":3}},"69":{"start":{"line":70,"column":0},"end":{"line":70,"column":69}},"70":{"start":{"line":71,"column":0},"end":{"line":71,"column":18}},"71":{"start":{"line":72,"column":0},"end":{"line":72,"column":1}},"81":{"start":{"line":82,"column":0},"end":{"line":82,"column":53}},"82":{"start":{"line":83,"column":0},"end":{"line":83,"column":43}},"84":{"start":{"line":85,"column":0},"end":{"line":85,"column":90}},"85":{"start":{"line":86,"column":0},"end":{"line":86,"column":97}},"86":{"start":{"line":87,"column":0},"end":{"line":87,"column":95}},"87":{"start":{"line":88,"column":0},"end":{"line":88,"column":86}},"96":{"start":{"line":97,"column":0},"end":{"line":97,"column":59}},"97":{"start":{"line":98,"column":0},"end":{"line":98,"column":85}},"99":{"start":{"line":100,"column":0},"end":{"line":100,"column":97}},"100":{"start":{"line":101,"column":0},"end":{"line":101,"column":92}}},"s":{"0":1,"40":0,"41":0,"42":0,"43":0,"44":0,"45":0,"46":0,"47":0,"48":0,"49":0,"50":0,"51":0,"52":0,"53":0,"54":0,"55":0,"56":0,"57":0,"58":0,"59":0,"60":0,"61":0,"62":0,"63":0,"64":0,"65":0,"66":0,"67":0,"68":0,"69":0,"70":0,"71":0,"81":1,"82":0,"84":1,"85":1,"86":1,"87":1,"96":1,"97":0,"99":1,"100":1},"branchMap":{},"b":{},"fnMap":{"0":{"name":"listTriggers","decl":{"start":{"line":41,"column":0},"end":{"line":72,"column":1}},"loc":{"start":{"line":41,"column":0},"end":{"line":72,"column":1}},"line":41},"1":{"name":"createCron","decl":{"start":{"line":82,"column":26},"end":{"line":83,"column":43}},"loc":{"start":{"line":82,"column":26},"end":{"line":83,"column":43}},"line":82},"2":{"name":"fireCron","decl":{"start":{"line":85,"column":24},"end":{"line":85,"column":90}},"loc":{"start":{"line":85,"column":24},"end":{"line":85,"column":90}},"line":85},"3":{"name":"suspendCron","decl":{"start":{"line":86,"column":27},"end":{"line":86,"column":97}},"loc":{"start":{"line":86,"column":27},"end":{"line":86,"column":97}},"line":86},"4":{"name":"resumeCron","decl":{"start":{"line":87,"column":26},"end":{"line":87,"column":95}},"loc":{"start":{"line":87,"column":26},"end":{"line":87,"column":95}},"line":87},"5":{"name":"deleteCron","decl":{"start":{"line":88,"column":26},"end":{"line":88,"column":86}},"loc":{"start":{"line":88,"column":26},"end":{"line":88,"column":86}},"line":88},"6":{"name":"createWebhook","decl":{"start":{"line":97,"column":29},"end":{"line":98,"column":85}},"loc":{"start":{"line":97,"column":29},"end":{"line":98,"column":85}},"line":97},"7":{"name":"testWebhook","decl":{"start":{"line":100,"column":27},"end":{"line":100,"column":97}},"loc":{"start":{"line":100,"column":27},"end":{"line":100,"column":97}},"line":100},"8":{"name":"deleteWebhook","decl":{"start":{"line":101,"column":29},"end":{"line":101,"column":92}},"loc":{"start":{"line":101,"column":29},"end":{"line":101,"column":92}},"line":101}},"f":{"0":0,"1":0,"2":0,"3":0,"4":0,"5":0,"6":0,"7":0,"8":0}}
,"/home/dev/kube-coder/charts/workspace/web/src/components/BottomNav.tsx": {"path":"/home/dev/kube-coder/charts/workspace/web/src/components/BottomNav.tsx","all":false,"statementMap":{"0":{"start":{"line":1,"column":0},"end":{"line":1,"column":68}},"11":{"start":{"line":12,"column":0},"end":{"line":12,"column":23}},"14":{"start":{"line":15,"column":0},"end":{"line":15,"column":58}},"15":{"start":{"line":16,"column":0},"end":{"line":16,"column":52}},"16":{"start":{"line":17,"column":0},"end":{"line":17,"column":55}},"21":{"start":{"line":22,"column":0},"end":{"line":22,"column":84}},"23":{"start":{"line":24,"column":0},"end":{"line":24,"column":29}},"24":{"start":{"line":25,"column":0},"end":{"line":25,"column":52}},"25":{"start":{"line":26,"column":0},"end":{"line":26,"column":10}},"26":{"start":{"line":27,"column":0},"end":{"line":27,"column":55}},"27":{"start":{"line":28,"column":0},"end":{"line":28,"column":25}},"28":{"start":{"line":29,"column":0},"end":{"line":29,"column":15}},"29":{"start":{"line":30,"column":0},"end":{"line":30,"column":22}},"30":{"start":{"line":31,"column":0},"end":{"line":31,"column":72}},"31":{"start":{"line":32,"column":0},"end":{"line":32,"column":42}},"32":{"start":{"line":33,"column":0},"end":{"line":33,"column":63}},"34":{"start":{"line":35,"column":0},"end":{"line":35,"column":42}},"35":{"start":{"line":36,"column":0},"end":{"line":36,"column":49}},"36":{"start":{"line":37,"column":0},"end":{"line":37,"column":17}},"37":{"start":{"line":38,"column":0},"end":{"line":38,"column":9}},"38":{"start":{"line":39,"column":0},"end":{"line":39,"column":13}},"39":{"start":{"line":40,"column":0},"end":{"line":40,"column":76}},"40":{"start":{"line":41,"column":0},"end":{"line":41,"column":50}},"41":{"start":{"line":42,"column":0},"end":{"line":42,"column":25}},"43":{"start":{"line":44,"column":0},"end":{"line":44,"column":38}},"44":{"start":{"line":45,"column":0},"end":{"line":45,"column":42}},"45":{"start":{"line":46,"column":0},"end":{"line":46,"column":15}},"46":{"start":{"line":47,"column":0},"end":{"line":47,"column":10}},"48":{"start":{"line":49,"column":0},"end":{"line":49,"column":1}}},"s":{"0":1,"11":1,"14":1,"15":1,"16":1,"21":1,"23":1,"24":4,"25":4,"26":4,"27":4,"28":12,"29":12,"30":12,"31":12,"32":12,"34":12,"35":12,"36":12,"37":4,"38":4,"39":4,"40":4,"41":4,"43":4,"44":4,"45":4,"46":4,"48":4},"branchMap":{"0":{"type":"branch","line":24,"loc":{"start":{"line":24,"column":7},"end":{"line":49,"column":1}},"locations":[{"start":{"line":24,"column":7},"end":{"line":49,"column":1}}]},"1":{"type":"branch","line":40,"loc":{"start":{"line":40,"column":48},"end":{"line":40,"column":71}},"locations":[{"start":{"line":40,"column":48},"end":{"line":40,"column":71}}]},"2":{"type":"branch","line":28,"loc":{"start":{"line":28,"column":18},"end":{"line":37,"column":17}},"locations":[{"start":{"line":28,"column":18},"end":{"line":37,"column":17}}]},"3":{"type":"branch","line":31,"loc":{"start":{"line":31,"column":41},"end":{"line":31,"column":67}},"locations":[{"start":{"line":31,"column":41},"end":{"line":31,"column":67}}]},"4":{"type":"branch","line":31,"loc":{"start":{"line":31,"column":48},"end":{"line":31,"column":69}},"locations":[{"start":{"line":31,"column":48},"end":{"line":31,"column":69}}]},"5":{"type":"branch","line":33,"loc":{"start":{"line":33,"column":37},"end":{"line":33,"column":53}},"locations":[{"start":{"line":33,"column":37},"end":{"line":33,"column":53}}]},"6":{"type":"branch","line":33,"loc":{"start":{"line":33,"column":44},"end":{"line":33,"column":63}},"locations":[{"start":{"line":33,"column":44},"end":{"line":33,"column":63}}]}},"b":{"0":[4],"1":[0],"2":[12],"3":[4],"4":[8],"5":[4],"6":[8]},"fnMap":{"0":{"name":"BottomNav","decl":{"start":{"line":24,"column":7},"end":{"line":49,"column":1}},"loc":{"start":{"line":24,"column":7},"end":{"line":49,"column":1}},"line":24},"1":{"name":"onClick","decl":{"start":{"line":32,"column":19},"end":{"line":32,"column":42}},"loc":{"start":{"line":32,"column":19},"end":{"line":32,"column":42}},"line":32},"2":{"name":"onClick","decl":{"start":{"line":41,"column":17},"end":{"line":41,"column":50}},"loc":{"start":{"line":41,"column":17},"end":{"line":41,"column":50}},"line":41}},"f":{"0":4,"1":0,"2":0}}
,"/home/dev/kube-coder/charts/workspace/web/src/components/BottomSheet.tsx": {"path":"/home/dev/kube-coder/charts/workspace/web/src/components/BottomSheet.tsx","all":false,"statementMap":{"0":{"start":{"line":1,"column":0},"end":{"line":1,"column":48}},"18":{"start":{"line":19,"column":0},"end":{"line":19,"column":40}},"19":{"start":{"line":20,"column":0},"end":{"line":20,"column":11}},"20":{"start":{"line":21,"column":0},"end":{"line":21,"column":11}},"21":{"start":{"line":22,"column":0},"end":{"line":22,"column":2}},"23":{"start":{"line":24,"column":0},"end":{"line":24,"column":105}},"24":{"start":{"line":25,"column":0},"end":{"line":25,"column":27}},"25":{"start":{"line":26,"column":0},"end":{"line":26,"column":22}},"26":{"start":{"line":27,"column":0},"end":{"line":27,"column":54}},"27":{"start":{"line":28,"column":0},"end":{"line":28,"column":49}},"28":{"start":{"line":29,"column":0},"end":{"line":29,"column":50}},"30":{"start":{"line":31,"column":0},"end":{"line":31,"column":19}},"31":{"start":{"line":32,"column":0},"end":{"line":32,"column":35}},"32":{"start":{"line":33,"column":0},"end":{"line":33,"column":26}},"34":{"start":{"line":35,"column":0},"end":{"line":35,"column":40}},"35":{"start":{"line":36,"column":0},"end":{"line":36,"column":46}},"36":{"start":{"line":37,"column":0},"end":{"line":37,"column":33}},"37":{"start":{"line":38,"column":0},"end":{"line":38,"column":3}},"38":{"start":{"line":39,"column":0},"end":{"line":39,"column":39}},"39":{"start":{"line":40,"column":0},"end":{"line":40,"column":43}},"40":{"start":{"line":41,"column":0},"end":{"line":41,"column":57}},"41":{"start":{"line":42,"column":0},"end":{"line":42,"column":34}},"42":{"start":{"line":43,"column":0},"end":{"line":43,"column":69}},"43":{"start":{"line":44,"column":0},"end":{"line":44,"column":68}},"44":{"start":{"line":45,"column":0},"end":{"line":45,"column":75}},"45":{"start":{"line":46,"column":0},"end":{"line":46,"column":3}},"46":{"start":{"line":47,"column":0},"end":{"line":47,"column":25}},"47":{"start":{"line":48,"column":0},"end":{"line":48,"column":30}},"48":{"start":{"line":49,"column":0},"end":{"line":49,"column":3}},"50":{"start":{"line":51,"column":0},"end":{"line":51,"column":10}},"51":{"start":{"line":52,"column":0},"end":{"line":52,"column":6}},"52":{"start":{"line":53,"column":0},"end":{"line":53,"column":10}},"53":{"start":{"line":54,"column":0},"end":{"line":54,"column":63}},"54":{"start":{"line":55,"column":0},"end":{"line":55,"column":25}},"55":{"start":{"line":56,"column":0},"end":{"line":56,"column":27}},"56":{"start":{"line":57,"column":0},"end":{"line":57,"column":8}},"57":{"start":{"line":58,"column":0},"end":{"line":58,"column":14}},"58":{"start":{"line":59,"column":0},"end":{"line":59,"column":70}},"59":{"start":{"line":60,"column":0},"end":{"line":60,"column":21}},"60":{"start":{"line":61,"column":0},"end":{"line":61,"column":25}},"61":{"start":{"line":62,"column":0},"end":{"line":62,"column":26}},"62":{"start":{"line":63,"column":0},"end":{"line":63,"column":27}},"63":{"start":{"line":64,"column":0},"end":{"line":64,"column":49}},"68":{"start":{"line":69,"column":0},"end":{"line":69,"column":18}},"69":{"start":{"line":70,"column":0},"end":{"line":70,"column":12}},"70":{"start":{"line":71,"column":0},"end":{"line":71,"column":19}},"71":{"start":{"line":72,"column":0},"end":{"line":72,"column":27}},"72":{"start":{"line":73,"column":0},"end":{"line":73,"column":34}},"73":{"start":{"line":74,"column":0},"end":{"line":74,"column":78}},"74":{"start":{"line":75,"column":0},"end":{"line":75,"column":78}},"75":{"start":{"line":76,"column":0},"end":{"line":76,"column":41}},"76":{"start":{"line":77,"column":0},"end":{"line":77,"column":39}},"77":{"start":{"line":78,"column":0},"end":{"line":78,"column":37}},"79":{"start":{"line":80,"column":0},"end":{"line":80,"column":41}},"80":{"start":{"line":81,"column":0},"end":{"line":81,"column":21}},"81":{"start":{"line":82,"column":0},"end":{"line":82,"column":38}},"82":{"start":{"line":83,"column":0},"end":{"line":83,"column":50}},"83":{"start":{"line":84,"column":0},"end":{"line":84,"column":108}},"84":{"start":{"line":85,"column":0},"end":{"line":85,"column":37}},"85":{"start":{"line":86,"column":0},"end":{"line":86,"column":23}},"86":{"start":{"line":87,"column":0},"end":{"line":87,"column":18}},"87":{"start":{"line":88,"column":0},"end":{"line":88,"column":13}},"93":{"start":{"line":94,"column":0},"end":{"line":94,"column":39}},"94":{"start":{"line":95,"column":0},"end":{"line":95,"column":19}},"95":{"start":{"line":96,"column":0},"end":{"line":96,"column":27}},"96":{"start":{"line":97,"column":0},"end":{"line":97,"column":54}},"97":{"start":{"line":98,"column":0},"end":{"line":98,"column":78}},"98":{"start":{"line":99,"column":0},"end":{"line":99,"column":78}},"99":{"start":{"line":100,"column":0},"end":{"line":100,"column":41}},"100":{"start":{"line":101,"column":0},"end":{"line":101,"column":39}},"101":{"start":{"line":102,"column":0},"end":{"line":102,"column":37}},"103":{"start":{"line":104,"column":0},"end":{"line":104,"column":41}},"104":{"start":{"l
[...]
,"/home/dev/kube-coder/charts/workspace/web/src/store/triggers.ts": {"path":"/home/dev/kube-coder/charts/workspace/web/src/store/triggers.ts","all":false,"statementMap":{"0":{"start":{"line":1,"column":0},"end":{"line":1,"column":51}},"13":{"start":{"line":14,"column":0},"end":{"line":14,"column":46}},"14":{"start":{"line":15,"column":0},"end":{"line":15,"column":45}},"15":{"start":{"line":16,"column":0},"end":{"line":16,"column":57}},"16":{"start":{"line":17,"column":0},"end":{"line":17,"column":40}},"18":{"start":{"line":19,"column":0},"end":{"line":19,"column":48}},"19":{"start":{"line":20,"column":0},"end":{"line":20,"column":58}},"20":{"start":{"line":21,"column":0},"end":{"line":21,"column":37}},"21":{"start":{"line":22,"column":0},"end":{"line":22,"column":37}},"22":{"start":{"line":23,"column":0},"end":{"line":23,"column":106}},"23":{"start":{"line":24,"column":0},"end":{"line":24,"column":4}},"24":{"start":{"line":25,"column":0},"end":{"line":25,"column":3}},"26":{"start":{"line":27,"column":0},"end":{"line":27,"column":56}},"27":{"start":{"line":28,"column":0},"end":{"line":28,"column":31}},"28":{"start":{"line":29,"column":0},"end":{"line":29,"column":7}},"29":{"start":{"line":30,"column":0},"end":{"line":30,"column":42}},"30":{"start":{"line":31,"column":0},"end":{"line":31,"column":31}},"31":{"start":{"line":32,"column":0},"end":{"line":32,"column":17}},"32":{"start":{"line":33,"column":0},"end":{"line":33,"column":75}},"33":{"start":{"line":34,"column":0},"end":{"line":34,"column":13}},"34":{"start":{"line":35,"column":0},"end":{"line":35,"column":34}},"35":{"start":{"line":36,"column":0},"end":{"line":36,"column":3}},"36":{"start":{"line":37,"column":0},"end":{"line":37,"column":1}},"38":{"start":{"line":39,"column":0},"end":{"line":39,"column":55}},"39":{"start":{"line":40,"column":0},"end":{"line":40,"column":7}},"40":{"start":{"line":41,"column":0},"end":{"line":41,"column":48}},"41":{"start":{"line":42,"column":0},"end":{"line":42,"column":33}},"42":{"start":{"line":43,"column":0},"end":{"line":43,"column":52}},"43":{"start":{"line":44,"column":0},"end":{"line":44,"column":28}},"44":{"start":{"line":45,"column":0},"end":{"line":45,"column":17}},"45":{"start":{"line":46,"column":0},"end":{"line":46,"column":86}},"46":{"start":{"line":47,"column":0},"end":{"line":47,"column":3}},"47":{"start":{"line":48,"column":0},"end":{"line":48,"column":1}},"49":{"start":{"line":50,"column":0},"end":{"line":50,"column":64}},"50":{"start":{"line":51,"column":0},"end":{"line":51,"column":32}},"51":{"start":{"line":52,"column":0},"end":{"line":52,"column":7}},"52":{"start":{"line":53,"column":0},"end":{"line":53,"column":44}},"53":{"start":{"line":54,"column":0},"end":{"line":54,"column":33}},"54":{"start":{"line":55,"column":0},"end":{"line":55,"column":68}},"55":{"start":{"line":56,"column":0},"end":{"line":56,"column":28}},"56":{"start":{"line":57,"column":0},"end":{"line":57,"column":17}},"57":{"start":{"line":58,"column":0},"end":{"line":58,"column":88}},"58":{"start":{"line":59,"column":0},"end":{"line":59,"column":3}},"59":{"start":{"line":60,"column":0},"end":{"line":60,"column":1}},"61":{"start":{"line":62,"column":0},"end":{"line":62,"column":64}},"62":{"start":{"line":63,"column":0},"end":{"line":63,"column":7}},"63":{"start":{"line":64,"column":0},"end":{"line":64,"column":50}},"64":{"start":{"line":65,"column":0},"end":{"line":65,"column":35}},"65":{"start":{"line":66,"column":0},"end":{"line":66,"column":51}},"66":{"start":{"line":67,"column":0},"end":{"line":67,"column":28}},"67":{"start":{"line":68,"column":0},"end":{"line":68,"column":17}},"68":{"start":{"line":69,"column":0},"end":{"line":69,"column":88}},"69":{"start":{"line":70,"column":0},"end":{"line":70,"column":3}},"70":{"start":{"line":71,"column":0},"end":{"line":71,"column":1}},"72":{"start":{"line":73,"column":0},"end":{"line":73,"column":61}},"73":{"start":{"line":74,"column":0},"end":{"line":74,"column":57}},"74":{"start":{"line":75,"column":0},"end":{"line":75,"column":25}},"75":{"start":{"line":76,"column":0},"end":{"line":76,"column":44}},"76":{"start":{"line":77,"column":0},"end":{"line":77,"column":69}},"77":{"start":{"line":78,"column":0},"end":{"line":78,"column":1}},"78":{"start":{"line":79,"column":0},"end":{"line":79,"column":38}},"79":{"start":{"line":80,"column":0},"end":{"line":80,"column":44}},"80":{"start":{"line":81,"column":0},"end":{"line":81,"column":20}},"81":{"start":{"line":82,"column":0},"end":{"line":82,"column":1}}},"s":{"0":1,"13":1,"14":1,"15":1,"16":1,"18":1,"19":0,"20":0,"21":0,"22":0,"23":0,"24":0,"26":0,"27":0,"28":0,"29":0,"30":0,"31":0,"32":0,"33":0,"34":0,"35":0,"36":0,"38":0,"39":0,"40":0,"41":0,"42":0,"43":0,"44":0,"45":0,"46":0,"47":0,"49":0,"50":0,"51":0,"52":0,"53":0,"54":0,"55":0,"56":0,"57":0,"58":0,"59":0,"61":0,"62":0,"63":0,"64":0,"65":0,"66":0,"67":0,"68":0,"69":0,"70":0,"72":1,"73":1,"74":0,"75":0,"76":0,"77":0,"78":1,"79":0,"80":0,"81":0},"branchMap":{},"b":{},"fnMap":{"0":{"name":"refreshTriggers","decl":{"start":{"line":27,"column":0},"end":{"line":37,"column":1}},"loc":{"start":{"line":27,"column":0},"end":{"line":37,"column":1}},"line":27},"1":{"name":"fire","decl":{"start":{"line":39,"column":0},"end":{"line":48,"column":1}},"loc":{"start":{"line":39,"column":0},"end":{"line":48,"column":1}},"line":39},"2":{"name":"toggleSuspend","decl":{"start":{"line":50,"column":0},"end":{"line":60,"column":1}},"loc":{"start":{"line":50,"column":0},"end":{"line":60,"column":1}},"line":50},"3":{"name":"removeTrigger","decl":{"start":{"line":62,"column":0},"end":{"line":71,"column":1}},"loc":{"start":{"line":62,"column":0},"end":{"line":71,"column":1}},"line":62},"4":{"name":"startTriggerPolling","decl":{"start":{"line":74,"column":7},"end":{"line":78,"column":1}},"loc":{"start":{"line":74,"column":7},"end":{"line":78,"column":1}},"line":74},"5":{"name":"stopTriggerPolling","decl":{"start":{"line":79,"column":7},"end":{"line":82,"column":1}},"loc":{"start":{"line":79,"column":7},"end":{"line":82,"column":1}},"line":79}},"f":{"0":0,"1":0,"2":0,"3":0,"4":0,"5":0}}
,"/home/dev/kube-coder/charts/workspace/web/src/store/ui.ts": {"path":"/home/dev/kube-coder/charts/workspace/web/src/store/ui.ts","all":false,"statementMap":{"0":{"start":{"line":1,"column":0},"end":{"line":1,"column":49}},"12":{"start":{"line":13,"column":0},"end":{"line":13,"column":36}},"14":{"start":{"line":15,"column":0},"end":{"line":15,"column":38}},"15":{"start":{"line":16,"column":0},"end":{"line":16,"column":36}},"16":{"start":{"line":17,"column":0},"end":{"line":17,"column":20}},"17":{"start":{"line":18,"column":0},"end":{"line":18,"column":27}},"22":{"start":{"line":23,"column":0},"end":{"line":23,"column":24}},"23":{"start":{"line":24,"column":0},"end":{"line":24,"column":27}},"24":{"start":{"line":25,"column":0},"end":{"line":25,"column":4}},"25":{"start":{"line":26,"column":0},"end":{"line":26,"column":59}},"26":{"start":{"line":27,"column":0},"end":{"line":27,"column":7}},"27":{"start":{"line":28,"column":0},"end":{"line":28,"column":50}},"28":{"start":{"line":29,"column":0},"end":{"line":29,"column":30}},"29":{"start":{"line":30,"column":0},"end":{"line":30,"column":62}},"30":{"start":{"line":31,"column":0},"end":{"line":31,"column":12}},"31":{"start":{"line":32,"column":0},"end":{"line":32,"column":91}},"32":{"start":{"line":33,"column":0},"end":{"line":33,"column":72}},"33":{"start":{"line":34,"column":0},"end":{"line":34,"column":51}},"34":{"start":{"line":35,"column":0},"end":{"line":35,"column":55}},"35":{"start":{"line":36,"column":0},"end":{"line":36,"column":6}},"36":{"start":{"line":37,"column":0},"end":{"line":37,"column":11}},"37":{"start":{"line":38,"column":0},"end":{"line":38,"column":20}},"38":{"start":{"line":39,"column":0},"end":{"line":39,"column":3}},"39":{"start":{"line":40,"column":0},"end":{"line":40,"column":1}},"41":{"start":{"line":42,"column":0},"end":{"line":42,"column":28}},"43":{"start":{"line":44,"column":0},"end":{"line":44,"column":50}},"44":{"start":{"line":45,"column":0},"end":{"line":45,"column":56}},"47":{"start":{"line":48,"column":0},"end":{"line":48,"column":68}},"49":{"start":{"line":50,"column":0},"end":{"line":50,"column":72}},"51":{"start":{"line":52,"column":0},"end":{"line":52,"column":56}},"54":{"start":{"line":55,"column":0},"end":{"line":55,"column":57}},"55":{"start":{"line":56,"column":0},"end":{"line":56,"column":55}},"56":{"start":{"line":57,"column":0},"end":{"line":57,"column":41}},"68":{"start":{"line":69,"column":0},"end":{"line":69,"column":42}},"70":{"start":{"line":71,"column":0},"end":{"line":71,"column":17}},"71":{"start":{"line":72,"column":0},"end":{"line":72,"column":95}},"72":{"start":{"line":73,"column":0},"end":{"line":73,"column":30}},"73":{"start":{"line":74,"column":0},"end":{"line":74,"column":24}},"74":{"start":{"line":75,"column":0},"end":{"line":75,"column":7}},"75":{"start":{"line":76,"column":0},"end":{"line":76,"column":12}},"76":{"start":{"line":77,"column":0},"end":{"line":77,"column":30}},"77":{"start":{"line":78,"column":0},"end":{"line":78,"column":26}},"78":{"start":{"line":79,"column":0},"end":{"line":79,"column":4}},"79":{"start":{"line":80,"column":0},"end":{"line":80,"column":42}},"80":{"start":{"line":81,"column":0},"end":{"line":81,"column":22}},"81":{"start":{"line":82,"column":0},"end":{"line":82,"column":50}},"82":{"start":{"line":83,"column":0},"end":{"line":83,"column":3}},"83":{"start":{"line":84,"column":0},"end":{"line":84,"column":12}},"84":{"start":{"line":85,"column":0},"end":{"line":85,"column":1}},"86":{"start":{"line":87,"column":0},"end":{"line":87,"column":42}},"87":{"start":{"line":88,"column":0},"end":{"line":88,"column":57}},"88":{"start":{"line":89,"column":0},"end":{"line":89,"column":1}},"91":{"start":{"line":92,"column":0},"end":{"line":92,"column":42}},"92":{"start":{"line":93,"column":0},"end":{"line":93,"column":16}},"93":{"start":{"line":94,"column":0},"end":{"line":94,"column":9}},"94":{"start":{"line":95,"column":0},"end":{"line":95,"column":56}},"95":{"start":{"line":96,"column":0},"end":{"line":96,"column":27}},"96":{"start":{"line":97,"column":0},"end":{"line":97,"column":31}},"97":{"start":{"line":98,"column":0},"end":{"line":98,"column":43}},"98":{"start":{"line":99,"column":0},"end":{"line":99,"column":47}},"99":{"start":{"line":100,"column":0},"end":{"line":100,"column":10}},"100":{"start":{"line":101,"column":0},"end":{"line":101,"column":13}},"101":{"start":{"line":102,"column":0},"end":{"line":102,"column":85}},"103":{"start":{"line":104,"column":0},"end":{"line":104,"column":5}},"104":{"start":{"line":105,"column":0},"end":{"line":105,"column":1}},"107":{"start":{"line":108,"column":0},"end":{"line":108,"column":78}},"108":{"start":{"line":109,"column":0},"end":{"line":109,"column":40}},"109":{"start":{"line":110,"column":0},"end":{"line":110,"column":32}},"110":{"start":{"line":111,"column":0},"end":{"line":111,"column":39}},"111":{"start":{"line":112,"column":0},"end":{"line":112,"column":10}},"112":{"start":{"line":113,"column":0},"end":{"line":113,"column":48}},"113":{"start":{"line":114,"column":0},"end":{"line":114,"column":3}},"114":{"start":{"line":115,"column":0},"end":{"line":115,"column":50}},"115":{"start":{"line":116,"column":0},"end":{"line":116,"column":1}},"117":{"start":{"line":118,"column":0},"end":{"line":118,"column":38}},"118":{"start":{"line":119,"column":0},"end":{"line":119,"column":16}},"119":{"start":{"line":120,"column":0},"end":{"line":120,"column":51}},"120":{"start":{"line":121,"column":0},"end":{"line":121,"column":5}},"121":{"start":{"line":122,"column":0},"end":{"line":122,"column":1}}},"s":{"0":1,"12":1,"14":8,"15":8,"16":8,"17":8,"22":8,"23":8,"24":8,"25":8,"26":8,"27":8,"28":8,"29":0,"30":0,"31":8,"32":8,"33":8,"34":8,"35":8,"36":8,"37":0,"38":0,"39":8,"41":1,"43":1,"44":1,"47":1,"49":1,"51":1,"54":1,"55":1,"56":1,"68":1,"70":1,"71":1,"72":3,"73":3,"74":3,"75":3,"76":3,"77":3,"78":3,"79":3,"80":3,"81":2,"82":2,"83":3,"84":3,"86":1,"87":2,"88":2,"91":1,"92":1,"93":12,"94":12,"95":12,"96":12,"97":12,"98":12,"99":12,"100":12,"101":0,"103":1,"104":1,"107":1,"108":15,"109":15,"110":11,"111":11,"112":4,"113":4,"114":15,"115":15,"117":1,"118":1,"119":12,"120":1,"121":1},"branchMap":{"0":{"type":"branch","line":15,"loc":{"start":{"line":15,"column":0},"end":{"line":40,"column":1}},"locations":[{"start":{"line":15,"column":0},"end":{"line":40,"column":1}}]},"1":{"type":"branch","line":26,"loc":{"start":{"line":26,"column":43},"end":{"line":26,"column":59}},"locations":[{"start":{"line":26,"column":43},"end":{"line":26,"column":59}}]},"2":{"type":"branch","line":29,"loc":{"start":{"line":29,"column":21},"end":{"line":32,"column":67}},"locations":[{"start":{"line":29,"column":21},"end":{"line":32,"column":67}}]},"3":{"type":"branch","line":32,"loc":{"start":{"line":32,"column":57},"end":{"line":32,"column":82}},"locations":[{"start":{"line":32,"column":57},"end":{"line":32,"column":82}}]},"4":{"type":"branch","line":32,"loc":{"start":{"line":32,"column":74},"end":{"line":32,"column":91}},"locations":[{"start":{"line":32,"column":74},"end":{"line":32,"column":91}}]},"5":{"type":"branch","line":33,"loc":{"start":{"line":33,"column":34},"end":{"line":33,"column":58}},"locations":[{"start":{"line":33,"column":34},"end":{"line":33,"column":58}}]},"6":{"type":"branch","line":33,"loc":{"start":{"line":33,"column":46},"end":{"line":33,"column":72}},"locations":[{"start":{"line":33,"column":46},"end":{"line":33,"column":72}}]},"7":{"type":"branch","line":37,"loc":{"start":{"line":37,"column":2},"end":{"line":39,"column":3}},"locations":[{"start":{"line":37,"column":2},"end":{"line":39,"column":3}}]},"8":{"type":"branch","line":72,"loc":{"start":{"line":72,"column":7},"end":{"line":85,"column":1}},"locations":[{"start":{"line":72,"column":7},"end":{"line":85,"column":1}}]},"9":{"type":"branch","line":77,"loc":{"start":{"line":77,"column":15},"end":{"line":77,"column":30}},"locations":[{"start":{"line":77,"column":15},"end":{"line":77,"column":30}}]},"10":{"type":"branch","line":78,"loc":{"start":{"line":78,"column":14},"end":{"line":78,"column":26}},"locations":[{"start":{"line":78,"column":14},"end":{"line":78,"column":26}}]},"11":{"type":"branch","line":81,"loc":{"start":{"line":81,"column":21},"end":{"line":83,"column":3}},"locations":[{"start":{"line":81,"column":21},"end":{"line":83,"column":3}}]},"12":{"type":"branch","line":82,"loc":{"start":{"line":82,"column":15},"end":{"line":82,"column":39}},"locations":[{"start":{"line":82,"column":15},"end":{"line":82,"column":39}}]},"13":{"type":"branch","line":87,"loc":{"start":{"line":87,"column":7},"end":{"line":89,"column":1}},"locations":[{"start":{"line":87,"column":7},"end":{"line":89,"column":1}}]},"14":{"type":"branch","line":88,"loc":{"start":{"line":88,"column":38},"end":{"line":88,"column":55}},"locations":[{"start":{"line":88,"column":38},"end":{"line":88,"column":55}}]},"15":{"type":"branch","line":93,"loc":{"start":{"line":93,"column":9},"end":{"line":104,"column":3}},"locations":[{"start":{"line":93,"column":9},"end":{"line":104,"column":3}}]},"16":{"type":"branch","line":101,"loc":{"start":{"line":101,"column":4},"end":{"line":102,"column":85}},"locations":[{"start":{"line":101,"column":4},"end":{"line":102,"column":85}}]},"17":{"type":"branch","line":108,"loc":{"start":{"line":108,"column":7},"end":{"line":116,"column":1}},"locations":[{"start":{"line":108,"column":7},"end":{"line":116,"column":1}}]},"18":{"type":"branch","line":110,"loc":{"start":{"line":110,"column":31},"end":{"line":114,"column":3}},"locations":[{"start":{"line":110,"column":31},"end":{"line":114,"column":3}}]},"19":{"type":"branch","line":112,"loc":{"start":{"line":112,"column":2},"end":{"line":114,"column":3}},"locations":[{"start":{"line":112,"column":2},"end":{"line":114,"column":3}}]},"20":{"type":"branch","line":119,"loc":{"start":{"line":119,"column":9},"end":{"line":121,"column":3}},"locations":[{"start":{"line":119,"column":9},"end":{"line":121,"column":3}}]}},"b":{"0":[8],"1":[0],"2":[0],"3":[0],"4":[0],"5":[0],"6":[0],"7":[0],"8":[3],"9":[1],"10":[1],"11":[2],"12":[1],"13":[2],"14":[2],"15":[12],"16":[0],"17":[15],"18":[11],"19":[4],"20":[12]},"fnMap":{"0":{"name":"loadPrefs","decl":{"start":{"line":15,"column":0},"end":{"line":40,"column":1}},"loc":{"start":{"line":15,"column":0},"end":{"line":40,"column":1}},"line":15},"1":{"name":"pushToast","decl":{"start":{"line":72,"column":7},"end":{"line":85,"column":1}},"loc":{"start":{"line":72,"column":7},"end":{"line":85,"column":1}},"line":72},"2":{"name":"dismissToast","decl":{"start":{"line":87,"column":7},"end":{"line":89,"column":1}},"loc":{"start":{"line":87,"column":7},"end":{"line":89,"column":1}},"line":87},"3":{"name":"applyDocumentAttrs","decl":{"start":{"line":108,"column":7},"end":{"line":116,"column":1}},"loc":{"start":{"line":108,"column":7},"end":{"line":116,"column":1}},"line":108}},"f":{"0":8,"1":3,"2":2,"3":15}}
,"/home/dev/kube-coder/charts/workspace/web/src/util/randomName.ts": {"path":"/home/dev/kube-coder/charts/workspace/web/src/util/randomName.ts","all":false,"statementMap":{"9":{"start":{"line":10,"column":0},"end":{"line":10,"column":13}},"10":{"start":{"line":11,"column":0},"end":{"line":11,"column":68}},"11":{"start":{"line":12,"column":0},"end":{"line":12,"column":67}},"12":{"start":{"line":13,"column":0},"end":{"line":13,"column":72}},"13":{"start":{"line":14,"column":0},"end":{"line":14,"column":69}},"16":{"start":{"line":17,"column":0},"end":{"line":17,"column":14}},"17":{"start":{"line":18,"column":0},"end":{"line":18,"column":66}},"18":{"start":{"line":19,"column":0},"end":{"line":19,"column":68}},"19":{"start":{"line":20,"column":0},"end":{"line":20,"column":70}},"20":{"start":{"line":21,"column":0},"end":{"line":21,"column":74}},"23":{"start":{"line":24,"column":0},"end":{"line":24,"column":31}},"24":{"start":{"line":25,"column":0},"end":{"line":25,"column":53}},"25":{"start":{"line":26,"column":0},"end":{"line":26,"column":1}},"27":{"start":{"line":28,"column":0},"end":{"line":28,"column":43}},"28":{"start":{"line":29,"column":0},"end":{"line":29,"column":47}},"29":{"start":{"line":30,"column":0},"end":{"line":30,"column":43}},"30":{"start":{"line":31,"column":0},"end":{"line":31,"column":1}}},"s":{"9":1,"10":1,"11":1,"12":1,"13":1,"16":1,"17":1,"18":1,"19":1,"20":1,"23":6,"24":6,"25":6,"27":1,"28":3,"29":3,"30":3},"branchMap":{"0":{"type":"branch","line":24,"loc":{"start":{"line":24,"column":0},"end":{"line":26,"column":1}},"locations":[{"start":{"line":24,"column":0},"end":{"line":26,"column":1}}]},"1":{"type":"branch","line":28,"loc":{"start":{"line":28,"column":7},"end":{"line":31,"column":1}},"locations":[{"start":{"line":28,"column":7},"end":{"line":31,"column":1}}]}},"b":{"0":[6],"1":[3]},"fnMap":{"0":{"name":"pick","decl":{"start":{"line":24,"column":0},"end":{"line":26,"column":1}},"loc":{"start":{"line":24,"column":0},"end":{"line":26,"column":1}},"line":24},"1":{"name":"randomBuildName","decl":{"start":{"line":28,"column":7},"end":{"line":31,"column":1}},"loc":{"start":{"line":28,"column":7},"end":{"line":31,"column":1}},"line":28}},"f":{"0":6,"1":3}}
}
