TN:
SF:src/app.tsx
FN:4,App
FNF:1
FNH:1
FNDA:3,App
DA:1,1
DA:4,1
DA:5,3
DA:6,3
LF:4
LH:4
BRDA:4,0,0,3
BRF:1
BRH:1
end_of_record
TN:
SF:src/main.tsx
FN:1,(empty-report)
FNF:1
FNH:0
FNDA:0,(empty-report)
DA:1,0
DA:2,0
DA:3,0
DA:4,0
DA:5,0
DA:6,0
DA:11,0
DA:12,0
DA:14,0
DA:15,0
DA:16,0
LF:11
LH:0
BRDA:1,0,0,0
BRF:1
BRH:0
end_of_record
TN:
SF:src/api/apps.ts
FN:36,listApps
FN:38,pinApp
FN:44,unpinApp
FN:49,proxyUrl
FNF:4
FNH:0
FNDA:0,listApps
FNDA:0,pinApp
FNDA:0,unpinApp
FNDA:0,proxyUrl
DA:1,1
DA:36,1
DA:38,1
DA:39,0
DA:40,0
DA:41,0
DA:42,0
DA:44,1
DA:45,0
DA:49,1
DA:50,0
LF:11
LH:5
BRF:0
BRH:0
end_of_record
TN:
SF:src/api/client.ts
FN:15,<instance_members_initializer>
FN:18,ApiError
FN:32,isErrorResponse
FN:41,devToken
FN:55,withOauthPrefix
FN:62,buildUrl
FN:81,redirectToSignIn
FN:89,isAuthExpiredError
FN:98,api
FN:139,apiGet
FN:140,apiPost
FN:141,apiDelete
FN:149,apiRaw
FNF:13
FNH:11
FNDA:4,<instance_members_initializer>
FNDA:4,ApiError
FNDA:9,isErrorResponse
FNDA:38,devToken
FNDA:42,withOauthPrefix
FNDA:38,buildUrl
FNDA:1,redirectToSignIn
FNDA:1,isAuthExpiredError
FNDA:38,api
FNDA:36,apiGet
FNDA:1,apiPost
FNDA:0,apiDelete
FNDA:0,apiRaw
DA:15,1
DA:16,4
DA:17,4
DA:18,4
DA:19,4
DA:20,4
DA:21,4
DA:22,4
DA:23,4
DA:32,1
DA:33,9
DA:34,9
DA:41,38
DA:42,38
DA:43,38
DA:44,38
DA:45,0
DA:46,0
DA:47,38
DA:55,1
DA:56,42
DA:57,42
DA:58,42
DA:59,4
DA:60,4
DA:62,38
DA:63,38
DA:64,38
DA:65,1
DA:66,6
DA:67,5
DA:68,2
DA:69,2
DA:70,1
DA:71,38
DA:72,38
DA:80,1
DA:81,1
DA:82,1
DA:83,1
DA:84,1
DA:85,1
DA:86,1
DA:87,1
DA:89,1
DA:93,1
DA:94,1
DA:95,1
DA:96,1
DA:98,38
DA:99,38
DA:100,38
DA:101,38
DA:102,38
DA:103,38
DA:104,38
DA:105,38
DA:106,38
DA:107,38
DA:108,38
DA:109,38
DA:110,38
DA:111,38
DA:112,38
DA:113,38
DA:114,24
DA:115,1
DA:116,1
DA:117,1
DA:118,1
DA:119,0
DA:120,0
DA:123,38
DA:124,0
DA:125,0
DA:126,0
DA:127,24
DA:128,38
DA:129,38
DA:130,12
DA:131,3
DA:132,3
DA:133,0
DA:134,3
DA:135,3
DA:136,20
DA:137,20
DA:139,1
DA:140,1
DA:141,1
DA:149,0
DA:150,0
DA:151,0
DA:152,0
DA:153,0
DA:154,0
DA:155,0
DA:156,0
DA:157,0
DA:158,0
DA:159,0
DA:160,0
DA:161,0
DA:162,0
DA:163,0
DA:164,0
DA:165,0
DA:166,0
DA:167,0
DA:168,0
DA:169,0
DA:170,0
DA:171,0
DA:172,0
DA:173,0
DA:174,0
DA:175,0
DA:176,0
DA:177,0
DA:178,0
DA:179,0
DA:180,0
DA:181,0
DA:182,0
DA:183,0
DA:184,0
LF:126
LH:82
BRDA:15,0,0,4
BRDA:18,1,0,4
BRDA:32,2,0,9
BRDA:33,3,0,6
BRDA:33,4,0,5
BRDA:41,5,0,38
BRDA:43,6,0,0
BRDA:44,7,0,0
BRDA:55,8,0,42
BRDA:56,9,0,1
BRDA:56,10,0,41
BRDA:57,11,0,1
BRDA:57,12,0,40
BRDA:58,13,0,36
BRDA:58,14,0,4
BRDA:62,15,0,38
BRDA:64,16,0,37
BRDA:64,17,0,6
BRDA:64,18,0,1
BRDA:66,19,0,5
BRDA:67,20,0,4
BRDA:67,21,0,3
BRDA:67,22,0,3
BRDA:67,23,0,2
BRDA:69,24,0,1
BRDA:71,25,0,0
BRDA:81,26,0,1
BRDA:82,27,0,0
BRDA:83,28,0,0
BRDA:89,29,0,1
BRDA:93,30,0,0
BRDA:94,31,0,0
BRDA:95,32,0,0
BRDA:95,33,0,0
BRDA:98,34,0,38
BRDA:104,35,0,1
BRDA:104,36,0,37
BRDA:105,37,0,0
BRDA:108,38,0,37
BRDA:108,39,0,1
BRDA:113,40,0,24
BRDA:113,41,0,23
BRDA:114,42,0,1
BRDA:118,43,0,0
BRDA:120,44,0,23
BRDA:123,45,0,0
BRDA:123,46,0,24
BRDA:123,47,0,0
BRDA:126,48,0,23
BRDA:127,49,0,0
BRDA:129,50,0,24
BRDA:129,51,0,23
BRDA:129,52,0,0
BRDA:129,53,0,24
BRDA:129,54,0,12
BRDA:129,55,0,0
BRDA:130,56,0,3
BRDA:132,57,0,0
BRDA:132,58,0,0
BRDA:135,59,0,20
BRDA:139,60,0,36
BRDA:140,61,0,1
BRF:62
BRH:44
end_of_record
TN:
SF:src/api/desktop.ts
FN:39,listDesktop
FN:41,createDesktopItem
FN:44,updateDesktopItem
FN:47,deleteDesktopItem
FN:50,reorderDesktop
FN:58,launchDesktopItem
FNF:6
FNH:0
FNDA:0,listDesktop
FNDA:0,createDesktopItem
FNDA:0,updateDesktopItem
FNDA:0,deleteDesktopItem
FNDA:0,reorderDesktop
FNDA:0,launchDesktopItem
DA:1,1
DA:39,1
DA:41,1
DA:42,0
DA:44,1
DA:45,0
DA:47,1
DA:48,0
DA:50,1
DA:51,0
DA:58,1
DA:59,0
LF:12
LH:7
BRF:0
BRH:0
end_of_record
TN:
SF:src/api/docs.ts
FN:32,listDocs
FN:33,getDocsPage
FNF:2
FNH:2
FNDA:5,listDocs
FNDA:2,getDocsPage
DA:1,1
DA:32,1
DA:33,1
LF:3
LH:3
BRDA:32,0,0,5
BRDA:33,1,0,2
BRF:2
BRH:2
end_of_record
TN:
SF:src/api/files.ts
FN:14,listFiles
FN:16,uploadFile
FN:36,makeDirectory
FNF:3
FNH:0
FNDA:0,listFiles
FNDA:0,uploadFile
FNDA:0,makeDirectory
DA:1,1
DA:14,1
DA:16,0
DA:25,0
DA:26,0
DA:27,0
DA:28,0
DA:29,0
DA:30,0
DA:31,0
DA:32,0
DA:33,0
DA:34,0
DA:36,0
DA:37,0
DA:38,0
LF:16
LH:2
BRF:0
BRH:0
end_of_record
TN:
SF:src/api/github.ts
FN:12,githubStatus
FN:14,generateSshKey
FN:17,setGitConfig
FNF:3
FNH:1
FNDA:3,githubStatus
FNDA:0,generateSshKey
FNDA:0,setGitConfig
DA:1,1
DA:12,1
DA:14,1
DA:15,0
DA:17,1
DA:18,0
LF:6
LH:4
BRDA:12,0,0,3
BRF:1
BRH:1
end_of_record
TN:
SF:src/api/memory.ts
FN:43,listMemories
FN:47,getMemory
FN:54,getMemoryHistory
FN:59,getMemoryNeighbors
FN:78,upsertMemory
FN:81,deleteMemory
FN:91,memoryStats
FNF:7
FNH:0
FNDA:0,listMemories
FNDA:0,getMemory
FNDA:0,getMemoryHistory
FNDA:0,getMemoryNeighbors
FNDA:0,upsertMemory
FNDA:0,deleteMemory
FNDA:0,memoryStats
DA:1,1
DA:43,1
DA:44,0
DA:45,0
DA:47,1
DA:51,0
DA:52,0
DA:54,1
DA:55,0
DA:56,0
DA:57,0
DA:59,1
DA:60,0
DA:61,0
DA:62,0
DA:63,0
DA:64,0
DA:65,0
DA:66,0
DA:78,1
DA:79,0
DA:81,1
DA:82,0
DA:91,1
LF:24
LH:8
BRF:0
BRH:0
end_of_record
TN:
SF:src/api/metrics.ts
FN:56,getJson
FN:62,fetchMetrics
FN:63,fetchHealth
FNF:3
FNH:3
FNDA:2,getJson
FNDA:1,fetchMetrics
FNDA:1,fetchHealth
DA:56,2
DA:57,2
DA:58,0
DA:59,0
DA:60,0
DA:62,1
DA:63,1
LF:7
LH:4
BRDA:56,0,0,2
BRDA:57,1,0,0
BRDA:62,2,0,1
BRDA:63,3,0,1
BRF:4
BRH:3
end_of_record
TN:
SF:src/api/shape.ts
FN:24,safeArray
FN:27,safeString
FN:41,coerceMemoryRecord
FN:64,coerceMemoryRecordList
FN:69,coerceTaskSummary
FN:89,coerceTaskDetail
FNF:6
FNH:5
FNDA:34,safeArray
FNDA:76,safeString
FNDA:2,coerceMemoryRecord
FNDA:0,coerceMemoryRecordList
FNDA:21,coerceTaskSummary
FNDA:3,coerceTaskDetail
DA:24,1
DA:25,34
DA:26,34
DA:27,1
DA:28,76
DA:29,76
DA:41,1
DA:42,2
DA:43,2
DA:44,2
DA:45,2
DA:46,2
DA:47,2
DA:48,2
DA:49,2
DA:50,2
DA:51,2
DA:52,2
DA:53,2
DA:54,2
DA:55,2
DA:56,2
DA:57,2
DA:58,2
DA:59,2
DA:60,2
DA:61,2
DA:62,2
DA:64,1
DA:65,0
DA:66,0
DA:67,0
DA:69,1
DA:70,21
DA:71,21
DA:72,21
DA:73,21
DA:74,21
DA:75,21
DA:76,21
DA:77,21
DA:78,21
DA:79,21
DA:80,21
DA:81,21
DA:82,21
DA:83,21
DA:84,21
DA:85,21
DA:86,21
DA:87,21
DA:89,1
DA:90,3
DA:91,3
DA:96,3
DA:97,3
DA:98,3
DA:99,3
DA:100,3
DA:101,3
DA:102,3
DA:103,3
DA:104,3
DA:105,3
LF:64
LH:61
BRDA:24,0,0,34
BRDA:25,1,0,27
BRDA:25,2,0,7
BRDA:27,3,0,76
BRDA:28,4,0,54
BRDA:28,5,0,22
BRDA:41,6,0,2
BRDA:42,7,0,0
BRDA:44,8,0,0
BRDA:51,9,0,0
BRDA:52,10,0,0
BRDA:53,11,0,0
BRDA:54,12,0,0
BRDA:55,13,0,0
BRDA:56,14,0,0
BRDA:57,15,0,0
BRDA:58,16,0,0
BRDA:59,17,0,0
BRDA:60,18,0,0
BRDA:69,19,0,21
BRDA:70,20,0,0
BRDA:73,21,0,8
BRDA:73,22,0,13
BRDA:75,23,0,2
BRDA:76,24,0,17
BRDA:76,25,0,4
BRDA:77,26,0,2
BRDA:77,27,0,19
BRDA:78,28,0,8
BRDA:78,29,0,13
BRDA:79,30,0,4
BRDA:80,31,0,0
BRDA:84,32,0,0
BRDA:85,33,0,0
BRDA:89,34,0,3
BRDA:91,35,0,0
BRDA:99,36,0,2
BRDA:99,37,0,1
BRDA:100,38,0,1
BRDA:100,39,0,2
BRDA:101,40,0,0
BRDA:102,41,0,1
BRDA:102,42,0,2
BRDA:103,43,0,0
BRF:44
BRH:25
end_of_record
TN:
SF:src/api/subagents.ts
FN:34,listSubagents
FNF:1
FNH:0
FNDA:0,listSubagents
DA:1,1
DA:34,1
DA:35,0
DA:36,0
DA:37,0
LF:5
LH:2
BRF:0
BRH:0
end_of_record
TN:
SF:src/api/system.ts
FN:11,getHealth
FN:23,getMode
FNF:2
FNH:2
FNDA:3,getHealth
FNDA:3,getMode
DA:1,1
DA:11,1
DA:23,1
LF:3
LH:3
BRDA:11,0,0,3
BRDA:23,1,0,3
BRF:2
BRH:2
end_of_record
TN:
SF:src/api/tasks.ts
FN:41,idleSeconds
FN:47,isStaleWaiting
FN:54,idleLabel
FN:90,listTasks
FN:93,getTask
FN:96,getTaskOutput
FN:105,createTask
FN:107,sendMessage
FN:110,renameTask
FN:113,killTask
FN:120,prepareTerminal
FN:127,setScrollMode
FN:134,terminalUrl
FN:137,vncUrl
FN:146,openLocalhostPort
FN:150,launchInPodBrowser
FN:159,createTerminalTask
FN:162,listAssistants
FN:164,listWorkdirs
FNF:19
FNH:5
FNDA:0,idleSeconds
FNDA:48,isStaleWaiting
FNDA:0,idleLabel
FNDA:9,listTasks
FNDA:1,getTask
FNDA:0,getTaskOutput
FNDA:0,createTask
FNDA:0,sendMessage
FNDA:0,renameTask
FNDA:0,killTask
FNDA:0,prepareTerminal
FNDA:0,setScrollMode
FNDA:0,terminalUrl
FNDA:0,vncUrl
FNDA:0,openLocalhostPort
FNDA:0,launchInPodBrowser
FNDA:0,createTerminalTask
FNDA:3,listAssistants
FNDA:3,listWorkdirs
DA:1,1
DA:38,1
DA:41,1
DA:42,0
DA:43,0
DA:44,0
DA:47,1
DA:48,48
DA:49,0
DA:50,0
DA:51,48
DA:54,1
DA:55,0
DA:56,0
DA:57,0
DA:58,0
DA:59,0
DA:60,0
DA:61,0
DA:90,1
DA:91,9
DA:93,1
DA:94,1
DA:96,1
DA:97,0
DA:105,1
DA:107,1
DA:108,0
DA:110,1
DA:111,0
DA:113,1
DA:120,1
DA:121,0
DA:127,1
DA:128,0
DA:129,0
DA:130,0
DA:131,0
DA:134,1
DA:137,1
DA:138,0
DA:146,1
DA:147,0
DA:150,1
DA:151,0
DA:159,1
DA:160,0
DA:162,1
DA:164,1
LF:49
LH:25
BRDA:47,0,0,48
BRDA:48,1,0,0
BRDA:90,2,0,9
BRDA:91,3,0,8
BRDA:93,4,0,1
BRDA:162,5,0,3
BRDA:164,6,0,3
BRF:7
BRH:6
end_of_record
TN:
SF:src/api/triggers.ts
FN:41,listTriggers
FN:82,createCron
FN:85,fireCron
FN:86,suspendCron
FN:87,resumeCron
FN:88,deleteCron
FN:97,createWebhook
FN:100,testWebhook
FN:101,deleteWebhook
FNF:9
FNH:0
FNDA:0,listTriggers
FNDA:0,createCron
FNDA:0,fireCron
FNDA:0,suspendCron
FNDA:0,resumeCron
FNDA:0,deleteCron
FNDA:0,createWebhook
FNDA:0,testWebhook
FNDA:0,deleteWebhook
DA:1,1
DA:41,0
DA:42,0
DA:43,0
DA:44,0
DA:45,0
DA:46,0
DA:47,0
DA:48,0
DA:49,0
DA:50,0
DA:51,0
DA:52,0
DA:53,0
DA:54,0
DA:55,0
DA:56,0
DA:57,0
DA:58,0
DA:59,0
DA:60,0
DA:61,0
DA:62,0
DA:63,0
DA:64,0
DA:65,0
DA:66,0
DA:67,0
DA:68,0
DA:69,0
DA:70,0
DA:71,0
DA:72,0
DA:82,1
DA:83,0
DA:85,1
DA:86,1
DA:87,1
DA:88,1
DA:97,1
DA:98,0
DA:100,1
DA:101,1
LF:43
LH:9
BRF:0
BRH:0
end_of_record
TN:
SF:src/components/BottomNav.tsx
FN:24,BottomNav
FN:32,onClick
FN:41,onClick
FNF:3
FNH:1
FNDA:4,BottomNav
FNDA:0,onClick
FNDA:0,onClick
DA:1,1
DA:12,1
DA:15,1
DA:16,1
DA:17,1
DA:22,1
DA:24,1
DA:25,4
DA:26,4
DA:27,4
DA:28,4
DA:29,12
DA:30,12
DA:31,12
DA:32,12
DA:33,12
DA:35,12
DA:36,12
DA:37,12
DA:38,4
DA:39,4
DA:40,4
DA:41,4
DA:42,4
DA:44,4
DA:45,4
DA:46,4
DA:47,4
DA:49,4
LF:29
LH:29
BRDA:24,0,0,4
BRDA:40,1,0,0
BRDA:28,2,0,12
BRDA:31,3,0,4
BRDA:31,4,0,8
BRDA:33,5,0,4
BRDA:33,6,0,8
BRF:7
BRH:6
end_of_record
TN:
SF:src/components/BottomSheet.tsx
FN:24,BottomSheet
FN:35,onTouchStart
FN:39,onTouchMove
FN:47,onTouchEnd
FN:75,onClick
FN:99,onClick
FN:110,onClick
FNF:7
FNH:1
FNDA:5,BottomSheet
FNDA:0,onTouchStart
FNDA:0,onTouchMove
FNDA:0,onTouchEnd
FNDA:0,onClick
FNDA:0,onClick
FNDA:0,onClick
DA:1,1
DA:19,1
DA:20,1
DA:21,1
DA:22,1
DA:24,1
DA:25,5
DA:26,5
DA:27,5
DA:28,5
DA:29,5
DA:31,5
DA:32,3
DA:33,5
DA:35,5
DA:36,0
DA:37,0
DA:38,0
DA:39,5
DA:40,0
DA:41,0
DA:42,0
DA:43,0
DA:44,0
DA:45,0
DA:46,0
DA:47,5
DA:48,0
DA:49,0
DA:51,5
DA:52,5
DA:53,5
DA:54,5
DA:55,5
DA:56,5
DA:57,5
DA:58,5
DA:59,5
DA:60,5
DA:61,5
DA:62,5
DA:63,5
DA:64,5
DA:69,5
DA:70,4
DA:71,4
DA:72,4
DA:73,4
DA:74,4
DA:75,4
DA:76,4
DA:77,4
DA:78,4
DA:80,4
DA:81,4
DA:82,4
DA:83,4
DA:84,4
DA:85,4
DA:86,4
DA:87,4
DA:88,4
DA:94,1
DA:95,1
DA:96,1
DA:97,1
DA:98,1
DA:99,1
DA:100,1
DA:101,1
DA:102,1
DA:104,1
DA:105,1
DA:106,1
DA:107,1
DA:108,1
DA:109,1
DA:110,1
DA:115,0
DA:116,0
DA:117,0
DA:118,1
DA:119,1
DA:121,1
DA:122,1
DA:123,1
DA:125,5
DA:126,5
DA:127,5
DA:129,5
LF:90
LH:75
BRDA:24,0,0,5
BRDA:54,1,0,0
BRDA:59,2,0,0
BRDA:69,3,0,4
BRDA:74,4,0,0
BRDA:88,5,0,1
BRDA:98,6,0,0
BRDA:125,7,0,1
BRDA:125,8,0,4
BRDA:31,9,0,3
BRDA:32,10,0,0
BRF:11
BRH:6
end_of_record
TN:
SF:src/components/CommandPalette.tsx
FN:25,staticActions
FN:33,onSelect
FN:42,onSelect
FN:53,onSelect
FN:64,onSelect
FN:75,onSelect
FN:83,dataEntries
FN:93,onSelect
FN:108,onSelect
FN:124,onSelect
FN:138,onSelect
FN:144,CommandPalette
FN:180,onKey
FN:203,onClick
FN:204,onClick
FN:213,onInput
FN:232,onMouseEnter
FN:233,onClick
FNF:18
FNH:7
FNDA:8,staticActions
FNDA:1,onSelect
FNDA:0,onSelect
FNDA:0,onSelect
FNDA:0,onSelect
FNDA:0,onSelect
FNDA:8,dataEntries
FNDA:0,onSelect
FNDA:0,onSelect
FNDA:0,onSelect
FNDA:0,onSelect
FNDA:13,CommandPalette
FNDA:0,onKey
FNDA:0,onClick
FNDA:1,onClick
FNDA:1,onInput
FNDA:0,onMouseEnter
FNDA:1,onClick
DA:1,1
DA:25,8
DA:26,8
DA:27,64
DA:28,64
DA:29,64
DA:30,64
DA:31,64
DA:32,64
DA:33,64
DA:34,8
DA:35,8
DA:36,8
DA:37,8
DA:38,8
DA:39,8
DA:40,8
DA:41,8
DA:42,8
DA:43,0
DA:44,0
DA:45,0
DA:46,8
DA:47,8
DA:48,8
DA:49,8
DA:50,8
DA:51,8
DA:52,8
DA:53,8
DA:54,0
DA:55,0
DA:56,0
DA:57,8
DA:58,8
DA:59,8
DA:60,8
DA:61,8
DA:62,8
DA:63,8
DA:64,8
DA:65,0
DA:66,0
DA:67,0
DA:68,8
DA:69,8
DA:70,8
DA:71,8
DA:72,8
DA:73,8
DA:74,8
DA:75,8
DA:76,0
DA:77,0
DA:78,8
DA:80,8
DA:81,8
DA:83,8
DA:84,8
DA:85,8
DA:86,0
DA:87,0
DA:88,0
DA:89,0
DA:90,0
DA:91,0
DA:92,0
DA:93,0
DA:94,0
DA:95,0
DA:96,0
DA:97,0
DA:98,0
DA:99,0
DA:100,8
DA:101,0
DA:102,0
DA:103,0
DA:104,0
DA:105,0
DA:106,0
DA:107,0
DA:108,0
DA:109,0
DA:110,0
DA:111,0
DA:112,0
DA:113,0
DA:114,0
DA:115,0
DA:116,8
DA:117,0
DA:118,0
DA:119,0
DA:120,0
DA:121,0
DA:122,0
DA:123,0
DA:124,0
DA:125,0
DA:126,0
DA:127,0
DA:128,0
DA:129,0
DA:130,8
DA:131,0
DA:132,0
DA:133,0
DA:134,0
DA:135,0
DA:136,0
DA:137,0
DA:138,0
DA:139,0
DA:140,0
DA:141,8
DA:142,8
DA:144,1
DA:145,13
DA:146,13
DA:147,13
DA:148,13
DA:149,13
DA:150,13
DA:151,13
DA:153,13
DA:154,13
DA:156,13
DA:157,13
DA:158,13
DA:159,9
DA:160,9
DA:161,1
DA:162,13
DA:164,13
DA:165,8
DA:166,4
DA:167,4
DA:168,4
DA:169,4
DA:172,4
DA:173,4
DA:174,13
DA:176,13
DA:177,9
DA:178,13
DA:180,13
DA:181,0
DA:182,0
DA:183,0
DA:184,0
DA:185,0
DA:186,0
DA:187,0
DA:188,0
DA:190,13
DA:191,9
DA:192,9
DA:193,98
DA:194,98
DA:195,98
DA:196,98
DA:197,9
DA:198,13
DA:200,13
DA:202,6
DA:203,6
DA:204,6
DA:205,6
DA:206,6
DA:207,6
DA:208,6
DA:209,6
DA:210,6
DA:211,6
DA:212,6
DA:213,6
DA:214,6
DA:215,6
DA:216,6
DA:217,6
DA:218,6
DA:219,6
DA:220,13
DA:221,13
DA:222,12
DA:223,12
DA:224,12
DA:225,62
DA:226,62
DA:227,62
DA:228,62
DA:229,62
DA:230,62
DA:231,62
DA:232,62
DA:233,62
DA:234,62
DA:235,62
DA:237,62
DA:238,62
DA:239,62
DA:240,62
DA:242,12
DA:243,12
DA:244,13
DA:245,13
DA:246,13
DA:247,13
DA:249,13
LF:210
LH:139
BRDA:25,0,0,8
BRDA:73,1,0,0
BRDA:26,2,0,64
BRDA:33,3,0,1
BRDA:83,4,0,8
BRDA:85,5,0,0
BRDA:100,6,0,0
BRDA:116,7,0,0
BRDA:130,8,0,0
BRDA:144,9,0,13
BRDA:200,10,0,7
BRDA:200,11,0,6
BRDA:220,12,0,0
BRDA:150,13,0,1
BRDA:154,14,0,8
BRDA:158,15,0,9
BRDA:160,16,0,8
BRDA:160,17,0,1
BRDA:161,18,0,12
BRDA:161,19,0,10
BRDA:164,20,0,8
BRDA:165,21,0,4
BRDA:173,22,0,4
BRDA:173,23,0,0
BRDA:176,24,0,9
BRDA:177,25,0,0
BRDA:190,26,0,9
BRDA:192,27,0,98
BRDA:193,28,0,18
BRDA:204,29,0,1
BRDA:213,30,0,1
BRDA:221,31,0,12
BRDA:224,32,0,62
BRDA:231,33,0,6
BRDA:231,34,0,56
BRDA:239,35,0,41
BRDA:233,36,0,1
BRF:37
BRH:29
end_of_record
TN:
SF:src/components/ConfirmDialog.tsx
FN:26,ConfirmDialog
FN:49,onClick
FN:83,PromptDialog
FN:112,onClick
FN:113,onSubmit
FN:123,onInput
FNF:6
FNH:6
FNDA:3,ConfirmDialog
FNDA:1,onClick
FNDA:11,PromptDialog
FNDA:2,onClick
FNDA:1,onSubmit
FNDA:9,onInput
DA:1,1
DA:26,1
DA:27,3
DA:28,3
DA:29,3
DA:30,3
DA:31,3
DA:32,3
DA:33,3
DA:34,3
DA:35,3
DA:36,3
DA:37,3
DA:38,3
DA:39,3
DA:40,3
DA:41,2
DA:42,2
DA:43,2
DA:44,2
DA:45,3
DA:46,3
DA:47,2
DA:48,2
DA:49,2
DA:50,2
DA:51,3
DA:52,3
DA:53,3
DA:54,3
DA:55,3
DA:56,3
DA:57,3
DA:59,3
DA:60,3
DA:61,3
DA:62,3
DA:63,3
DA:65,3
DA:83,1
DA:84,11
DA:85,11
DA:86,11
DA:87,11
DA:88,11
DA:89,11
DA:90,11
DA:91,11
DA:92,11
DA:93,11
DA:94,11
DA:95,11
DA:96,11
DA:97,11
DA:98,11
DA:99,2
DA:100,2
DA:101,2
DA:102,2
DA:103,11
DA:104,11
DA:105,11
DA:106,11
DA:107,11
DA:108,11
DA:109,11
DA:110,11
DA:111,11
DA:112,11
DA:113,11
DA:115,11
DA:116,11
DA:117,11
DA:118,11
DA:119,11
DA:120,11
DA:121,11
DA:122,11
DA:123,11
DA:124,11
DA:125,11
DA:126,11
DA:127,11
DA:128,11
DA:129,11
DA:130,11
DA:132,11
LF:87
LH:87
BRDA:26,0,0,3
BRDA:46,1,0,1
BRDA:46,2,0,2
BRDA:51,3,0,1
BRDA:55,4,0,1
BRDA:55,5,0,1
BRDA:39,6,0,3
BRDA:40,7,0,1
BRDA:40,8,0,2
BRDA:41,9,0,2
BRDA:42,10,0,1
BRDA:43,11,0,1
BRDA:49,12,0,1
BRDA:83,13,0,11
BRDA:104,14,0,0
BRDA:116,15,0,0
BRDA:98,16,0,2
BRDA:101,17,0,2
BRDA:101,18,0,1
BRDA:112,19,0,2
BRDA:113,20,0,1
BRDA:123,21,0,9
BRF:22
BRH:20
end_of_record
TN:
SF:src/components/Drawer.tsx
FN:16,Drawer
FNF:1
FNH:1
FNDA:7,Drawer
DA:1,1
DA:16,1
DA:17,7
DA:18,7
DA:19,7
DA:20,7
DA:21,7
DA:22,7
DA:23,7
DA:24,7
DA:25,7
DA:26,7
DA:27,7
DA:28,7
DA:29,7
DA:30,7
DA:31,7
DA:32,7
DA:34,7
DA:35,7
DA:36,7
DA:37,7
DA:38,7
DA:39,7
DA:40,7
DA:41,7
DA:42,7
DA:44,7
LF:28
LH:28
BRDA:16,0,0,7
BRDA:22,1,0,2
BRDA:22,2,0,5
BRDA:27,3,0,2
BRDA:27,4,0,5
BRF:5
BRH:5
end_of_record
TN:
SF:src/components/HealthDot.tsx
FN:7,HealthDot
FN:11,tick
FNF:2
FNH:2
FNDA:3,HealthDot
FNDA:3,tick
DA:1,1
DA:7,1
DA:8,3
DA:9,3
DA:11,3
DA:12,3
DA:13,3
DA:14,0
DA:15,0
DA:16,0
DA:17,0
DA:18,0
DA:19,0
DA:20,0
DA:21,0
DA:22,0
DA:23,0
DA:24,0
DA:25,0
DA:26,3
DA:27,0
DA:28,0
DA:29,0
DA:30,3
DA:32,3
DA:33,3
DA:34,3
DA:35,0
DA:36,0
DA:37,3
DA:38,3
DA:39,3
DA:41,3
DA:42,3
DA:43,3
DA:44,3
DA:46,3
LF:37
LH:20
BRDA:7,0,0,3
BRDA:11,1,0,3
BRDA:13,2,0,0
BRDA:26,3,0,0
BRDA:32,4,0,3
BRDA:38,5,0,3
BRF:6
BRH:4
end_of_record
TN:
SF:src/components/Icon.tsx
FN:189,Icon
FNF:1
FNH:1
FNDA:231,Icon
DA:1,1
DA:36,1
DA:37,1
DA:38,1
DA:39,1
DA:40,1
DA:41,1
DA:43,1
DA:44,1
DA:45,1
DA:46,1
DA:47,1
DA:49,1
DA:50,1
DA:51,1
DA:52,1
DA:53,1
DA:55,1
DA:56,1
DA:57,1
DA:58,1
DA:60,1
DA:61,1
DA:62,1
DA:63,1
DA:64,1
DA:66,1
DA:67,1
DA:68,1
DA:69,1
DA:70,1
DA:71,1
DA:73,1
DA:74,1
DA:75,1
DA:76,1
DA:77,1
DA:79,1
DA:80,1
DA:81,1
DA:82,1
DA:83,1
DA:84,1
DA:86,1
DA:87,1
DA:88,1
DA:89,1
DA:91,1
DA:92,1
DA:93,1
DA:94,1
DA:96,1
DA:97,1
DA:98,1
DA:99,1
DA:100,1
DA:102,1
DA:103,1
DA:104,1
DA:105,1
DA:107,1
DA:108,1
DA:109,1
DA:110,1
DA:112,1
DA:113,1
DA:114,1
DA:115,1
DA:117,1
DA:118,1
DA:119,1
DA:120,1
DA:122,1
DA:123,1
DA:124,1
DA:125,1
DA:127,1
DA:128,1
DA:129,1
DA:130,1
DA:132,1
DA:133,1
DA:134,1
DA:135,1
DA:137,1
DA:138,1
DA:139,1
DA:140,1
DA:142,1
DA:143,1
DA:144,1
DA:145,1
DA:147,1
DA:148,1
DA:149,1
DA:150,1
DA:152,1
DA:153,1
DA:154,1
DA:155,1
DA:157,1
DA:158,1
DA:159,1
DA:160,1
DA:162,1
DA:163,1
DA:164,1
DA:165,1
DA:166,1
DA:168,1
DA:169,1
DA:170,1
DA:171,1
DA:173,1
DA:174,1
DA:175,1
DA:176,1
DA:177,1
DA:179,1
DA:180,1
DA:181,1
DA:182,1
DA:183,1
DA:184,1
DA:185,1
DA:187,1
DA:189,1
DA:190,231
DA:191,231
DA:192,231
DA:193,231
DA:194,231
DA:195,231
DA:196,231
DA:197,231
DA:198,231
DA:199,231
DA:200,231
DA:201,231
DA:203,231
DA:204,231
DA:206,231
LF:142
LH:142
BRDA:189,0,0,231
BRF:1
BRH:1
end_of_record
TN:
SF:src/components/MetricsBar.tsx
FN:5,tone
FN:16,MetricsBar
FNF:2
FNH:1
FNDA:0,tone
FNDA:3,MetricsBar
DA:1,1
DA:5,0
DA:6,0
DA:7,0
DA:8,0
DA:9,0
DA:16,1
DA:17,3
DA:18,3
DA:20,3
DA:22,3
DA:23,3
DA:24,3
DA:25,3
DA:26,3
DA:27,3
DA:28,3
DA:29,3
DA:31,3
DA:32,0
DA:33,0
DA:34,0
DA:35,0
DA:36,0
DA:37,0
DA:38,0
DA:39,3
DA:41,3
DA:42,3
DA:43,3
DA:44,3
DA:45,3
DA:46,3
DA:47,3
DA:49,3
DA:50,3
DA:51,3
DA:52,3
DA:53,3
DA:54,3
DA:55,3
DA:57,3
DA:58,3
DA:59,3
DA:60,3
DA:61,3
DA:63,3
LF:47
LH:35
BRDA:16,0,0,3
BRDA:31,1,0,0
BRDA:39,2,0,0
BRDA:17,3,0,3
BRF:4
BRH:2
end_of_record
TN:
SF:src/components/MutatorOnly.tsx
FN:15,MutatorOnly
FN:27,onClickCapture
FN:44,ReadOnlyOnly
FN:54,ReadOnlyPill
FNF:4
FNH:4
FNDA:13,MutatorOnly
FNDA:1,onClickCapture
FNDA:2,ReadOnlyOnly
FNDA:6,ReadOnlyPill
DA:1,1
DA:15,1
DA:16,13
DA:17,13
DA:18,13
DA:19,2
DA:20,2
DA:21,2
DA:22,2
DA:23,2
DA:27,2
DA:28,1
DA:29,1
DA:30,1
DA:31,1
DA:32,1
DA:33,1
DA:34,1
DA:36,2
DA:37,2
DA:39,2
DA:40,10
DA:41,10
DA:44,1
DA:45,2
DA:46,1
DA:47,1
DA:54,1
DA:55,6
DA:56,5
DA:57,5
DA:58,5
DA:59,5
DA:60,5
DA:61,5
DA:62,5
DA:63,5
DA:65,5
DA:67,5
LF:39
LH:39
BRDA:15,0,0,13
BRDA:17,1,0,1
BRDA:17,2,0,12
BRDA:18,3,0,2
BRDA:39,4,0,10
BRDA:27,5,0,1
BRDA:44,6,0,2
BRDA:45,7,0,1
BRDA:54,8,0,6
BRDA:55,9,0,1
BRDA:55,10,0,5
BRF:11
BRH:11
end_of_record
TN:
SF:src/components/Onboarding.tsx
FN:13,Onboarding
FN:38,dismiss
FN:43,saveIdentity
FN:57,genKey
FN:73,createFirstTask
FN:97,onClick
FN:107,onInput
FN:111,onInput
FN:118,onClick
FN:132,onClick
FN:138,onClick
FN:152,onInput
FNF:12
FNH:1
FNDA:4,Onboarding
FNDA:0,dismiss
FNDA:0,saveIdentity
FNDA:0,genKey
FNDA:0,createFirstTask
FNDA:0,onClick
FNDA:0,onInput
FNDA:0,onInput
FNDA:0,onClick
FNDA:0,onClick
FNDA:0,onClick
FNDA:0,onInput
DA:1,1
DA:11,1
DA:13,1
DA:14,4
DA:15,4
DA:16,4
DA:17,4
DA:18,4
DA:19,4
DA:20,4
DA:22,4
DA:23,3
DA:24,3
DA:25,3
DA:26,3
DA:27,0
DA:28,0
DA:29,0
DA:31,0
DA:32,3
DA:33,3
DA:34,0
DA:35,3
DA:36,4
DA:38,4
DA:39,0
DA:40,0
DA:41,0
DA:43,4
DA:44,0
DA:45,0
DA:46,0
DA:47,0
DA:48,0
DA:49,0
DA:50,0
DA:51,0
DA:52,0
DA:53,0
DA:54,0
DA:55,0
DA:57,4
DA:58,0
DA:59,0
DA:60,0
DA:61,0
DA:62,0
DA:63,0
DA:64,0
DA:65,0
DA:66,0
DA:67,0
DA:68,0
DA:69,0
DA:70,0
DA:71,0
DA:73,4
DA:74,0
DA:75,0
DA:76,0
DA:77,0
DA:78,0
DA:79,0
DA:80,0
DA:81,0
DA:82,0
DA:83,0
DA:84,0
DA:86,4
DA:88,0
DA:89,0
DA:90,0
DA:91,0
DA:92,0
DA:93,0
DA:94,0
DA:95,0
DA:97,0
DA:98,0
DA:99,0
DA:100,0
DA:101,0
DA:102,0
DA:103,0
DA:104,0
DA:105,0
DA:106,0
DA:107,0
DA:108,0
DA:109,0
DA:110,0
DA:111,0
DA:112,0
DA:113,0
DA:114,0
DA:116,0
DA:117,0
DA:118,0
DA:119,4
DA:120,4
DA:122,4
DA:123,4
DA:124,4
DA:125,4
DA:126,0
DA:128,0
DA:130,4
DA:131,4
DA:132,4
DA:133,4
DA:134,0
DA:135,0
DA:136,0
DA:138,0
DA:139,4
DA:140,4
DA:142,4
DA:143,4
DA:144,4
DA:145,4
DA:146,4
DA:147,4
DA:148,4
DA:149,4
DA:150,4
DA:151,4
DA:152,4
DA:153,4
DA:154,4
DA:156,4
DA:157,4
DA:158,4
DA:159,4
DA:160,4
DA:161,4
DA:162,4
DA:164,4
DA:167,4
DA:169,4
DA:170,4
DA:171,4
DA:172,4
DA:173,4
DA:174,4
DA:175,4
DA:176,4
DA:177,4
DA:178,4
DA:179,4
DA:180,4
DA:181,0
DA:182,4
DA:183,4
DA:184,4
DA:185,4
DA:187,4
LF:156
LH:75
BRDA:13,0,0,4
BRDA:86,1,0,0
BRDA:119,2,0,0
BRDA:125,3,0,0
BRDA:125,4,0,0
BRDA:126,5,0,0
BRDA:133,6,0,0
BRDA:133,7,0,0
BRDA:136,8,0,0
BRDA:159,9,0,0
BRDA:22,10,0,3
BRDA:23,11,0,0
BRDA:24,12,0,0
BRF:13
BRH:2
end_of_record
TN:
SF:src/components/PopoverMenu.tsx
FN:16,PopoverMenu
FN:94,PopoverItem
FN:122,PopoverSection
FN:126,PopoverDivider
FNF:4
FNH:0
FNDA:0,PopoverMenu
FNDA:0,PopoverItem
FNDA:0,PopoverSection
FNDA:0,PopoverDivider
DA:1,1
DA:16,1
DA:17,0
DA:18,0
DA:19,0
DA:20,0
DA:30,0
DA:31,0
DA:32,0
DA:33,0
DA:34,0
DA:36,0
DA:40,0
DA:41,0
DA:42,0
DA:43,0
DA:44,0
DA:45,0
DA:46,0
DA:47,0
DA:48,0
DA:49,0
DA:50,0
DA:53,0
DA:54,0
DA:55,0
DA:56,0
DA:57,0
DA:58,0
DA:59,0
DA:60,0
DA:61,0
DA:62,0
DA:63,0
DA:64,0
DA:65,0
DA:66,0
DA:67,0
DA:68,0
DA:69,0
DA:70,0
DA:72,0
DA:73,0
DA:74,0
DA:75,0
DA:76,0
DA:77,0
DA:78,0
DA:79,0
DA:80,0
DA:81,0
DA:82,0
DA:83,0
DA:84,0
DA:86,0
DA:87,0
DA:88,0
DA:89,0
DA:91,0
DA:94,1
DA:95,0
DA:96,0
DA:97,0
DA:98,0
DA:99,0
DA:106,0
DA:107,0
DA:108,0
DA:109,0
DA:110,0
DA:111,0
DA:112,0
DA:113,0
DA:115,0
DA:116,0
DA:117,0
DA:119,0
DA:122,1
DA:123,0
DA:124,0
DA:126,1
DA:127,0
DA:128,0
LF:83
LH:5
BRF:0
BRH:0
end_of_record
TN:
SF:src/components/Rail.tsx
FN:18,Rail
FN:39,onClick
FN:60,onClick
FN:73,onClick
FNF:4
FNH:2
FNDA:4,Rail
FNDA:0,onClick
FNDA:1,onClick
FNDA:0,onClick
DA:1,1
DA:7,1
DA:8,1
DA:9,1
DA:10,1
DA:11,1
DA:12,1
DA:13,1
DA:14,1
DA:15,1
DA:16,1
DA:18,1
DA:19,4
DA:20,4
DA:22,4
DA:23,4
DA:24,4
DA:25,4
DA:26,4
DA:27,4
DA:34,4
DA:35,4
DA:36,4
DA:37,4
DA:38,4
DA:39,4
DA:40,0
DA:41,0
DA:42,0
DA:43,4
DA:44,4
DA:46,4
DA:47,4
DA:48,4
DA:49,4
DA:50,4
DA:51,4
DA:52,4
DA:53,4
DA:54,32
DA:55,32
DA:56,32
DA:57,32
DA:58,32
DA:59,32
DA:60,32
DA:61,32
DA:62,32
DA:64,32
DA:65,32
DA:66,32
DA:68,4
DA:69,4
DA:70,4
DA:71,4
DA:72,4
DA:73,4
DA:74,4
DA:75,4
DA:77,4
DA:78,4
DA:79,4
DA:80,4
DA:82,4
LF:64
LH:61
BRDA:18,0,0,4
BRDA:22,1,0,0
BRDA:25,2,0,0
BRDA:27,3,0,0
BRDA:47,4,0,0
BRDA:74,5,0,0
BRDA:75,6,0,0
BRDA:77,7,0,0
BRDA:78,8,0,0
BRDA:53,9,0,32
BRDA:59,10,0,4
BRDA:59,11,0,28
BRDA:61,12,0,4
BRDA:61,13,0,28
BRDA:62,14,0,0
BRDA:64,15,0,0
BRDA:60,16,0,1
BRF:17
BRH:7
end_of_record
TN:
SF:src/components/ShortcutsHelp.tsx
FN:17,ShortcutsHelp
FN:24,onOpen
FN:31,onClick
FN:32,onClick
FN:35,onClick
FNF:5
FNH:1
FNDA:4,ShortcutsHelp
FNDA:0,onOpen
FNDA:0,onClick
FNDA:0,onClick
FNDA:0,onClick
DA:1,1
DA:8,1
DA:9,1
DA:10,1
DA:11,1
DA:12,1
DA:13,1
DA:14,1
DA:17,1
DA:18,4
DA:19,4
DA:20,4
DA:23,4
DA:24,3
DA:25,3
DA:26,3
DA:27,4
DA:29,4
DA:30,0
DA:31,0
DA:32,0
DA:33,0
DA:34,0
DA:35,0
DA:36,0
DA:37,0
DA:38,0
DA:39,0
DA:40,0
DA:41,0
DA:42,0
DA:43,0
DA:44,0
DA:45,0
DA:46,0
DA:47,0
DA:48,0
DA:49,0
DA:50,0
DA:52,0
LF:40
LH:18
BRDA:17,0,0,4
BRDA:29,1,0,0
BRDA:23,2,0,3
BRDA:26,3,0,3
BRF:4
BRH:3
end_of_record
TN:
SF:src/components/Toast.tsx
FN:4,ToastRack
FNF:1
FNH:1
FNDA:3,ToastRack
DA:1,1
DA:4,1
DA:5,3
DA:6,3
DA:7,0
DA:8,0
DA:9,0
DA:10,0
DA:11,0
DA:12,0
DA:13,0
DA:14,0
DA:16,0
DA:17,0
DA:18,0
DA:19,0
DA:21,0
LF:17
LH:4
BRDA:4,0,0,3
BRDA:6,1,0,0
BRF:2
BRH:1
end_of_record
TN:
SF:src/components/Topbar.tsx
FN:25,openNewTerminal
FN:56,Topbar
FN:63,onClick
FN:82,onClick
FN:126,onClick
FNF:5
FNH:2
FNDA:0,openNewTerminal
FNDA:3,Topbar
FNDA:0,onClick
FNDA:1,onClick
FNDA:0,onClick
DA:1,1
DA:25,0
DA:26,0
DA:27,0
DA:31,0
DA:32,0
DA:37,0
DA:38,0
DA:39,0
DA:40,0
DA:41,0
DA:42,0
DA:43,0
DA:44,0
DA:45,0
DA:46,0
DA:47,0
DA:48,0
DA:49,0
DA:52,0
DA:53,0
DA:54,0
DA:56,1
DA:57,3
DA:58,3
DA:59,3
DA:60,3
DA:61,3
DA:62,3
DA:63,3
DA:66,0
DA:67,0
DA:68,0
DA:69,0
DA:70,0
DA:71,3
DA:72,3
DA:74,3
DA:75,3
DA:76,3
DA:77,3
DA:78,3
DA:79,3
DA:80,3
DA:81,3
DA:82,3
DA:83,3
DA:85,3
DA:86,3
DA:87,3
DA:88,3
DA:89,3
DA:90,3
DA:91,3
DA:92,3
DA:93,3
DA:94,3
DA:95,3
DA:96,3
DA:97,3
DA:98,3
DA:99,3
DA:100,3
DA:102,3
DA:103,3
DA:107,3
DA:108,0
DA:109,0
DA:110,0
DA:111,0
DA:112,0
DA:113,0
DA:114,0
DA:115,0
DA:116,0
DA:118,0
DA:119,0
DA:121,3
DA:122,3
DA:123,3
DA:124,3
DA:125,3
DA:126,3
DA:127,3
DA:129,3
DA:130,3
DA:131,3
DA:132,3
DA:134,3
LF:89
LH:52
BRDA:56,0,0,3
BRDA:107,1,0,0
BRDA:125,2,0,0
BRDA:127,3,0,0
BRDA:129,4,0,0
BRDA:82,5,0,1
BRF:6
BRH:2
end_of_record
TN:
SF:src/components/WaitingBadge.tsx
FN:24,WaitingBadge
FN:29,onClick
FNF:2
FNH:2
FNDA:11,WaitingBadge
FNDA:1,onClick
DA:1,1
DA:16,1
DA:17,11
DA:18,1
DA:24,1
DA:25,11
DA:26,11
DA:27,3
DA:29,3
DA:30,1
DA:31,1
DA:32,1
DA:33,1
DA:34,1
DA:36,3
DA:37,2
DA:38,1
DA:40,11
DA:41,11
DA:42,11
DA:43,11
DA:44,11
DA:45,11
DA:46,11
DA:48,11
DA:49,11
DA:50,11
DA:51,11
DA:53,11
LF:29
LH:29
BRDA:16,0,0,11
BRDA:17,1,0,9
BRDA:24,2,0,11
BRDA:26,3,0,8
BRDA:26,4,0,3
BRDA:36,5,0,2
BRDA:37,6,0,1
BRDA:29,7,0,1
BRF:8
BRH:8
end_of_record
TN:
SF:src/components/primitives/Button.tsx
FN:14,Button
FNF:1
FNH:1
FNDA:69,Button
DA:1,1
DA:14,1
DA:15,69
DA:16,69
DA:17,69
DA:18,69
DA:19,69
DA:20,69
DA:22,69
DA:23,69
DA:24,69
DA:25,69
LF:12
LH:12
BRDA:14,0,0,69
BRDA:19,1,0,18
BRDA:19,2,0,51
BRDA:20,3,0,67
BRDA:20,4,0,67
BRF:5
BRH:5
end_of_record
TN:
SF:src/components/primitives/EmptyState.tsx
FN:11,EmptyState
FNF:1
FNH:1
FNDA:8,EmptyState
DA:1,1
DA:11,1
DA:12,8
DA:13,8
DA:14,8
DA:15,8
DA:16,8
DA:17,8
DA:18,8
DA:20,8
LF:10
LH:10
BRDA:11,0,0,8
BRDA:17,1,0,1
BRF:2
BRH:2
end_of_record
TN:
SF:src/components/primitives/Input.tsx
FN:8,Input
FNF:1
FNH:1
FNDA:28,Input
DA:1,1
DA:8,1
DA:9,28
DA:10,28
LF:4
LH:4
BRDA:8,0,0,28
BRDA:9,1,0,0
BRF:2
BRH:1
end_of_record
TN:
SF:src/components/primitives/Pill.tsx
FN:6,Pill
FNF:1
FNH:1
FNDA:24,Pill
DA:1,1
DA:6,1
DA:7,24
DA:8,24
DA:9,24
DA:10,24
DA:16,24
DA:17,24
DA:18,24
DA:19,24
DA:20,24
DA:22,24
LF:12
LH:12
BRDA:6,0,0,24
BRDA:18,1,0,0
BRF:2
BRH:1
end_of_record
TN:
SF:src/hooks/useEscape.ts
FN:12,ensureListener
FN:24,useEscape
FN:37,_resetEscapeStack
FNF:3
FNH:2
FNDA:11,ensureListener
FNDA:43,useEscape
FNDA:0,_resetEscapeStack
DA:1,1
DA:9,1
DA:11,1
DA:12,11
DA:13,11
DA:14,3
DA:15,3
DA:16,11
DA:17,3
DA:18,3
DA:19,3
DA:20,3
DA:21,3
DA:22,3
DA:24,1
DA:25,43
DA:26,26
DA:27,11
DA:28,11
DA:29,11
DA:30,11
DA:31,11
DA:32,11
DA:33,43
DA:34,43
DA:37,1
DA:38,0
DA:39,0
LF:28
LH:26
BRDA:12,0,0,11
BRDA:13,1,0,3
BRDA:13,2,0,10
BRDA:13,3,0,8
BRDA:13,4,0,3
BRDA:15,5,0,11
BRDA:16,6,0,8
BRDA:16,7,0,3
BRDA:18,8,0,0
BRDA:18,9,0,3
BRDA:24,10,0,43
BRDA:25,11,0,26
BRDA:26,12,0,15
BRDA:26,13,0,11
BRDA:29,14,0,11
BRF:15
BRH:14
end_of_record
TN:
SF:src/hooks/useMediaQuery.ts
FN:3,useMediaQuery
FN:4,get
FN:13,onChange
FN:28,useIsMobile
FNF:4
FNH:3
FNDA:58,useMediaQuery
FNDA:31,get
FNDA:0,onChange
FNDA:58,useIsMobile
DA:1,1
DA:3,1
DA:4,58
DA:5,31
DA:6,31
DA:7,0
DA:8,58
DA:10,58
DA:11,30
DA:12,30
DA:13,30
DA:14,30
DA:15,30
DA:16,30
DA:17,30
DA:18,30
DA:20,0
DA:21,0
DA:22,0
DA:23,58
DA:25,58
DA:26,58
DA:28,1
LF:23
LH:19
BRDA:3,0,0,58
BRDA:4,1,0,31
BRDA:6,2,0,0
BRDA:10,3,0,30
BRDA:11,4,0,0
BRDA:18,5,0,0
BRDA:17,6,0,30
BRDA:28,7,0,58
BRF:8
BRH:5
end_of_record
TN:
SF:src/hooks/usePoll.ts
FN:33,usePoll
FN:54,isHidden
FN:59,computeDelay
FN:65,schedule
FN:70,tick
FN:94,onVisibility
FNF:6
FNH:5
FNDA:6,usePoll
FNDA:8,isHidden
FNDA:7,computeDelay
FNDA:7,schedule
FNDA:8,tick
FNDA:0,onVisibility
DA:1,1
DA:33,1
DA:34,6
DA:35,6
DA:36,6
DA:37,6
DA:38,6
DA:39,6
DA:40,6
DA:41,6
DA:42,6
DA:43,6
DA:44,6
DA:45,6
DA:47,6
DA:48,6
DA:49,5
DA:50,5
DA:51,5
DA:52,5
DA:54,5
DA:55,8
DA:56,8
DA:57,8
DA:59,5
DA:60,7
DA:61,2
DA:62,2
DA:63,7
DA:65,5
DA:66,7
DA:67,7
DA:68,7
DA:70,5
DA:71,8
DA:72,8
DA:75,1
DA:76,1
DA:77,1
DA:78,8
DA:79,0
DA:80,0
DA:81,0
DA:82,7
DA:83,7
DA:84,7
DA:85,5
DA:86,8
DA:87,2
DA:88,8
DA:89,7
DA:90,7
DA:91,7
DA:92,8
DA:94,5
DA:95,0
DA:96,0
DA:97,0
DA:101,5
DA:102,6
DA:103,5
DA:104,5
DA:105,5
DA:106,5
DA:107,5
DA:108,5
DA:109,5
DA:110,5
DA:111,5
DA:112,6
DA:113,6
LF:71
LH:65
BRDA:33,0,0,6
BRDA:47,1,0,6
BRDA:48,2,0,1
BRDA:48,3,0,5
BRDA:102,4,0,5
BRDA:54,5,0,8
BRDA:59,6,0,7
BRDA:60,7,0,5
BRDA:60,8,0,2
BRDA:65,9,0,7
BRDA:66,10,0,0
BRDA:70,11,0,8
BRDA:71,12,0,0
BRDA:72,13,0,1
BRDA:77,14,0,7
BRDA:78,15,0,0
BRDA:81,16,0,7
BRDA:84,17,0,5
BRDA:86,18,0,2
BRDA:88,19,0,7
BRDA:105,20,0,5
BRDA:107,21,0,4
BRF:22
BRH:19
end_of_record
TN:
SF:src/hooks/useScrollLock.ts
FN:6,useScrollLock
FNF:1
FNH:1
FNDA:39,useScrollLock
DA:1,1
DA:3,1
DA:4,1
DA:6,1
DA:7,39
DA:8,22
DA:9,10
DA:10,10
DA:11,10
DA:12,10
DA:13,10
DA:14,10
DA:15,10
DA:16,10
DA:17,10
DA:18,10
DA:19,10
DA:20,39
DA:21,39
LF:19
LH:19
BRDA:6,0,0,39
BRDA:7,1,0,22
BRDA:8,2,0,12
BRDA:8,3,0,10
BRDA:14,4,0,10
BRF:5
BRH:5
end_of_record
TN:
SF:src/hooks/useShortcut.ts
FN:13,isEditable
FN:21,useShortcut
FN:23,onKey
FNF:3
FNH:3
FNDA:1,isEditable
FNDA:11,useShortcut
FNDA:4,onKey
DA:1,1
DA:13,1
DA:14,1
DA:15,1
DA:16,1
DA:17,0
DA:18,0
DA:19,0
DA:21,1
DA:22,11
DA:23,9
DA:24,4
DA:25,4
DA:26,4
DA:27,4
DA:28,4
DA:29,2
DA:30,4
DA:31,9
DA:32,9
DA:33,11
DA:34,11
LF:22
LH:19
BRDA:13,0,0,1
BRDA:14,1,0,0
BRDA:16,2,0,0
BRDA:16,3,0,0
BRDA:16,4,0,0
BRDA:21,5,0,11
BRDA:22,6,0,9
BRDA:23,7,0,4
BRDA:24,8,0,0
BRDA:25,9,0,3
BRDA:25,10,0,2
BRDA:25,11,0,1
BRDA:25,12,0,3
BRDA:26,13,0,1
BRDA:26,14,0,0
BRDA:26,15,0,3
BRDA:27,16,0,0
BRDA:27,17,0,0
BRDA:27,18,0,3
BRDA:28,19,0,1
BRDA:28,20,0,1
BRDA:28,21,0,2
BRDA:32,22,0,9
BRF:23
BRH:15
end_of_record
TN:
SF:src/routes/Shell.tsx
FN:37,Shell
FN:75,onClose
FNF:2
FNH:1
FNDA:4,Shell
FNDA:0,onClose
DA:1,1
DA:26,1
DA:27,1
DA:28,1
DA:29,1
DA:30,1
DA:31,1
DA:32,1
DA:33,1
DA:34,1
DA:35,1
DA:37,1
DA:38,4
DA:39,4
DA:42,4
DA:43,0
DA:44,0
DA:45,4
DA:53,4
DA:54,4
DA:55,3
DA:56,3
DA:57,4
DA:59,4
DA:60,4
DA:61,4
DA:62,4
DA:63,4
DA:64,4
DA:65,4
DA:66,4
DA:67,4
DA:68,4
DA:69,4
DA:70,4
DA:71,4
DA:72,4
DA:73,4
DA:74,4
DA:75,4
DA:76,4
DA:77,4
DA:79,4
DA:80,4
DA:81,4
DA:83,4
LF:46
LH:44
BRDA:37,0,0,4
BRDA:39,1,0,0
BRDA:54,2,0,3
BRDA:56,3,0,0
BRF:4
BRH:2
end_of_record
TN:
SF:src/routes/apps/AppEmbed.tsx
FN:14,AppEmbed
FNF:1
FNH:0
FNDA:0,AppEmbed
DA:1,1
DA:14,1
DA:15,0
DA:18,0
DA:23,0
DA:24,0
DA:25,0
DA:26,0
DA:28,0
DA:30,0
DA:31,0
DA:32,0
DA:33,0
DA:34,0
DA:35,0
DA:36,0
DA:37,0
DA:38,0
DA:39,0
DA:40,0
DA:41,0
DA:43,0
DA:44,0
DA:45,0
DA:46,0
DA:47,0
DA:48,0
DA:50,0
DA:51,0
DA:52,0
DA:53,0
DA:54,0
DA:55,0
DA:56,0
DA:57,0
DA:58,0
DA:64,0
DA:65,0
DA:66,0
DA:68,0
LF:40
LH:2
BRF:0
BRH:0
end_of_record
TN:
SF:src/routes/apps/index.tsx
FN:31,refresh
FN:44,AppsRoute
FN:69,AppsList
FN:155,AppRow
FN:230,StatusPill
FN:236,PinDialog
FNF:6
FNH:0
FNDA:0,refresh
FNDA:0,AppsRoute
FNDA:0,AppsList
FNDA:0,AppRow
FNDA:0,StatusPill
FNDA:0,PinDialog
DA:1,1
DA:26,1
DA:27,1
DA:28,1
DA:29,1
DA:31,0
DA:32,0
DA:33,0
DA:34,0
DA:35,0
DA:36,0
DA:37,0
DA:38,0
DA:39,0
DA:40,0
DA:41,0
DA:42,0
DA:44,1
DA:47,0
DA:48,0
DA:50,0
DA:51,0
DA:56,0
DA:57,0
DA:58,0
DA:59,0
DA:60,0
DA:61,0
DA:63,0
DA:64,0
DA:65,0
DA:66,0
DA:67,0
DA:69,0
DA:70,0
DA:71,0
DA:73,0
DA:74,0
DA:75,0
DA:76,0
DA:77,0
DA:78,0
DA:79,0
DA:82,0
DA:83,0
DA:84,0
DA:85,0
DA:86,0
DA:87,0
DA:88,0
DA:89,0
DA:90,0
DA:91,0
DA:93,0
DA:94,0
DA:95,0
DA:97,0
DA:99,0
DA:101,0
DA:102,0
DA:103,0
DA:104,0
DA:105,0
DA:106,0
DA:108,0
DA:109,0
DA:110,0
DA:111,0
DA:112,0
DA:113,0
DA:114,0
DA:115,0
DA:116,0
DA:117,0
DA:120,0
DA:121,0
DA:122,0
DA:123,0
DA:124,0
DA:125,0
DA:126,0
DA:129,0
DA:130,0
DA:131,0
DA:132,0
DA:133,0
DA:134,0
DA:135,0
DA:136,0
DA:137,0
DA:138,0
DA:139,0
DA:140,0
DA:141,0
DA:142,0
DA:143,0
DA:144,0
DA:145,0
DA:146,0
DA:147,0
DA:148,0
DA:149,0
DA:150,0
DA:151,0
DA:153,0
DA:155,0
DA:156,0
DA:157,0
DA:158,0
DA:163,0
DA:164,0
DA:165,0
DA:166,0
DA:167,0
DA:168,0
DA:169,0
DA:170,0
DA:171,0
DA:172,0
DA:173,0
DA:174,0
DA:175,0
DA:176,0
DA:177,0
DA:178,0
DA:179,0
DA:180,0
DA:181,0
DA:182,0
DA:183,0
DA:184,0
DA:185,0
DA:186,0
DA:187,0
DA:188,0
DA:189,0
DA:190,0
DA:191,0
DA:192,0
DA:193,0
DA:194,0
DA:195,0
DA:197,0
DA:198,0
DA:199,0
DA:200,0
DA:201,0
DA:202,0
DA:203,0
DA:204,0
DA:205,0
DA:207,0
DA:208,0
DA:209,0
DA:211,0
DA:212,0
DA:213,0
DA:214,0
DA:215,0
DA:216,0
DA:217,0
DA:218,0
DA:219,0
DA:221,0
DA:222,0
DA:223,0
DA:224,0
DA:225,0
DA:226,0
DA:228,0
DA:230,0
DA:231,0
DA:232,0
DA:233,0
DA:234,0
DA:236,0
DA:237,0
DA:238,0
DA:239,0
DA:240,0
DA:246,0
DA:247,0
DA:248,0
DA:250,0
DA:251,0
DA:252,0
DA:253,0
DA:254,0
DA:255,0
DA:256,0
DA:257,0
DA:258,0
DA:259,0
DA:260,0
DA:261,0
DA:262,0
DA:263,0
DA:264,0
DA:265,0
DA:266,0
DA:267,0
DA:268,0
DA:269,0
DA:270,0
DA:271,0
DA:273,0
DA:274,0
DA:275,0
DA:276,0
DA:277,0
DA:278,0
DA:279,0
DA:280,0
DA:282,0
DA:283,0
DA:286,0
DA:287,0
DA:288,0
DA:290,0
DA:291,0
DA:292,0
DA:293,0
DA:294,0
DA:295,0
DA:296,0
DA:298,0
DA:299,0
DA:300,0
DA:301,0
DA:303,0
DA:304,0
DA:305,0
DA:306,0
DA:308,0
DA:309,0
DA:310,0
DA:311,0
DA:312,0
DA:313,0
DA:314,0
DA:315,0
DA:316,0
DA:317,0
DA:318,0
DA:319,0
DA:320,0
DA:321,0
DA:322,0
DA:323,0
DA:324,0
DA:325,0
DA:326,0
DA:327,0
DA:328,0
DA:330,0
DA:331,0
DA:332,0
DA:333,0
DA:334,0
DA:335,0
DA:336,0
DA:338,0
LF:262
LH:6
BRF:0
BRH:0
end_of_record
TN:
SF:src/routes/desktop/DesktopBulletin.tsx
FN:17,attentionRank
FN:28,relativeTime
FN:37,navigateToEntry
FN:41,DesktopBulletin
FNF:4
FNH:0
FNDA:0,attentionRank
FNDA:0,relativeTime
FNDA:0,navigateToEntry
FNDA:0,DesktopBulletin
DA:1,1
DA:17,0
DA:18,0
DA:19,0
DA:20,0
DA:21,0
DA:23,1
DA:24,1
DA:25,1
DA:26,1
DA:28,0
DA:29,0
DA:30,0
DA:31,0
DA:32,0
DA:33,0
DA:34,0
DA:35,0
DA:37,0
DA:38,0
DA:39,0
DA:41,1
DA:42,0
DA:43,0
DA:45,0
DA:46,0
DA:47,0
DA:48,0
DA:49,0
DA:50,0
DA:51,0
DA:52,0
DA:53,0
DA:54,0
DA:55,0
DA:56,0
DA:57,0
DA:58,0
DA:59,0
DA:60,0
DA:61,0
DA:62,0
DA:63,0
DA:65,0
DA:66,0
DA:67,0
DA:68,0
DA:69,0
DA:70,0
DA:71,0
DA:72,0
DA:73,0
DA:74,0
DA:75,0
DA:76,0
DA:80,0
DA:81,0
DA:82,0
DA:83,0
DA:84,0
DA:85,0
DA:89,0
DA:91,0
DA:92,0
DA:93,0
DA:94,0
DA:95,0
DA:96,0
DA:97,0
DA:98,0
DA:99,0
DA:100,0
DA:101,0
DA:102,0
DA:103,0
DA:104,0
DA:105,0
DA:106,0
DA:107,0
DA:108,0
DA:110,0
DA:111,0
DA:112,0
DA:113,0
DA:114,0
DA:115,0
DA:116,0
DA:117,0
DA:119,0
DA:120,0
DA:121,0
DA:123,0
DA:124,0
DA:125,0
DA:126,0
DA:127,0
DA:128,0
DA:129,0
DA:130,0
DA:131,0
DA:132,0
DA:133,0
DA:134,0
DA:135,0
DA:136,0
DA:137,0
DA:139,0
LF:107
LH:6
BRF:0
BRH:0
end_of_record
TN:
SF:src/routes/desktop/DesktopEditor.tsx
FN:6,DesktopEditor
FNF:1
FNH:0
FNDA:0,DesktopEditor
DA:1,1
DA:6,1
DA:7,0
DA:12,0
DA:13,0
DA:14,0
DA:15,0
DA:16,0
DA:19,0
DA:20,0
DA:21,0
DA:22,0
DA:23,0
DA:24,0
DA:25,0
DA:26,0
DA:28,0
DA:29,0
DA:30,0
DA:31,0
DA:32,0
DA:33,0
DA:34,0
DA:35,0
DA:36,0
DA:37,0
DA:38,0
DA:39,0
DA:40,0
DA:41,0
DA:42,0
DA:43,0
DA:44,0
DA:45,0
DA:46,0
DA:47,0
DA:48,0
DA:49,0
DA:50,0
DA:51,0
DA:52,0
DA:53,0
DA:54,0
DA:55,0
DA:56,0
DA:57,0
DA:58,0
DA:59,0
DA:61,0
DA:62,0
DA:64,0
DA:65,0
DA:66,0
DA:67,0
DA:68,0
DA:69,0
DA:71,0
DA:72,0
DA:73,0
DA:74,0
DA:75,0
DA:76,0
DA:77,0
DA:78,0
DA:79,0
DA:80,0
DA:81,0
DA:82,0
DA:83,0
DA:84,0
DA:85,0
DA:86,0
DA:87,0
DA:88,0
DA:89,0
DA:90,0
DA:91,0
DA:92,0
DA:93,0
DA:94,0
DA:95,0
DA:97,0
DA:98,0
DA:99,0
DA:100,0
DA:101,0
DA:102,0
DA:103,0
DA:104,0
DA:105,0
DA:106,0
DA:107,0
DA:108,0
DA:110,0
DA:111,0
DA:112,0
DA:113,0
DA:114,0
DA:115,0
DA:116,0
DA:117,0
DA:118,0
DA:119,0
DA:120,0
DA:121,0
DA:122,0
DA:123,0
DA:124,0
DA:125,0
DA:127,0
DA:128,0
DA:129,0
DA:130,0
DA:131,0
DA:132,0
DA:133,0
DA:134,0
DA:135,0
DA:136,0
DA:137,0
DA:138,0
DA:139,0
DA:140,0
DA:141,0
DA:142,0
DA:143,0
DA:144,0
DA:145,0
DA:146,0
DA:147,0
DA:148,0
DA:149,0
DA:150,0
DA:151,0
DA:152,0
DA:153,0
DA:154,0
DA:155,0
DA:156,0
DA:157,0
DA:160,0
DA:161,0
DA:162,0
DA:163,0
DA:164,0
DA:165,0
DA:166,0
DA:167,0
DA:168,0
DA:169,0
DA:170,0
DA:171,0
DA:172,0
DA:173,0
DA:174,0
DA:175,0
DA:176,0
DA:177,0
DA:178,0
DA:179,0
DA:180,0
DA:181,0
DA:184,0
DA:185,0
DA:186,0
DA:187,0
DA:188,0
DA:189,0
DA:190,0
DA:191,0
DA:192,0
DA:193,0
DA:194,0
DA:195,0
DA:196,0
DA:197,0
DA:198,0
DA:199,0
DA:200,0
DA:201,0
DA:202,0
DA:203,0
DA:204,0
DA:205,0
DA:206,0
DA:207,0
DA:208,0
DA:209,0
DA:210,0
DA:211,0
DA:212,0
DA:214,0
DA:215,0
DA:216,0
DA:217,0
DA:218,0
DA:219,0
DA:220,0
DA:222,0
LF:199
LH:2
BRF:0
BRH:0
end_of_record
TN:
SF:src/routes/desktop/index.tsx
FN:30,renderIconValue
FN:38,DesktopRoute
FN:255,DesktopCell
FN:336,formatHotkey
FNF:4
FNH:0
FNDA:0,renderIconValue
FNDA:0,DesktopRoute
FNDA:0,DesktopCell
FNDA:0,formatHotkey
DA:1,1
DA:30,0
DA:31,0
DA:32,0
DA:33,0
DA:34,0
DA:35,0
DA:36,0
DA:38,1
DA:39,0
DA:40,0
DA:41,0
DA:43,0
DA:44,0
DA:45,0
DA:52,0
DA:53,0
DA:54,0
DA:55,0
DA:56,0
DA:57,0
DA:58,0
DA:59,0
DA:60,0
DA:61,0
DA:62,0
DA:63,0
DA:64,0
DA:65,0
DA:66,0
DA:67,0
DA:68,0
DA:69,0
DA:70,0
DA:71,0
DA:72,0
DA:73,0
DA:74,0
DA:75,0
DA:76,0
DA:77,0
DA:78,0
DA:79,0
DA:80,0
DA:81,0
DA:82,0
DA:83,0
DA:84,0
DA:85,0
DA:86,0
DA:88,0
DA:89,0
DA:90,0
DA:91,0
DA:92,0
DA:93,0
DA:94,0
DA:95,0
DA:96,0
DA:97,0
DA:98,0
DA:99,0
DA:100,0
DA:102,0
DA:103,0
DA:104,0
DA:110,0
DA:111,0
DA:112,0
DA:113,0
DA:119,0
DA:123,0
DA:124,0
DA:125,0
DA:126,0
DA:127,0
DA:128,0
DA:129,0
DA:130,0
DA:131,0
DA:132,0
DA:133,0
DA:134,0
DA:135,0
DA:136,0
DA:137,0
DA:138,0
DA:139,0
DA:140,0
DA:141,0
DA:142,0
DA:143,0
DA:145,0
DA:146,0
DA:147,0
DA:149,0
DA:150,0
DA:151,0
DA:152,0
DA:153,0
DA:154,0
DA:155,0
DA:156,0
DA:157,0
DA:158,0
DA:159,0
DA:160,0
DA:161,0
DA:163,0
DA:164,0
DA:165,0
DA:166,0
DA:167,0
DA:168,0
DA:169,0
DA:170,0
DA:171,0
DA:172,0
DA:173,0
DA:174,0
DA:175,0
DA:176,0
DA:177,0
DA:178,0
DA:179,0
DA:180,0
DA:183,0
DA:184,0
DA:185,0
DA:186,0
DA:187,0
DA:188,0
DA:189,0
DA:190,0
DA:191,0
DA:192,0
DA:193,0
DA:194,0
DA:195,0
DA:197,0
DA:198,0
DA:201,0
DA:202,0
DA:203,0
DA:204,0
DA:205,0
DA:206,0
DA:208,0
DA:209,0
DA:210,0
DA:211,0
DA:212,0
DA:213,0
DA:214,0
DA:215,0
DA:216,0
DA:217,0
DA:218,0
DA:220,0
DA:221,0
DA:222,0
DA:223,0
DA:224,0
DA:226,0
DA:227,0
DA:228,0
DA:229,0
DA:230,0
DA:231,0
DA:232,0
DA:233,0
DA:234,0
DA:235,0
DA:236,0
DA:239,0
DA:240,0
DA:241,0
DA:242,0
DA:243,0
DA:244,0
DA:245,0
DA:246,0
DA:247,0
DA:248,0
DA:249,0
DA:250,0
DA:251,0
DA:253,0
DA:255,0
DA:256,0
DA:266,0
DA:267,0
DA:268,0
DA:269,0
DA:270,0
DA:271,0
DA:272,0
DA:273,0
DA:274,0
DA:275,0
DA:276,0
DA:277,0
DA:278,0
DA:279,0
DA:281,0
DA:282,0
DA:283,0
DA:284,0
DA:285,0
DA:286,0
DA:287,0
DA:288,0
DA:290,0
DA:291,0
DA:292,0
DA:293,0
DA:294,0
DA:295,0
DA:296,0
DA:297,0
DA:298,0
DA:300,0
DA:301,0
DA:302,0
DA:303,0
DA:304,0
DA:305,0
DA:306,0
DA:307,0
DA:308,0
DA:310,0
DA:311,0
DA:312,0
DA:313,0
DA:314,0
DA:315,0
DA:316,0
DA:317,0
DA:319,0
DA:320,0
DA:321,0
DA:322,0
DA:323,0
DA:324,0
DA:325,0
DA:326,0
DA:328,0
DA:329,0
DA:330,0
DA:331,0
DA:332,0
DA:334,0
DA:336,0
DA:337,0
DA:338,0
DA:339,0
DA:340,0
DA:341,0
DA:342,0
DA:343,0
DA:344,0
DA:345,0
DA:346,0
DA:347,0
DA:348,0
LF:265
LH:2
BRF:0
BRH:0
end_of_record
TN:
SF:src/routes/docs/Article.tsx
FN:16,DocsArticle
FN:70,preprocess
FN:99,renderMarkdown
FNF:3
FNH:0
FNDA:0,DocsArticle
FNDA:0,preprocess
FNDA:0,renderMarkdown
DA:1,1
DA:16,1
DA:17,0
DA:18,0
DA:20,0
DA:22,0
DA:23,0
DA:24,0
DA:26,0
DA:27,0
DA:28,0
DA:29,0
DA:31,0
DA:32,0
DA:33,0
DA:34,0
DA:35,0
DA:36,0
DA:38,0
DA:39,0
DA:40,0
DA:41,0
DA:42,0
DA:44,0
DA:45,0
DA:46,0
DA:47,0
DA:48,0
DA:49,0
DA:50,0
DA:51,0
DA:52,0
DA:53,0
DA:54,0
DA:55,0
DA:56,0
DA:58,0
DA:59,0
DA:60,0
DA:62,0
DA:70,0
DA:71,0
DA:72,0
DA:73,0
DA:74,0
DA:75,0
DA:76,0
DA:77,0
DA:78,0
DA:79,0
DA:80,0
DA:81,0
DA:82,0
DA:83,0
DA:84,0
DA:85,0
DA:86,0
DA:87,0
DA:88,0
DA:89,0
DA:90,0
DA:91,0
DA:92,0
DA:93,0
DA:94,0
DA:95,0
DA:96,0
DA:97,0
DA:99,0
DA:100,0
DA:101,0
DA:102,0
DA:103,0
DA:104,0
DA:105,0
DA:106,0
DA:108,0
DA:109,0
DA:110,0
DA:111,0
DA:115,0
DA:116,0
DA:117,0
DA:118,0
DA:119,0
DA:120,0
DA:121,0
LF:87
LH:2
BRF:0
BRH:0
end_of_record
TN:
SF:src/routes/docs/Sidebar.tsx
FN:9,DocsSidebar
FNF:1
FNH:0
FNDA:0,DocsSidebar
DA:1,1
DA:9,1
DA:10,0
DA:11,0
DA:12,0
DA:13,0
DA:14,0
DA:15,0
DA:16,0
DA:17,0
DA:18,0
DA:19,0
DA:20,0
DA:21,0
DA:22,0
DA:23,0
DA:24,0
DA:25,0
DA:26,0
DA:27,0
DA:28,0
DA:29,0
DA:31,0
DA:32,0
DA:33,0
DA:34,0
DA:36,0
DA:37,0
DA:38,0
DA:39,0
DA:40,0
DA:42,0
LF:32
LH:2
BRF:0
BRH:0
end_of_record
TN:
SF:src/routes/docs/index.tsx
FN:19,DocsRoute
FNF:1
FNH:0
FNDA:0,DocsRoute
DA:1,1
DA:19,1
DA:20,0
DA:22,0
DA:23,0
DA:24,0
DA:27,0
DA:28,0
DA:29,0
DA:30,0
DA:31,0
DA:33,0
DA:34,0
DA:36,0
DA:37,0
DA:38,0
DA:39,0
DA:40,0
DA:42,0
DA:43,0
DA:44,0
DA:46,0
DA:47,0
DA:48,0
DA:49,0
DA:50,0
DA:51,0
DA:54,0
DA:55,0
DA:56,0
DA:57,0
DA:58,0
DA:59,0
DA:61,0
DA:62,0
DA:63,0
DA:64,0
DA:65,0
DA:66,0
DA:68,0
DA:69,0
DA:70,0
DA:71,0
DA:72,0
DA:74,0
DA:75,0
DA:76,0
DA:77,0
DA:78,0
DA:80,0
LF:50
LH:2
BRF:0
BRH:0
end_of_record
TN:
SF:src/routes/files/index.tsx
FN:10,fmtSize
FN:17,FilesRoute
FN:210,OpenInVscode
FNF:3
FNH:0
FNDA:0,fmtSize
FNDA:0,FilesRoute
FNDA:0,OpenInVscode
DA:1,1
DA:10,0
DA:11,0
DA:12,0
DA:13,0
DA:14,0
DA:15,0
DA:17,1
DA:18,0
DA:19,0
DA:20,0
DA:21,0
DA:22,0
DA:23,0
DA:25,0
DA:26,0
DA:27,0
DA:28,0
DA:29,0
DA:30,0
DA:31,0
DA:32,0
DA:33,0
DA:34,0
DA:35,0
DA:36,0
DA:37,0
DA:38,0
DA:40,0
DA:41,0
DA:42,0
DA:44,0
DA:45,0
DA:46,0
DA:47,0
DA:48,0
DA:50,0
DA:51,0
DA:52,0
DA:53,0
DA:54,0
DA:55,0
DA:57,0
DA:58,0
DA:59,0
DA:60,0
DA:61,0
DA:62,0
DA:63,0
DA:64,0
DA:65,0
DA:66,0
DA:67,0
DA:68,0
DA:69,0
DA:70,0
DA:71,0
DA:72,0
DA:74,0
DA:75,0
DA:76,0
DA:77,0
DA:78,0
DA:79,0
DA:80,0
DA:81,0
DA:82,0
DA:83,0
DA:84,0
DA:85,0
DA:86,0
DA:87,0
DA:89,0
DA:90,0
DA:92,0
DA:93,0
DA:94,0
DA:95,0
DA:96,0
DA:97,0
DA:98,0
DA:99,0
DA:100,0
DA:101,0
DA:102,0
DA:103,0
DA:104,0
DA:105,0
DA:106,0
DA:107,0
DA:108,0
DA:109,0
DA:110,0
DA:111,0
DA:112,0
DA:114,0
DA:115,0
DA:116,0
DA:117,0
DA:118,0
DA:119,0
DA:120,0
DA:121,0
DA:122,0
DA:124,0
DA:125,0
DA:127,0
DA:129,0
DA:130,0
DA:131,0
DA:132,0
DA:133,0
DA:134,0
DA:135,0
DA:136,0
DA:137,0
DA:138,0
DA:139,0
DA:140,0
DA:141,0
DA:142,0
DA:143,0
DA:144,0
DA:145,0
DA:146,0
DA:147,0
DA:149,0
DA:150,0
DA:151,0
DA:152,0
DA:153,0
DA:154,0
DA:155,0
DA:156,0
DA:157,0
DA:158,0
DA:159,0
DA:160,0
DA:161,0
DA:162,0
DA:163,0
DA:164,0
DA:165,0
DA:166,0
DA:167,0
DA:168,0
DA:169,0
DA:170,0
DA:171,0
DA:172,0
DA:173,0
DA:174,0
DA:175,0
DA:176,0
DA:177,0
DA:178,0
DA:179,0
DA:180,0
DA:181,0
DA:182,0
DA:183,0
DA:184,0
DA:185,0
DA:186,0
DA:187,0
DA:188,0
DA:190,0
DA:191,0
DA:192,0
DA:193,0
DA:194,0
DA:195,0
DA:196,0
DA:197,0
DA:198,0
DA:199,0
DA:201,0
DA:210,0
DA:211,0
DA:212,0
DA:213,0
DA:214,0
DA:215,0
DA:216,0
DA:217,0
DA:218,0
DA:219,0
DA:220,0
DA:221,0
DA:222,0
DA:223,0
DA:224,0
DA:225,0
DA:227,0
DA:228,0
DA:230,0
LF:196
LH:2
BRF:0
BRH:0
end_of_record
TN:
SF:src/routes/memory/MemoryGraph.tsx
FN:39,colorForKind
FN:44,rootNamespace
FN:49,MemoryGraph
FNF:3
FNH:1
FNDA:0,colorForKind
FNDA:0,rootNamespace
FNDA:1,MemoryGraph
DA:1,1
DA:32,1
DA:33,1
DA:34,1
DA:35,1
DA:36,1
DA:37,1
DA:39,0
DA:40,0
DA:41,0
DA:44,0
DA:45,0
DA:46,0
DA:47,0
DA:49,1
DA:50,1
DA:51,1
DA:52,1
DA:53,1
DA:54,1
DA:57,1
DA:58,0
DA:59,0
DA:60,0
DA:61,0
DA:62,0
DA:63,0
DA:64,0
DA:65,0
DA:66,1
DA:68,1
DA:69,1
DA:70,1
DA:71,0
DA:72,0
DA:73,0
DA:74,0
DA:75,0
DA:76,0
DA:77,0
DA:78,0
DA:79,0
DA:80,1
DA:81,1
DA:82,1
DA:84,1
DA:85,1
DA:86,1
DA:87,1
DA:91,1
DA:92,1
DA:93,0
DA:94,0
DA:95,0
DA:96,0
DA:97,0
DA:98,0
DA:99,0
DA:100,0
DA:101,0
DA:102,0
DA:103,1
DA:109,1
DA:110,1
DA:111,0
DA:112,1
DA:117,1
DA:118,0
DA:119,0
DA:120,0
DA:124,0
DA:125,0
DA:126,0
DA:127,0
DA:128,0
DA:129,0
DA:130,0
DA:131,0
DA:132,0
DA:133,0
DA:134,0
DA:136,0
DA:137,0
DA:138,0
DA:139,0
DA:140,0
DA:141,0
DA:142,0
DA:143,0
DA:144,0
DA:145,0
DA:146,0
DA:147,0
DA:148,0
DA:149,0
DA:151,0
DA:153,0
DA:154,0
DA:156,0
DA:158,0
DA:159,0
DA:160,0
DA:161,0
DA:162,0
DA:164,0
DA:165,0
DA:166,0
DA:167,0
DA:168,0
DA:169,0
DA:170,0
DA:171,0
DA:173,0
DA:175,0
DA:176,0
DA:177,0
DA:178,0
DA:180,0
DA:181,0
DA:182,0
DA:183,0
DA:186,0
DA:187,0
DA:188,0
DA:189,0
DA:190,0
DA:191,0
DA:192,0
DA:193,0
DA:194,0
DA:195,0
DA:196,0
DA:197,0
DA:198,0
DA:199,0
DA:200,0
DA:202,0
DA:204,0
DA:206,0
DA:207,0
DA:208,0
DA:209,0
DA:210,0
DA:211,0
DA:212,0
DA:214,0
DA:215,0
DA:216,0
DA:217,1
DA:220,1
DA:221,0
DA:222,0
DA:223,0
DA:224,0
DA:225,0
DA:226,0
DA:227,1
DA:230,1
DA:231,1
DA:232,0
DA:233,1
DA:235,1
DA:236,1
DA:237,1
DA:238,1
DA:240,0
DA:241,0
DA:242,0
DA:243,0
DA:244,0
DA:245,0
DA:246,0
DA:247,0
DA:249,0
DA:250,0
DA:251,0
DA:252,0
DA:253,0
DA:254,0
DA:255,0
DA:256,0
DA:257,0
DA:258,0
DA:259,0
DA:260,0
DA:261,0
DA:262,0
DA:263,0
DA:264,0
DA:265,0
DA:266,0
DA:267,0
DA:268,0
DA:269,0
DA:270,0
DA:271,0
DA:272,0
DA:273,0
DA:274,0
DA:275,0
DA:276,0
DA:277,1
DA:278,1
DA:280,1
LF:204
LH:45
BRDA:49,0,0,1
BRDA:238,1,0,0
BRDA:68,2,0,1
BRDA:85,3,0,1
BRDA:91,4,0,1
BRDA:92,5,0,0
BRDA:230,6,0,1
BRDA:231,7,0,0
BRF:8
BRH:5
end_of_record
TN:
SF:src/routes/memory/index.tsx
FN:38,MemoryRoute
FN:58,onNew
FN:62,onEdit
FN:73,onRowClick
FN:134,onSelect
FN:160,onClose
FN:172,onClose
FN:179,onCancel
FN:180,onSubmit
FN:193,onClose
FN:200,onCancel
FN:201,onSubmit
FN:220,MemoryViewTabs
FN:229,onClick
FN:238,MemoryToolbar
FN:265,onInput
FN:271,onClick
FN:289,MemoryList
FN:322,MemoryDetail
FN:369,onClick
FN:373,onClick
FN:383,onConfirm
FN:387,onCancel
FN:479,MemoryForm
FNF:24
FNH:4
FNDA:1,MemoryRoute
FNDA:0,onNew
FNDA:0,onEdit
FNDA:0,onRowClick
FNDA:0,onSelect
FNDA:0,onClose
FNDA:0,onClose
FNDA:0,onCancel
FNDA:0,onSubmit
FNDA:0,onClose
FNDA:0,onCancel
FNDA:0,onSubmit
FNDA:1,MemoryViewTabs
FNDA:0,onClick
FNDA:1,MemoryToolbar
FNDA:0,onInput
FNDA:0,onClick
FNDA:0,MemoryList
FNDA:1,MemoryDetail
FNDA:0,onClick
FNDA:0,onClick
FNDA:0,onConfirm
FNDA:0,onCancel
FNDA:0,MemoryForm
DA:1,1
DA:38,1
DA:39,1
DA:40,1
DA:46,1
DA:47,1
DA:48,0
DA:49,0
DA:51,1
DA:53,1
DA:54,0
DA:55,0
DA:56,1
DA:58,1
DA:59,0
DA:60,0
DA:61,0
DA:62,1
DA:63,0
DA:64,0
DA:65,0
DA:66,0
DA:67,0
DA:68,0
DA:69,0
DA:70,0
DA:71,0
DA:72,0
DA:73,1
DA:74,0
DA:75,0
DA:76,0
DA:77,0
DA:79,1
DA:81,1
DA:82,1
DA:83,1
DA:84,1
DA:85,1
DA:86,1
DA:87,1
DA:88,1
DA:89,1
DA:90,1
DA:91,1
DA:92,1
DA:93,1
DA:94,1
DA:95,1
DA:97,1
DA:102,1
DA:103,1
DA:104,1
DA:105,1
DA:106,1
DA:107,1
DA:108,1
DA:109,1
DA:110,1
DA:111,1
DA:112,1
DA:113,0
DA:114,1
DA:116,1
DA:117,1
DA:118,1
DA:119,1
DA:120,1
DA:121,1
DA:122,1
DA:124,1
DA:125,1
DA:127,0
DA:128,1
DA:129,1
DA:131,0
DA:132,0
DA:133,0
DA:134,0
DA:137,0
DA:138,0
DA:139,0
DA:140,1
DA:141,1
DA:142,1
DA:143,1
DA:144,1
DA:145,1
DA:146,1
DA:147,1
DA:148,1
DA:149,1
DA:150,1
DA:152,0
DA:153,1
DA:154,1
DA:155,1
DA:156,1
DA:158,1
DA:159,1
DA:160,1
DA:161,0
DA:162,0
DA:163,0
DA:164,1
DA:166,1
DA:167,1
DA:169,1
DA:170,1
DA:171,1
DA:172,1
DA:173,1
DA:174,1
DA:176,1
DA:177,0
DA:178,0
DA:179,0
DA:180,0
DA:181,0
DA:182,0
DA:183,0
DA:184,0
DA:185,0
DA:186,0
DA:187,0
DA:188,1
DA:189,1
DA:191,0
DA:192,0
DA:193,0
DA:194,0
DA:195,0
DA:197,0
DA:198,0
DA:199,0
DA:200,0
DA:201,0
DA:202,0
DA:203,0
DA:204,0
DA:205,0
DA:209,0
DA:210,0
DA:211,0
DA:212,0
DA:213,0
DA:214,0
DA:215,1
DA:216,1
DA:218,1
DA:220,1
DA:221,1
DA:222,1
DA:223,1
DA:224,2
DA:225,2
DA:226,2
DA:227,2
DA:228,2
DA:229,2
DA:231,2
DA:232,2
DA:233,1
DA:234,1
DA:236,1
DA:238,1
DA:239,1
DA:244,1
DA:245,1
DA:246,0
DA:247,0
DA:248,0
DA:249,0
DA:250,0
DA:251,1
DA:255,1
DA:256,0
DA:258,1
DA:259,1
DA:260,1
DA:261,1
DA:262,1
DA:263,1
DA:264,1
DA:265,1
DA:266,1
DA:267,1
DA:268,1
DA:269,1
DA:270,1
DA:271,1
DA:272,1
DA:274,1
DA:275,1
DA:276,0
DA:277,0
DA:278,0
DA:279,0
DA:281,0
DA:282,0
DA:283,1
DA:284,1
DA:285,1
DA:287,1
DA:289,0
DA:290,0
DA:291,0
DA:292,0
DA:293,0
DA:294,0
DA:295,0
DA:296,0
DA:297,0
DA:298,0
DA:299,0
DA:300,0
DA:301,0
DA:302,0
DA:303,0
DA:304,0
DA:305,0
DA:306,0
DA:307,0
DA:308,0
DA:309,0
DA:310,0
DA:311,0
DA:312,0
DA:313,0
DA:315,0
DA:316,0
DA:318,0
DA:322,1
DA:323,1
DA:324,1
DA:325,1
DA:326,1
DA:327,1
DA:329,1
DA:331,1
DA:332,0
DA:333,0
DA:334,0
DA:335,1
DA:337,1
DA:338,0
DA:339,0
DA:340,0
DA:341,0
DA:342,0
DA:343,0
DA:344,0
DA:345,0
DA:346,0
DA:347,0
DA:348,0
DA:349,1
DA:351,1
DA:352,1
DA:353,1
DA:354,1
DA:355,1
DA:356,1
DA:357,1
DA:359,1
DA:360,0
DA:361,0
DA:362,0
DA:363,0
DA:364,0
DA:365,0
DA:366,0
DA:367,0
DA:368,0
DA:369,0
DA:370,0
DA:371,0
DA:372,0
DA:373,0
DA:374,0
DA:376,0
DA:377,0
DA:378,0
DA:379,0
DA:380,0
DA:381,0
DA:382,0
DA:383,0
DA:384,0
DA:385,0
DA:386,0
DA:387,0
DA:388,0
DA:389,0
DA:390,0
DA:391,0
DA:392,0
DA:393,1
DA:394,1
DA:395,1
DA:396,1
DA:397,0
DA:398,1
DA:399,1
DA:400,1
DA:401,1
DA:402,0
DA:403,0
DA:404,0
DA:405,0
DA:406,0
DA:407,0
DA:409,0
DA:410,0
DA:411,1
DA:412,1
DA:413,1
DA:414,0
DA:415,0
DA:416,0
DA:417,0
DA:418,0
DA:419,0
DA:420,0
DA:421,0
DA:423,0
DA:424,0
DA:426,1
DA:427,0
DA:428,0
DA:429,0
DA:430,0
DA:431,0
DA:433,0
DA:434,0
DA:435,0
DA:436,0
DA:437,0
DA:438,0
DA:439,0
DA:440,0
DA:441,0
DA:442,0
DA:443,0
DA:444,0
DA:445,0
DA:447,1
DA:448,0
DA:449,0
DA:450,0
DA:451,0
DA:452,0
DA:454,0
DA:455,0
DA:456,0
DA:457,0
DA:462,0
DA:463,0
DA:464,0
DA:465,0
DA:466,0
DA:467,0
DA:468,0
DA:470,0
DA:471,0
DA:472,0
DA:473,0
DA:474,1
DA:475,1
DA:477,1
DA:479,0
DA:480,0
DA:481,0
DA:482,0
DA:487,0
DA:488,0
DA:489,0
DA:490,0
DA:491,0
DA:492,0
DA:493,0
DA:494,0
DA:495,0
DA:497,0
DA:499,0
DA:500,0
DA:501,0
DA:502,0
DA:503,0
DA:504,0
DA:505,0
DA:506,0
DA:507,0
DA:508,0
DA:509,0
DA:510,0
DA:511,0
DA:512,0
DA:513,0
DA:515,0
DA:516,0
DA:517,0
DA:518,0
DA:519,0
DA:520,0
DA:521,0
DA:522,0
DA:523,0
DA:524,0
DA:525,0
DA:526,0
DA:527,0
DA:528,0
DA:529,0
DA:530,0
DA:531,0
DA:532,0
DA:533,0
DA:534,0
DA:535,0
DA:536,0
DA:537,0
DA:538,0
DA:540,0
DA:541,0
DA:542,0
DA:543,0
DA:544,0
DA:545,0
DA:546,0
DA:547,0
DA:548,0
DA:549,0
DA:550,0
DA:552,0
DA:553,0
DA:554,0
DA:555,0
DA:556,0
DA:557,0
DA:558,0
DA:559,0
DA:560,0
DA:561,0
DA:562,0
DA:563,0
DA:564,0
DA:565,0
DA:566,0
DA:567,0
DA:568,0
DA:569,0
DA:570,0
DA:571,0
DA:572,0
DA:574,0
DA:575,0
DA:576,0
DA:577,0
DA:578,0
DA:579,0
DA:580,0
DA:581,0
DA:582,0
DA:583,0
DA:584,0
DA:585,0
DA:586,0
DA:587,0
DA:588,0
DA:589,0
DA:590,0
DA:591,0
DA:592,0
DA:593,0
DA:594,0
DA:595,0
DA:596,0
DA:597,0
DA:599,0
DA:600,0
DA:601,0
DA:602,0
DA:603,0
DA:604,0
DA:605,0
DA:607,0
LF:487
LH:162
BRDA:38,0,0,1
BRDA:103,1,0,0
BRDA:104,2,0,0
BRDA:110,3,0,0
BRDA:112,4,0,0
BRDA:125,5,0,0
BRDA:129,6,0,0
BRDA:148,7,0,0
BRDA:150,8,0,0
BRDA:159,9,0,0
BRDA:173,10,0,0
BRDA:173,11,0,0
BRDA:173,12,0,0
BRDA:176,13,0,0
BRDA:189,14,0,0
BRDA:220,15,0,1
BRDA:223,16,0,2
BRDA:228,17,0,1
BRDA:228,18,0,1
BRDA:231,19,0,1
BRDA:231,20,0,1
BRDA:238,21,0,1
BRDA:270,22,0,0
BRDA:322,23,0,1
BRDA:359,24,0,0
BRDA:393,25,0,0
BRDA:394,26,0,0
BRDA:394,27,0,0
BRDA:395,28,0,0
BRDA:395,29,0,0
BRDA:396,30,0,0
BRDA:397,31,0,0
BRDA:413,32,0,0
BRDA:426,33,0,0
BRDA:447,34,0,0
BRDA:329,35,0,1
BRDA:329,36,0,0
BRF:37
BRH:10
end_of_record
TN:
SF:src/routes/more/index.tsx
FN:17,openNewTerminalMobile
FN:32,MoreSheet
FN:39,onSelect
FN:45,onSelect
FN:60,onSelect
FN:66,onSelect
FN:72,onSelect
FN:77,onSelect
FN:83,onSelect
FN:88,onSelect
FN:113,onClick
FNF:11
FNH:1
FNDA:0,openNewTerminalMobile
FNDA:3,MoreSheet
FNDA:0,onSelect
FNDA:0,onSelect
FNDA:0,onSelect
FNDA:0,onSelect
FNDA:0,onSelect
FNDA:0,onSelect
FNDA:0,onSelect
FNDA:0,onSelect
FNDA:0,onClick
DA:1,1
DA:17,0
DA:18,0
DA:19,0
DA:20,0
DA:21,0
DA:22,0
DA:23,0
DA:24,0
DA:26,0
DA:27,0
DA:28,0
DA:29,0
DA:30,0
DA:32,1
DA:35,3
DA:36,0
DA:37,0
DA:38,0
DA:39,0
DA:40,0
DA:41,0
DA:42,0
DA:43,0
DA:44,0
DA:45,0
DA:46,0
DA:47,0
DA:48,0
DA:49,0
DA:50,0
DA:52,3
DA:53,3
DA:57,3
DA:58,3
DA:59,3
DA:60,3
DA:61,3
DA:62,3
DA:63,3
DA:64,3
DA:65,3
DA:66,3
DA:67,3
DA:68,3
DA:69,3
DA:70,3
DA:71,3
DA:72,3
DA:73,3
DA:74,3
DA:75,3
DA:76,3
DA:77,3
DA:78,3
DA:79,3
DA:80,3
DA:81,3
DA:82,3
DA:83,3
DA:84,3
DA:85,3
DA:86,3
DA:87,3
DA:88,3
DA:89,0
DA:90,0
DA:91,0
DA:92,3
DA:94,3
DA:95,3
DA:96,3
DA:97,3
DA:98,18
DA:99,18
DA:100,18
DA:101,18
DA:102,18
DA:103,18
DA:104,18
DA:105,18
DA:106,18
DA:107,18
DA:108,3
DA:109,3
DA:110,3
DA:111,3
DA:112,3
DA:113,3
DA:114,3
DA:115,3
DA:117,3
DA:118,3
DA:119,3
DA:120,3
DA:122,3
LF:96
LH:65
BRDA:32,0,0,3
BRDA:35,1,0,0
BRDA:86,2,0,0
BRDA:87,3,0,0
BRDA:97,4,0,18
BRDA:103,5,0,9
BRF:6
BRH:3
end_of_record
TN:
SF:src/routes/settings/BrowserSection.tsx
FN:13,BrowserSection
FNF:1
FNH:0
FNDA:0,BrowserSection
DA:1,1
DA:13,1
DA:14,0
DA:15,0
DA:17,0
DA:18,0
DA:19,0
DA:20,0
DA:21,0
DA:22,0
DA:23,0
DA:24,0
DA:25,0
DA:26,0
DA:27,0
DA:28,0
DA:30,0
DA:31,0
DA:32,0
DA:33,0
DA:34,0
DA:35,0
DA:36,0
DA:37,0
DA:38,0
DA:39,0
DA:40,0
DA:41,0
DA:42,0
DA:43,0
DA:44,0
DA:45,0
DA:46,0
DA:47,0
DA:49,0
DA:52,0
DA:53,0
DA:55,0
DA:56,0
DA:57,0
DA:58,0
DA:61,0
DA:63,0
DA:64,0
DA:65,0
DA:66,0
DA:67,0
DA:68,0
DA:69,0
DA:71,0
DA:72,0
DA:73,0
DA:74,0
DA:76,0
DA:77,0
DA:78,0
DA:79,0
DA:80,0
DA:81,0
DA:82,0
DA:83,0
DA:84,0
DA:85,0
DA:86,0
DA:87,0
DA:88,0
DA:89,0
DA:90,0
DA:91,0
DA:92,0
DA:93,0
DA:94,0
DA:95,0
DA:97,0
DA:98,0
DA:99,0
DA:101,0
DA:102,0
DA:103,0
DA:105,0
DA:106,0
DA:107,0
DA:108,0
DA:109,0
DA:110,0
DA:111,0
DA:112,0
DA:114,0
DA:115,0
DA:116,0
DA:117,0
DA:119,0
LF:92
LH:2
BRF:0
BRH:0
end_of_record
TN:
SF:src/routes/settings/GitSection.tsx
FN:9,GitSection
FNF:1
FNH:0
FNDA:0,GitSection
DA:1,1
DA:9,1
DA:10,0
DA:11,0
DA:12,0
DA:13,0
DA:15,0
DA:16,0
DA:17,0
DA:18,0
DA:19,0
DA:20,0
DA:21,0
DA:22,0
DA:24,0
DA:25,0
DA:27,0
DA:28,0
DA:29,0
DA:30,0
DA:31,0
DA:32,0
DA:33,0
DA:34,0
DA:35,0
DA:36,0
DA:37,0
DA:38,0
DA:39,0
DA:40,0
DA:42,0
DA:43,0
DA:44,0
DA:45,0
DA:46,0
DA:47,0
DA:48,0
DA:49,0
DA:50,0
DA:51,0
DA:52,0
DA:53,0
DA:54,0
DA:55,0
DA:56,0
DA:57,0
DA:59,0
DA:60,0
DA:61,0
DA:62,0
DA:64,0
DA:65,0
DA:66,0
DA:67,0
DA:68,0
DA:69,0
DA:70,0
DA:71,0
DA:72,0
DA:74,0
DA:75,0
DA:76,0
DA:77,0
DA:78,0
DA:79,0
DA:80,0
DA:81,0
DA:82,0
DA:83,0
DA:84,0
DA:85,0
DA:86,0
DA:87,0
DA:88,0
DA:89,0
DA:90,0
DA:91,0
DA:92,0
DA:93,0
DA:94,0
DA:95,0
DA:96,0
DA:97,0
DA:98,0
DA:100,0
DA:101,0
DA:102,0
DA:103,0
DA:104,0
DA:105,0
DA:106,0
DA:107,0
DA:108,0
DA:109,0
DA:110,0
DA:111,0
DA:113,0
DA:114,0
DA:115,0
DA:116,0
DA:118,0
LF:101
LH:2
BRF:0
BRH:0
end_of_record
TN:
SF:src/routes/settings/MetricsSection.tsx
FN:13,tone
FN:19,MeterRow
FN:35,MetricsSection
FNF:3
FNH:0
FNDA:0,tone
FNDA:0,MeterRow
FNDA:0,MetricsSection
DA:1,1
DA:13,0
DA:14,0
DA:15,0
DA:16,0
DA:17,0
DA:19,0
DA:20,0
DA:21,0
DA:22,0
DA:23,0
DA:24,0
DA:25,0
DA:26,0
DA:27,0
DA:28,0
DA:29,0
DA:30,0
DA:31,0
DA:33,0
DA:35,1
DA:36,0
DA:37,0
DA:38,0
DA:40,0
DA:41,0
DA:42,0
DA:43,0
DA:44,0
DA:46,0
DA:47,0
DA:48,0
DA:49,0
DA:50,0
DA:51,0
DA:52,0
DA:53,0
DA:54,0
DA:56,0
DA:58,0
DA:59,0
DA:60,0
DA:62,0
DA:63,0
DA:65,0
DA:66,0
DA:69,0
DA:70,0
DA:71,0
DA:72,0
DA:73,0
DA:74,0
DA:75,0
DA:76,0
DA:77,0
DA:79,0
DA:80,0
DA:81,0
DA:82,0
DA:85,0
DA:86,0
DA:87,0
DA:88,0
DA:89,0
DA:90,0
DA:91,0
DA:92,0
DA:93,0
DA:94,0
DA:95,0
DA:96,0
DA:97,0
DA:98,0
DA:99,0
DA:100,0
DA:101,0
DA:102,0
DA:105,0
DA:106,0
DA:107,0
DA:108,0
DA:109,0
DA:110,0
DA:111,0
DA:112,0
DA:113,0
DA:114,0
DA:115,0
DA:116,0
DA:117,0
DA:118,0
DA:120,0
LF:92
LH:2
BRF:0
BRH:0
end_of_record
TN:
SF:src/routes/settings/index.tsx
FN:20,SettingsRoute
FNF:1
FNH:0
FNDA:0,SettingsRoute
DA:1,1
DA:9,1
DA:10,1
DA:11,1
DA:12,1
DA:15,1
DA:16,1
DA:17,1
DA:20,1
DA:21,0
DA:22,0
DA:23,0
DA:24,0
DA:25,0
DA:26,0
DA:28,0
DA:29,0
DA:30,0
DA:31,0
DA:32,0
DA:33,0
DA:34,0
DA:35,0
DA:36,0
DA:37,0
DA:38,0
DA:39,0
DA:41,0
DA:42,0
DA:43,0
DA:44,0
DA:45,0
DA:46,0
DA:47,0
DA:48,0
DA:50,0
DA:51,0
DA:52,0
DA:53,0
DA:54,0
DA:55,0
DA:56,0
DA:57,0
DA:58,0
DA:59,0
DA:60,0
DA:61,0
DA:62,0
DA:63,0
DA:64,0
DA:65,0
DA:66,0
DA:67,0
DA:68,0
DA:69,0
DA:71,0
DA:73,0
DA:75,0
DA:77,0
DA:78,0
DA:79,0
DA:80,0
DA:81,0
DA:82,0
DA:83,0
DA:84,0
DA:85,0
DA:86,0
DA:87,0
DA:88,0
DA:90,0
LF:71
LH:9
BRF:0
BRH:0
end_of_record
TN:
SF:src/routes/tasks/MessageChat.tsx
FN:17,linkify
FN:56,MessageChat
FNF:2
FNH:0
FNDA:0,linkify
FNDA:0,MessageChat
DA:1,1
DA:16,1
DA:17,0
DA:18,0
DA:19,0
DA:20,0
DA:21,0
DA:22,0
DA:23,0
DA:24,0
DA:25,0
DA:26,0
DA:27,0
DA:28,0
DA:29,0
DA:30,0
DA:32,0
DA:33,0
DA:34,0
DA:35,0
DA:36,0
DA:37,0
DA:38,0
DA:39,0
DA:56,1
DA:57,0
DA:58,0
DA:61,0
DA:63,0
DA:64,0
DA:65,0
DA:66,0
DA:67,0
DA:68,0
DA:69,0
DA:70,0
DA:71,0
DA:73,0
DA:74,0
DA:75,0
DA:76,0
DA:77,0
DA:78,0
DA:79,0
DA:80,0
DA:81,0
DA:82,0
DA:83,0
DA:84,0
DA:86,0
DA:87,0
DA:88,0
DA:89,0
DA:90,0
DA:91,0
DA:93,0
DA:94,0
DA:95,0
DA:96,0
DA:100,0
DA:102,0
DA:104,0
DA:105,0
DA:106,0
DA:107,0
DA:109,0
DA:110,0
DA:111,0
DA:112,0
DA:113,0
DA:114,0
DA:115,0
DA:116,0
DA:117,0
DA:122,0
DA:123,0
DA:124,0
DA:125,0
DA:126,0
DA:127,0
DA:128,0
DA:129,0
DA:130,0
DA:132,0
DA:134,0
DA:135,0
DA:136,0
DA:137,0
DA:138,0
DA:140,0
DA:141,0
DA:143,0
DA:144,0
DA:145,0
DA:146,0
DA:147,0
DA:149,0
DA:150,0
DA:151,0
DA:152,0
DA:153,0
DA:154,0
DA:155,0
DA:156,0
DA:157,0
DA:158,0
DA:159,0
DA:160,0
DA:161,0
DA:162,0
DA:163,0
DA:165,0
DA:166,0
DA:167,0
DA:168,0
DA:169,0
DA:170,0
DA:171,0
DA:172,0
DA:174,0
DA:175,0
DA:176,0
DA:177,0
DA:178,0
DA:179,0
DA:180,0
DA:181,0
DA:182,0
DA:183,0
DA:184,0
DA:186,0
DA:187,0
DA:188,0
DA:189,0
DA:190,0
DA:191,0
DA:192,0
DA:193,0
DA:194,0
DA:195,0
DA:196,0
DA:198,0
DA:199,0
DA:200,0
DA:201,0
DA:202,0
DA:203,0
DA:204,0
DA:205,0
DA:207,0
DA:208,0
DA:209,0
DA:210,0
DA:211,0
DA:212,0
DA:213,0
DA:215,0
DA:216,0
DA:217,0
DA:218,0
DA:219,0
DA:221,0
LF:162
LH:3
BRF:0
BRH:0
end_of_record
TN:
SF:src/routes/tasks/NewTaskForm.tsx
FN:19,NewTaskForm
FN:37,onSubmit
FN:70,reroll
FN:92,onInput
FN:109,onChange
FN:122,onInput
FN:132,onChange
FNF:7
FNH:1
FNDA:3,NewTaskForm
FNDA:0,onSubmit
FNDA:0,reroll
FNDA:0,onInput
FNDA:0,onChange
FNDA:0,onInput
FNDA:0,onChange
DA:1,1
DA:19,1
DA:20,3
DA:21,3
DA:22,3
DA:23,3
DA:24,3
DA:25,3
DA:26,3
DA:28,3
DA:29,3
DA:30,3
DA:31,0
DA:32,0
DA:33,0
DA:34,3
DA:35,3
DA:37,3
DA:38,0
DA:39,0
DA:42,0
DA:43,0
DA:44,0
DA:45,0
DA:46,0
DA:47,0
DA:48,0
DA:49,0
DA:52,0
DA:53,0
DA:54,0
DA:61,0
DA:62,0
DA:63,0
DA:64,0
DA:65,0
DA:66,0
DA:67,0
DA:68,0
DA:70,3
DA:71,0
DA:72,0
DA:74,3
DA:75,3
DA:76,3
DA:77,3
DA:79,3
DA:80,3
DA:81,3
DA:82,3
DA:83,3
DA:84,3
DA:85,3
DA:87,3
DA:88,3
DA:89,3
DA:90,3
DA:91,3
DA:92,3
DA:93,3
DA:94,3
DA:95,3
DA:96,3
DA:97,3
DA:99,3
DA:100,3
DA:102,3
DA:103,3
DA:104,3
DA:105,3
DA:106,0
DA:107,0
DA:108,0
DA:109,0
DA:111,0
DA:112,0
DA:113,0
DA:114,0
DA:115,0
DA:116,0
DA:117,0
DA:119,3
DA:120,3
DA:121,3
DA:122,3
DA:123,3
DA:124,3
DA:125,3
DA:127,3
DA:128,3
DA:129,3
DA:130,3
DA:131,3
DA:132,3
DA:134,3
DA:135,3
DA:136,0
DA:137,0
DA:138,0
DA:139,0
DA:140,3
DA:141,3
DA:142,3
DA:143,3
DA:145,3
DA:146,3
DA:148,3
DA:150,3
DA:151,3
DA:152,3
DA:153,3
DA:154,3
DA:155,3
DA:156,3
DA:158,3
LF:115
LH:74
BRDA:19,0,0,3
BRDA:105,1,0,0
BRDA:153,2,0,0
BRDA:21,3,0,3
BRDA:28,4,0,3
BRF:5
BRH:3
end_of_record
TN:
SF:src/routes/tasks/SubagentsTab.tsx
FN:14,SubagentsTab
FNF:1
FNH:0
FNDA:0,SubagentsTab
DA:1,1
DA:6,1
DA:7,1
DA:8,1
DA:9,1
DA:10,1
DA:11,1
DA:12,1
DA:14,1
DA:15,0
DA:16,0
DA:18,0
DA:19,0
DA:20,0
DA:21,0
DA:22,0
DA:23,0
DA:24,0
DA:25,0
DA:26,0
DA:27,0
DA:28,0
DA:29,0
DA:30,0
DA:31,0
DA:32,0
DA:33,0
DA:34,0
DA:35,0
DA:36,0
DA:37,0
DA:38,0
DA:39,0
DA:40,0
DA:42,0
DA:43,0
DA:44,0
DA:45,0
DA:46,0
DA:47,0
DA:48,0
DA:49,0
DA:50,0
DA:51,0
DA:53,0
DA:55,0
DA:56,0
DA:57,0
DA:58,0
DA:59,0
DA:60,0
DA:61,0
DA:62,0
DA:63,0
DA:64,0
DA:65,0
DA:66,0
DA:67,0
DA:68,0
DA:69,0
DA:70,0
DA:71,0
DA:72,0
DA:73,0
DA:74,0
DA:75,0
DA:76,0
DA:78,0
LF:68
LH:9
BRF:0
BRH:0
end_of_record
TN:
SF:src/routes/tasks/TaskDetail.tsx
FN:61,isAliveStatus
FN:65,TaskDetail
FN:106,tick
FN:150,onKill
FN:153,confirmKillNow
FN:159,onRename
FN:162,confirmRename
FN:169,onCopyLink
FN:289,onCancel
FN:299,onCancel
FN:309,TaskBar
FNF:11
FNH:2
FNDA:3,isAliveStatus
FNDA:3,TaskDetail
FNDA:0,tick
FNDA:0,onKill
FNDA:0,confirmKillNow
FNDA:0,onRename
FNDA:0,confirmRename
FNDA:0,onCopyLink
FNDA:0,onCancel
FNDA:0,onCancel
FNDA:0,TaskBar
DA:1,1
DA:40,1
DA:41,1
DA:42,1
DA:43,1
DA:44,1
DA:45,1
DA:46,1
DA:47,1
DA:48,1
DA:49,1
DA:50,1
DA:51,1
DA:52,1
DA:53,1
DA:61,3
DA:62,3
DA:63,3
DA:65,1
DA:66,3
DA:67,3
DA:70,3
DA:71,3
DA:72,3
DA:73,3
DA:74,3
DA:75,3
DA:85,3
DA:86,3
DA:87,3
DA:91,3
DA:93,3
DA:94,3
DA:95,0
DA:96,3
DA:97,0
DA:98,0
DA:100,3
DA:103,3
DA:104,3
DA:105,3
DA:106,3
DA:107,0
DA:108,0
DA:109,0
DA:110,0
DA:111,0
DA:112,0
DA:113,0
DA:114,0
DA:115,0
DA:116,3
DA:117,3
DA:118,3
DA:119,3
DA:120,0
DA:121,0
DA:122,0
DA:123,0
DA:124,0
DA:125,0
DA:126,0
DA:127,0
DA:128,0
DA:129,3
DA:133,3
DA:134,3
DA:135,3
DA:137,3
DA:138,3
DA:139,0
DA:140,0
DA:141,3
DA:142,3
DA:143,3
DA:144,3
DA:145,3
DA:146,3
DA:148,3
DA:150,0
DA:151,0
DA:152,0
DA:153,0
DA:154,0
DA:155,0
DA:156,0
DA:157,0
DA:158,0
DA:159,0
DA:160,0
DA:161,0
DA:162,0
DA:163,0
DA:164,0
DA:165,0
DA:166,0
DA:167,0
DA:168,0
DA:169,0
DA:170,0
DA:174,0
DA:175,0
DA:176,0
DA:177,0
DA:178,0
DA:179,0
DA:180,0
DA:182,0
DA:186,0
DA:187,0
DA:188,0
DA:189,3
DA:191,0
DA:192,0
DA:193,0
DA:194,0
DA:195,0
DA:196,0
DA:197,0
DA:198,0
DA:199,0
DA:200,0
DA:201,0
DA:202,0
DA:203,0
DA:204,0
DA:205,0
DA:206,0
DA:207,0
DA:208,0
DA:209,0
DA:210,0
DA:211,0
DA:212,0
DA:213,3
DA:215,3
DA:216,3
DA:217,3
DA:218,3
DA:219,3
DA:220,3
DA:221,3
DA:222,3
DA:223,3
DA:224,3
DA:225,3
DA:226,3
DA:227,3
DA:228,3
DA:229,3
DA:230,3
DA:231,3
DA:232,3
DA:234,3
DA:235,3
DA:236,0
DA:237,0
DA:238,0
DA:239,0
DA:241,3
DA:242,3
DA:243,3
DA:244,3
DA:245,0
DA:246,0
DA:247,0
DA:248,0
DA:249,0
DA:250,0
DA:252,0
DA:253,0
DA:254,0
DA:255,0
DA:256,0
DA:258,0
DA:259,0
DA:260,0
DA:261,0
DA:262,0
DA:264,0
DA:265,0
DA:266,0
DA:267,0
DA:268,0
DA:270,0
DA:271,0
DA:272,0
DA:273,0
DA:274,0
DA:275,0
DA:276,0
DA:278,3
DA:279,0
DA:280,3
DA:281,3
DA:282,3
DA:283,3
DA:284,3
DA:285,3
DA:286,3
DA:287,3
DA:288,3
DA:289,3
DA:290,3
DA:291,3
DA:292,3
DA:293,3
DA:294,3
DA:295,3
DA:296,3
DA:297,3
DA:298,3
DA:299,3
DA:300,3
DA:301,3
DA:303,3
DA:309,0
DA:310,0
DA:311,0
DA:326,0
DA:327,0
DA:328,0
DA:332,0
DA:333,0
DA:334,0
DA:335,0
DA:336,0
DA:337,0
DA:338,0
DA:339,0
DA:340,0
DA:341,0
DA:342,0
DA:344,0
DA:345,0
DA:347,0
DA:348,0
DA:349,0
DA:350,0
DA:351,0
DA:352,0
DA:353,0
DA:355,0
DA:356,0
DA:357,0
DA:358,0
DA:359,0
DA:360,0
DA:362,0
DA:364,0
DA:365,0
DA:366,0
DA:367,0
DA:368,0
DA:369,0
DA:370,0
DA:371,0
DA:372,0
DA:373,0
DA:375,0
DA:376,0
DA:377,0
DA:378,0
DA:379,0
DA:380,0
DA:381,0
DA:382,0
DA:386,0
DA:387,0
DA:388,0
DA:389,0
DA:390,0
DA:391,0
DA:392,0
DA:393,0
DA:394,0
DA:395,0
DA:396,0
DA:397,0
DA:398,0
DA:399,0
DA:400,0
DA:402,0
DA:403,0
DA:405,0
DA:406,0
DA:407,0
DA:408,0
DA:409,0
DA:410,0
DA:411,0
DA:412,0
DA:413,0
DA:414,0
DA:415,0
DA:416,0
DA:418,0
DA:419,0
DA:420,0
DA:422,0
DA:423,0
DA:424,0
DA:425,0
DA:426,0
DA:427,0
DA:428,0
DA:429,0
DA:431,0
DA:432,0
DA:433,0
DA:434,0
DA:435,0
DA:436,0
DA:438,0
DA:439,0
DA:440,0
DA:441,0
DA:442,0
DA:443,0
DA:445,0
DA:446,0
DA:447,0
DA:448,0
DA:449,0
DA:450,0
DA:452,0
DA:453,0
DA:454,0
DA:455,0
DA:456,0
DA:457,0
DA:459,0
DA:460,0
DA:461,0
DA:462,0
DA:464,0
DA:465,0
DA:466,0
DA:467,0
DA:468,0
DA:469,0
DA:470,0
DA:471,0
DA:473,0
DA:474,0
DA:475,0
DA:476,0
DA:477,0
DA:478,0
DA:480,0
DA:481,0
DA:482,0
DA:483,0
DA:484,0
DA:485,0
DA:486,0
DA:488,0
LF:357
LH:106
BRDA:61,0,0,3
BRDA:65,1,0,3
BRDA:67,2,0,0
BRDA:70,3,0,0
BRDA:91,4,0,0
BRDA:100,5,0,0
BRDA:103,6,0,0
BRDA:103,7,0,0
BRDA:129,8,0,0
BRDA:138,9,0,0
BRDA:148,10,0,0
BRDA:187,11,0,0
BRDA:189,12,0,0
BRDA:213,13,0,0
BRDA:215,14,0,0
BRDA:235,15,0,0
BRDA:241,16,0,0
BRDA:242,17,0,0
BRDA:243,18,0,0
BRDA:244,19,0,0
BRDA:278,20,0,0
BRDA:295,21,0,0
BRDA:295,22,0,0
BRDA:85,23,0,3
BRDA:86,24,0,0
BRDA:87,25,0,0
BRDA:93,26,0,3
BRDA:94,27,0,0
BRDA:96,28,0,0
BRDA:104,29,0,3
BRDA:119,30,0,0
BRDA:133,31,0,3
BRDA:134,32,0,0
BRDA:134,33,0,0
BRF:34
BRH:6
end_of_record
TN:
SF:src/routes/tasks/TaskList.tsx
FN:46,timeAgo
FN:56,TaskList
FN:85,onRowClick
FN:104,onClick
FN:114,onClick
FN:124,onInput
FN:164,onClick
FNF:7
FNH:5
FNDA:24,timeAgo
FNDA:21,TaskList
FNDA:1,onRowClick
FNDA:0,onClick
FNDA:0,onClick
FNDA:2,onInput
FNDA:1,onClick
DA:1,1
DA:28,1
DA:29,1
DA:30,1
DA:31,1
DA:32,1
DA:33,1
DA:34,1
DA:35,1
DA:37,1
DA:38,1
DA:39,1
DA:40,1
DA:41,1
DA:42,1
DA:43,1
DA:44,1
DA:46,24
DA:47,24
DA:48,24
DA:49,24
DA:50,24
DA:51,24
DA:52,12
DA:53,0
DA:54,0
DA:56,1
DA:57,21
DA:58,21
DA:59,10
DA:60,10
DA:61,21
DA:63,21
DA:64,21
DA:65,21
DA:72,21
DA:73,21
DA:74,10
DA:75,0
DA:76,0
DA:77,0
DA:78,21
DA:79,21
DA:80,21
DA:82,21
DA:83,21
DA:85,21
DA:90,1
DA:91,1
DA:92,1
DA:93,1
DA:95,21
DA:96,21
DA:97,21
DA:98,21
DA:99,21
DA:100,21
DA:101,21
DA:102,21
DA:103,21
DA:104,21
DA:105,21
DA:106,21
DA:107,21
DA:108,21
DA:109,21
DA:110,21
DA:111,21
DA:112,21
DA:113,21
DA:114,21
DA:115,21
DA:116,21
DA:117,21
DA:118,21
DA:119,21
DA:120,21
DA:121,21
DA:122,21
DA:123,21
DA:124,21
DA:125,21
DA:126,21
DA:127,21
DA:128,21
DA:129,5
DA:130,5
DA:131,5
DA:134,21
DA:135,0
DA:136,0
DA:137,0
DA:140,21
DA:141,6
DA:142,3
DA:143,3
DA:144,12
DA:145,3
DA:146,3
DA:148,3
DA:149,3
DA:150,3
DA:151,3
DA:152,3
DA:153,2
DA:154,1
DA:155,3
DA:156,3
DA:159,15
DA:160,15
DA:161,24
DA:162,24
DA:163,24
DA:164,24
DA:165,24
DA:167,24
DA:168,24
DA:169,24
DA:170,24
DA:171,0
DA:173,24
DA:174,0
DA:176,24
DA:177,0
DA:179,0
DA:180,24
DA:181,24
DA:182,24
DA:183,24
DA:184,24
DA:185,24
DA:186,24
DA:187,24
DA:188,24
DA:189,0
DA:190,0
DA:191,0
DA:192,0
DA:193,0
DA:194,0
DA:196,24
DA:197,24
DA:198,24
DA:199,0
DA:201,24
DA:202,24
DA:203,24
DA:204,12
DA:205,24
DA:206,24
DA:207,24
DA:208,24
DA:209,15
DA:210,15
DA:213,21
DA:214,16
DA:215,16
DA:216,16
DA:217,21
DA:218,21
DA:220,21
LF:161
LH:142
BRDA:46,0,0,24
BRDA:47,1,0,0
BRDA:49,2,0,0
BRDA:50,3,0,0
BRDA:51,4,0,12
BRDA:52,5,0,0
BRDA:56,6,0,21
BRDA:82,7,0,8
BRDA:103,8,0,8
BRDA:103,9,0,13
BRDA:113,10,0,13
BRDA:113,11,0,8
BRDA:128,12,0,5
BRDA:130,13,0,1
BRDA:130,14,0,4
BRDA:134,15,0,0
BRDA:140,16,0,6
BRDA:141,17,0,4
BRDA:141,18,0,3
BRDA:146,19,0,3
BRDA:150,20,0,2
BRDA:150,21,0,1
BRDA:152,22,0,2
BRDA:153,23,0,1
BRDA:156,24,0,15
BRDA:213,25,0,16
BRDA:58,26,0,10
BRDA:60,27,0,10
BRDA:73,28,0,10
BRDA:74,29,0,0
BRDA:74,30,0,0
BRDA:85,31,0,1
BRDA:92,32,0,0
BRDA:124,33,0,2
BRDA:143,34,0,12
BRDA:160,35,0,24
BRDA:163,36,0,0
BRDA:163,37,0,0
BRDA:163,38,0,0
BRDA:165,39,0,0
BRDA:170,40,0,0
BRDA:173,41,0,0
BRDA:176,42,0,0
BRDA:182,43,0,12
BRDA:182,44,0,0
BRDA:183,45,0,0
BRDA:187,46,0,12
BRDA:187,47,0,12
BRDA:188,48,0,0
BRDA:198,49,0,0
BRDA:201,50,0,12
BRDA:202,51,0,0
BRDA:203,52,0,0
BRDA:203,53,0,12
BRDA:164,54,0,1
BRF:55
BRH:34
end_of_record
TN:
SF:src/routes/tasks/TerminalPane.tsx
FN:51,extractUrls
FN:101,shortenUrl
FN:123,TerminalPane
FN:204,pull
FN:225,copyUrl
FN:264,reattach
FN:294,refreshVnc
FN:312,openTerminalInNewTab
FN:330,reloadApp
FN:338,appBack
FN:341,appForward
FN:345,openPort
FN:414,onClick
FN:424,onClick
FN:433,onClick
FN:454,onInput
FN:462,onInput
FN:499,onClick
FNF:18
FNH:5
FNDA:0,extractUrls
FNDA:0,shortenUrl
FNDA:17,TerminalPane
FNDA:0,pull
FNDA:0,copyUrl
FNDA:0,reattach
FNDA:0,refreshVnc
FNDA:0,openTerminalInNewTab
FNDA:0,reloadApp
FNDA:0,appBack
FNDA:0,appForward
FNDA:1,openPort
FNDA:1,onClick
FNDA:0,onClick
FNDA:2,onClick
FNDA:1,onInput
FNDA:0,onInput
FNDA:0,onClick
DA:1,1
DA:19,1
DA:20,1
DA:21,1
DA:29,1
DA:46,1
DA:47,1
DA:48,1
DA:49,1
DA:51,0
DA:52,0
DA:54,0
DA:55,0
DA:56,0
DA:58,0
DA:59,0
DA:60,0
DA:61,0
DA:62,0
DA:63,0
DA:64,0
DA:65,0
DA:66,0
DA:69,0
DA:70,0
DA:71,0
DA:72,0
DA:73,0
DA:74,0
DA:75,0
DA:76,0
DA:78,0
DA:79,0
DA:80,0
DA:81,0
DA:82,0
DA:83,0
DA:84,0
DA:85,0
DA:87,0
DA:88,0
DA:89,0
DA:92,0
DA:93,0
DA:94,0
DA:95,0
DA:96,0
DA:97,0
DA:98,0
DA:99,0
DA:101,0
DA:102,0
DA:103,0
DA:104,0
DA:105,0
DA:106,0
DA:107,0
DA:108,0
DA:109,0
DA:110,0
DA:111,0
DA:112,0
DA:123,1
DA:124,17
DA:125,17
DA:126,17
DA:127,17
DA:132,17
DA:133,17
DA:134,11
DA:135,17
DA:138,17
DA:139,6
DA:140,17
DA:147,17
DA:148,6
DA:149,0
DA:150,17
DA:151,17
DA:152,6
DA:153,0
DA:154,17
DA:159,17
DA:160,6
DA:161,0
DA:162,17
DA:166,17
DA:167,6
DA:168,6
DA:169,6
DA:170,6
DA:171,17
DA:172,17
DA:173,6
DA:174,0
DA:175,17
DA:178,17
DA:179,17
DA:180,17
DA:181,17
DA:182,17
DA:188,17
DA:189,17
DA:192,17
DA:193,8
DA:194,17
DA:199,17
DA:200,17
DA:201,17
DA:202,6
DA:203,0
DA:204,0
DA:205,0
DA:206,0
DA:207,0
DA:212,0
DA:213,0
DA:214,0
DA:216,0
DA:217,0
DA:218,0
DA:219,0
DA:220,0
DA:221,0
DA:222,0
DA:223,17
DA:225,17
DA:226,0
DA:227,0
DA:228,0
DA:229,0
DA:230,0
DA:231,0
DA:233,17
DA:234,6
DA:239,6
DA:240,6
DA:241,6
DA:242,6
DA:243,6
DA:244,6
DA:245,6
DA:250,6
DA:251,6
DA:252,6
DA:253,6
DA:254,6
DA:255,0
DA:256,0
DA:257,0
DA:258,6
DA:259,6
DA:260,6
DA:261,6
DA:262,17
DA:264,17
DA:265,0
DA:266,0
DA:267,0
DA:268,0
DA:269,0
DA:270,0
DA:271,0
DA:272,0
DA:273,0
DA:274,0
DA:275,0
DA:276,0
DA:281,17
DA:282,17
DA:283,6
DA:284,6
DA:285,0
DA:286,0
DA:288,17
DA:294,17
DA:295,0
DA:296,0
DA:297,0
DA:312,17
DA:313,0
DA:314,0
DA:315,0
DA:316,0
DA:317,0
DA:318,0
DA:320,0
DA:321,0
DA:322,0
DA:323,0
DA:325,0
DA:326,0
DA:327,0
DA:330,17
DA:331,0
DA:332,0
DA:333,0
DA:338,17
DA:339,0
DA:340,0
DA:341,17
DA:342,0
DA:343,0
DA:345,17
DA:346,1
DA:347,1
DA:348,1
DA:349,0
DA:350,0
DA:351,0
DA:354,1
DA:355,1
DA:356,1
DA:358,1
DA:359,1
DA:360,1
DA:361,1
DA:363,1
DA:366,1
DA:367,1
DA:368,1
DA:369,1
DA:370,1
DA:371,1
DA:374,0
DA:375,1
DA:376,1
DA:377,1
DA:378,1
DA:379,0
DA:380,0
DA:381,0
DA:382,0
DA:383,0
DA:384,0
DA:385,1
DA:386,0
DA:387,0
DA:388,0
DA:389,0
DA:390,1
DA:395,17
DA:396,17
DA:397,17
DA:398,17
DA:400,17
DA:401,17
DA:406,17
DA:407,17
DA:408,17
DA:409,17
DA:410,3
DA:411,3
DA:412,3
DA:413,3
DA:414,3
DA:415,3
DA:416,3
DA:418,3
DA:420,17
DA:421,17
DA:422,17
DA:423,17
DA:424,17
DA:425,17
DA:426,17
DA:428,17
DA:429,17
DA:430,17
DA:431,17
DA:432,17
DA:433,17
DA:434,17
DA:435,17
DA:437,17
DA:438,17
DA:439,17
DA:440,16
DA:441,16
DA:442,16
DA:443,16
DA:444,12
DA:445,4
DA:447,16
DA:448,16
DA:449,16
DA:450,16
DA:451,16
DA:452,16
DA:453,16
DA:454,16
DA:455,16
DA:456,16
DA:457,16
DA:458,16
DA:459,16
DA:460,16
DA:461,16
DA:462,16
DA:463,16
DA:464,16
DA:465,16
DA:466,16
DA:467,16
DA:468,16
DA:469,16
DA:470,16
DA:471,16
DA:472,16
DA:473,16
DA:474,16
DA:475,12
DA:476,4
DA:477,16
DA:479,16
DA:480,16
DA:482,17
DA:483,12
DA:484,12
DA:485,12
DA:486,12
DA:487,12
DA:488,12
DA:489,12
DA:490,12
DA:492,12
DA:493,12
DA:495,17
DA:496,16
DA:497,16
DA:498,16
DA:499,16
DA:500,16
DA:501,16
DA:503,16
DA:504,16
DA:506,17
DA:507,1
DA:508,1
DA:509,1
DA:510,17
DA:511,17
DA:514,17
DA:515,0
DA:516,0
DA:517,0
DA:519,0
DA:520,0
DA:521,0
DA:522,0
DA:523,0
DA:524,0
DA:525,0
DA:527,0
DA:528,0
DA:529,0
DA:530,0
DA:531,0
DA:532,0
DA:533,0
DA:534,0
DA:536,0
DA:537,0
DA:538,0
DA:541,17
DA:542,0
DA:543,0
DA:544,0
DA:545,0
DA:546,0
DA:547,0
DA:548,0
DA:549,0
DA:550,0
DA:551,0
DA:552,0
DA:554,0
DA:555,0
DA:556,0
DA:557,0
DA:558,0
DA:559,0
DA:560,0
DA:561,0
DA:562,0
DA:564,0
DA:565,0
DA:566,0
DA:567,0
DA:568,0
DA:569,0
DA:572,17
DA:573,6
DA:574,6
DA:576,6
DA:578,17
DA:580,11
DA:587,11
DA:588,10
DA:589,10
DA:590,10
DA:591,10
DA:592,10
DA:593,10
DA:594,10
DA:596,11
DA:597,7
DA:598,7
DA:599,7
DA:600,7
DA:601,7
DA:602,7
DA:603,7
DA:604,7
DA:605,7
DA:607,11
DA:608,3
DA:609,3
DA:610,3
DA:611,3
DA:612,3
DA:613,3
DA:614,3
DA:615,3
DA:616,11
DA:617,11
DA:618,17
DA:619,17
DA:621,17
LF:429
LH:250
BRDA:123,0,0,17
BRDA:395,1,0,3
BRDA:396,2,0,16
BRDA:397,3,0,16
BRDA:401,4,0,0
BRDA:408,5,0,3
BRDA:408,6,0,14
BRDA:409,7,0,3
BRDA:412,8,0,1
BRDA:412,9,0,2
BRDA:422,10,0,12
BRDA:422,11,0,5
BRDA:431,12,0,4
BRDA:431,13,0,13
BRDA:439,14,0,16
BRDA:443,15,0,12
BRDA:444,16,0,4
BRDA:474,17,0,12
BRDA:475,18,0,4
BRDA:482,19,0,12
BRDA:495,20,0,16
BRDA:500,21,0,0
BRDA:501,22,0,0
BRDA:503,23,0,0
BRDA:506,24,0,1
BRDA:514,25,0,0
BRDA:541,26,0,0
BRDA:541,27,0,0
BRDA:572,28,0,6
BRDA:578,29,0,11
BRDA:580,30,0,9
BRDA:580,31,0,2
BRDA:587,32,0,2
BRDA:587,33,0,10
BRDA:596,34,0,7
BRDA:607,35,0,3
BRDA:607,36,0,3
BRDA:133,37,0,11
BRDA:138,38,0,6
BRDA:147,39,0,6
BRDA:148,40,0,0
BRDA:151,41,0,6
BRDA:152,42,0,0
BRDA:159,43,0,6
BRDA:160,44,0,1
BRDA:160,45,0,5
BRDA:160,46,0,0
BRDA:166,47,0,6
BRDA:169,48,0,0
BRDA:170,49,0,0
BRDA:172,50,0,6
BRDA:173,51,0,0
BRDA:192,52,0,8
BRDA:193,53,0,0
BRDA:201,54,0,6
BRDA:202,55,0,0
BRDA:233,56,0,6
BRDA:244,57,0,6
BRDA:245,58,0,0
BRDA:259,59,0,6
BRDA:282,60,0,6
BRDA:284,61,0,0
BRDA:345,62,0,1
BRDA:348,63,0,0
BRDA:354,64,0,0
BRDA:355,65,0,0
BRDA:356,66,0,0
BRDA:361,67,0,0
BRDA:369,68,0,0
BRDA:371,69,0,0
BRDA:375,70,0,0
BRDA:378,71,0,0
BRDA:385,72,0,0
BRDA:368,73,0,1
BRDA:414,74,0,1
BRDA:433,75,0,2
BRDA:454,76,0,1
BRF:77
BRH:50
end_of_record
TN:
SF:src/routes/tasks/index.tsx
FN:15,TasksRoute
FN:55,onClick
FN:72,onClick
FN:87,onClose
FN:96,onClick
FN:103,onClose
FN:112,onClose
FN:116,onClose
FN:121,onClose
FN:125,onClose
FNF:10
FNH:1
FNDA:3,TasksRoute
FNDA:0,onClick
FNDA:0,onClick
FNDA:0,onClose
FNDA:0,onClick
FNDA:0,onClose
FNDA:0,onClose
FNDA:0,onClose
FNDA:0,onClose
FNDA:0,onClose
DA:1,1
DA:15,1
DA:16,3
DA:21,3
DA:24,3
DA:25,3
DA:26,3
DA:30,3
DA:31,0
DA:32,0
DA:33,3
DA:34,3
DA:35,3
DA:36,3
DA:39,3
DA:40,0
DA:41,3
DA:42,0
DA:43,3
DA:44,3
DA:45,3
DA:46,3
DA:47,3
DA:48,3
DA:49,3
DA:50,3
DA:51,3
DA:52,3
DA:53,3
DA:54,3
DA:55,3
DA:56,3
DA:57,3
DA:59,3
DA:60,3
DA:61,3
DA:62,3
DA:63,3
DA:65,3
DA:67,0
DA:68,0
DA:69,0
DA:70,0
DA:71,0
DA:72,0
DA:73,0
DA:75,0
DA:76,0
DA:77,0
DA:78,0
DA:79,0
DA:81,3
DA:86,0
DA:87,0
DA:88,0
DA:90,3
DA:91,3
DA:92,3
DA:93,0
DA:94,0
DA:95,0
DA:96,0
DA:97,0
DA:98,0
DA:100,0
DA:101,0
DA:103,3
DA:104,3
DA:105,3
DA:106,3
DA:109,3
DA:110,3
DA:111,3
DA:112,3
DA:113,3
DA:114,3
DA:116,3
DA:117,3
DA:119,0
DA:120,0
DA:121,0
DA:122,0
DA:123,0
DA:125,0
DA:126,0
DA:127,3
DA:128,3
DA:130,3
LF:88
LH:54
BRDA:15,0,0,3
BRDA:39,1,0,0
BRDA:41,2,0,0
BRDA:45,3,0,0
BRDA:65,4,0,0
BRDA:65,5,0,0
BRDA:81,6,0,0
BRDA:81,7,0,0
BRDA:92,8,0,0
BRDA:92,9,0,0
BRDA:117,10,0,0
BRDA:21,11,0,3
BRDA:26,12,0,0
BRDA:30,13,0,0
BRDA:30,14,0,0
BRF:15
BRH:2
end_of_record
TN:
SF:src/routes/tasks/sessionActions.ts
FN:15,openTerminalInNewTab
FN:34,triggerReattach
FN:41,toggleScrollMode
FN:60,uploadFileToTask
FNF:4
FNH:0
FNDA:0,openTerminalInNewTab
FNDA:0,triggerReattach
FNDA:0,toggleScrollMode
FNDA:0,uploadFileToTask
DA:1,1
DA:15,0
DA:16,0
DA:17,0
DA:18,0
DA:19,0
DA:20,0
DA:21,0
DA:23,0
DA:24,0
DA:25,0
DA:26,0
DA:27,0
DA:28,0
DA:29,0
DA:34,1
DA:35,0
DA:36,0
DA:37,0
DA:41,0
DA:42,0
DA:43,0
DA:44,0
DA:45,0
DA:46,0
DA:47,0
DA:48,0
DA:49,0
DA:50,0
DA:51,0
DA:52,0
DA:53,0
DA:54,0
DA:55,0
DA:60,0
DA:61,0
DA:62,0
DA:63,0
DA:64,0
DA:65,0
DA:66,0
DA:67,0
DA:68,0
DA:69,0
DA:70,0
DA:71,0
DA:72,0
DA:73,0
DA:74,0
LF:49
LH:2
BRF:0
BRH:0
end_of_record
TN:
SF:src/routes/tasks/sessionSignals.ts
FN:27,getSessionSignals
FNF:1
FNH:1
FNDA:17,getSessionSignals
DA:1,1
DA:25,1
DA:27,1
DA:28,17
DA:29,17
DA:30,3
DA:31,3
DA:32,3
DA:33,3
DA:34,3
DA:35,3
DA:36,3
DA:37,17
DA:38,17
LF:14
LH:14
BRDA:27,0,0,17
BRDA:29,1,0,3
BRF:2
BRH:2
end_of_record
TN:
SF:src/routes/triggers/index.tsx
FN:29,TriggersRoute
FN:119,TriggerRow
FN:174,TriggerForm
FNF:3
FNH:0
FNDA:0,TriggersRoute
FNDA:0,TriggerRow
FNDA:0,TriggerForm
DA:1,1
DA:29,1
DA:30,0
DA:32,0
DA:33,0
DA:34,0
DA:35,0
DA:37,0
DA:39,0
DA:40,0
DA:41,0
DA:42,0
DA:43,0
DA:44,0
DA:45,0
DA:46,0
DA:47,0
DA:48,0
DA:49,0
DA:50,0
DA:51,0
DA:52,0
DA:53,0
DA:55,0
DA:56,0
DA:57,0
DA:58,0
DA:59,0
DA:60,0
DA:61,0
DA:62,0
DA:63,0
DA:65,0
DA:67,0
DA:68,0
DA:69,0
DA:70,0
DA:71,0
DA:72,0
DA:73,0
DA:74,0
DA:76,0
DA:77,0
DA:78,0
DA:79,0
DA:80,0
DA:81,0
DA:82,0
DA:84,0
DA:85,0
DA:87,0
DA:88,0
DA:89,0
DA:90,0
DA:91,0
DA:92,0
DA:93,0
DA:96,0
DA:97,0
DA:98,0
DA:99,0
DA:100,0
DA:101,0
DA:103,0
DA:104,0
DA:106,0
DA:107,0
DA:108,0
DA:109,0
DA:110,0
DA:112,0
DA:113,0
DA:114,0
DA:115,0
DA:117,0
DA:119,0
DA:120,0
DA:121,0
DA:122,0
DA:123,0
DA:124,0
DA:125,0
DA:126,0
DA:127,0
DA:128,0
DA:129,0
DA:130,0
DA:131,0
DA:132,0
DA:133,0
DA:134,0
DA:135,0
DA:136,0
DA:137,0
DA:139,0
DA:140,0
DA:141,0
DA:142,0
DA:143,0
DA:145,0
DA:146,0
DA:147,0
DA:148,0
DA:149,0
DA:150,0
DA:151,0
DA:152,0
DA:153,0
DA:154,0
DA:155,0
DA:156,0
DA:157,0
DA:158,0
DA:159,0
DA:160,0
DA:161,0
DA:162,0
DA:163,0
DA:164,0
DA:165,0
DA:166,0
DA:167,0
DA:168,0
DA:169,0
DA:170,0
DA:172,0
DA:174,0
DA:175,0
DA:176,0
DA:177,0
DA:178,0
DA:179,0
DA:180,0
DA:181,0
DA:183,0
DA:184,0
DA:186,0
DA:187,0
DA:188,0
DA:189,0
DA:190,0
DA:191,0
DA:192,0
DA:193,0
DA:194,0
DA:195,0
DA:196,0
DA:197,0
DA:198,0
DA:199,0
DA:200,0
DA:201,0
DA:202,0
DA:203,0
DA:204,0
DA:205,0
DA:206,0
DA:207,0
DA:208,0
DA:209,0
DA:210,0
DA:212,0
DA:213,0
DA:214,0
DA:215,0
DA:216,0
DA:217,0
DA:218,0
DA:219,0
DA:220,0
DA:221,0
DA:222,0
DA:224,0
DA:225,0
DA:226,0
DA:227,0
DA:228,0
DA:230,0
DA:231,0
DA:232,0
DA:233,0
DA:234,0
DA:235,0
DA:236,0
DA:237,0
DA:238,0
DA:239,0
DA:240,0
DA:242,0
DA:243,0
DA:244,0
DA:245,0
DA:246,0
DA:247,0
DA:248,0
DA:249,0
DA:250,0
DA:251,0
DA:252,0
DA:254,0
DA:255,0
DA:256,0
DA:257,0
DA:258,0
DA:259,0
DA:260,0
DA:261,0
DA:262,0
DA:263,0
DA:264,0
DA:265,0
DA:266,0
DA:267,0
DA:268,0
DA:269,0
DA:270,0
DA:271,0
DA:272,0
DA:273,0
DA:274,0
DA:275,0
DA:278,0
DA:279,0
DA:280,0
DA:281,0
DA:282,0
DA:283,0
DA:284,0
DA:285,0
DA:287,0
DA:288,0
DA:289,0
DA:290,0
DA:291,0
DA:292,0
DA:293,0
DA:295,0
LF:237
LH:2
BRF:0
BRH:0
end_of_record
TN:
SF:src/store/desktop.ts
FN:20,refreshDesktop
FN:37,saveDesktopItem
FN:53,removeDesktopItem
FN:62,moveDesktopItem
FN:81,launchItem
FNF:5
FNH:0
FNDA:0,refreshDesktop
FNDA:0,saveDesktopItem
FNDA:0,removeDesktopItem
FNDA:0,moveDesktopItem
FNDA:0,launchItem
DA:1,1
DA:15,1
DA:16,1
DA:17,1
DA:19,1
DA:20,0
DA:21,0
DA:22,0
DA:23,0
DA:24,0
DA:25,0
DA:26,0
DA:27,0
DA:28,0
DA:29,0
DA:30,0
DA:31,0
DA:32,0
DA:33,0
DA:34,0
DA:35,0
DA:37,0
DA:38,0
DA:39,0
DA:40,0
DA:41,0
DA:42,0
DA:43,0
DA:44,0
DA:45,0
DA:46,0
DA:47,0
DA:48,0
DA:49,0
DA:50,0
DA:51,0
DA:53,0
DA:54,0
DA:55,0
DA:56,0
DA:57,0
DA:58,0
DA:59,0
DA:60,0
DA:62,0
DA:63,0
DA:64,0
DA:65,0
DA:66,0
DA:67,0
DA:68,0
DA:69,0
DA:72,0
DA:73,0
DA:74,0
DA:75,0
DA:76,0
DA:77,0
DA:78,0
DA:79,0
DA:81,0
DA:84,0
DA:85,0
DA:86,0
DA:87,0
DA:88,0
DA:89,0
DA:90,0
DA:91,0
DA:92,0
DA:93,0
DA:94,0
DA:95,0
DA:100,0
DA:101,0
DA:102,0
DA:103,0
DA:104,0
DA:105,0
DA:106,0
DA:107,0
DA:108,0
DA:109,0
DA:110,0
DA:111,0
DA:112,0
DA:113,0
DA:114,0
LF:88
LH:5
BRF:0
BRH:0
end_of_record
TN:
SF:src/store/docs.ts
FN:25,loadManifest
FN:46,loadPage
FN:89,_resetDocsStore
FNF:3
FNH:3
FNDA:9,loadManifest
FNDA:3,loadPage
FNDA:8,_resetDocsStore
DA:1,1
DA:4,1
DA:5,1
DA:6,1
DA:8,1
DA:9,1
DA:10,1
DA:11,1
DA:14,1
DA:15,1
DA:16,1
DA:17,1
DA:18,1
DA:19,0
DA:20,0
DA:21,0
DA:23,1
DA:24,1
DA:25,9
DA:26,9
DA:27,9
DA:28,5
DA:29,5
DA:30,5
DA:31,5
DA:32,5
DA:33,4
DA:34,4
DA:35,0
DA:36,4
DA:37,4
DA:38,4
DA:39,4
DA:40,5
DA:41,5
DA:42,5
DA:44,1
DA:45,1
DA:46,3
DA:47,3
DA:48,3
DA:49,3
DA:50,1
DA:51,1
DA:52,1
DA:53,1
DA:54,3
DA:55,2
DA:56,2
DA:57,2
DA:58,2
DA:59,2
DA:60,1
DA:62,1
DA:63,2
DA:64,1
DA:65,1
DA:66,1
DA:67,1
DA:68,2
DA:69,2
DA:70,2
DA:71,2
DA:72,2
DA:73,2
DA:74,2
DA:75,2
DA:78,1
DA:79,3
DA:80,3
DA:81,3
DA:82,1
DA:83,2
DA:84,2
DA:85,1
DA:86,1
DA:89,1
DA:90,8
DA:91,8
DA:92,8
DA:93,8
DA:94,8
DA:95,8
DA:96,8
DA:97,8
DA:98,8
DA:99,8
DA:100,8
DA:101,8
LF:89
LH:85
BRDA:14,0,0,1
BRDA:16,1,0,0
BRDA:18,2,0,0
BRDA:25,3,0,9
BRDA:26,4,0,1
BRDA:26,5,0,1
BRDA:26,6,0,8
BRDA:27,7,0,3
BRDA:27,8,0,5
BRDA:30,9,0,5
BRDA:32,10,0,4
BRDA:34,11,0,0
BRDA:46,12,0,3
BRDA:49,13,0,1
BRDA:53,14,0,2
BRDA:54,15,0,0
BRDA:54,16,0,0
BRDA:54,17,0,2
BRDA:57,18,0,2
BRDA:59,19,0,1
BRDA:63,20,0,1
BRDA:65,21,0,0
BRDA:78,22,0,3
BRDA:81,23,0,2
BRDA:81,24,0,1
BRDA:82,25,0,2
BRDA:83,26,0,3
BRDA:89,27,0,8
BRF:28
BRH:22
end_of_record
TN:
SF:src/store/memory.ts
FN:42,refreshMemories
FN:63,loadSelected
FN:88,selectMemory
FN:93,saveMemory
FN:106,removeMemory
FN:121,startMemoryPolling
FN:139,stopMemoryPolling
FNF:7
FNH:0
FNDA:0,refreshMemories
FNDA:0,loadSelected
FNDA:0,selectMemory
FNDA:0,saveMemory
FNDA:0,removeMemory
FNDA:0,startMemoryPolling
FNDA:0,stopMemoryPolling
DA:1,1
DA:12,1
DA:13,1
DA:14,1
DA:15,1
DA:16,1
DA:18,1
DA:19,1
DA:20,1
DA:22,1
DA:23,1
DA:24,1
DA:25,1
DA:26,1
DA:28,1
DA:29,1
DA:30,1
DA:31,1
DA:32,0
DA:33,0
DA:34,0
DA:35,0
DA:36,1
DA:37,1
DA:41,1
DA:42,0
DA:43,0
DA:44,0
DA:45,0
DA:46,0
DA:47,0
DA:48,0
DA:49,0
DA:50,0
DA:51,0
DA:52,0
DA:53,0
DA:54,0
DA:55,0
DA:56,0
DA:57,0
DA:58,0
DA:62,1
DA:63,0
DA:64,0
DA:65,0
DA:66,0
DA:67,0
DA:68,0
DA:73,0
DA:74,0
DA:75,0
DA:76,0
DA:78,0
DA:79,0
DA:80,0
DA:81,0
DA:82,0
DA:83,0
DA:84,0
DA:85,0
DA:86,0
DA:88,1
DA:89,0
DA:90,0
DA:91,0
DA:93,0
DA:94,0
DA:95,0
DA:96,0
DA:97,0
DA:98,0
DA:99,0
DA:100,0
DA:101,0
DA:102,0
DA:103,0
DA:104,0
DA:106,0
DA:107,0
DA:108,0
DA:109,0
DA:110,0
DA:111,0
DA:112,0
DA:113,0
DA:114,0
DA:115,0
DA:116,0
DA:117,0
DA:119,1
DA:120,1
DA:121,1
DA:122,0
DA:123,0
DA:127,0
DA:128,0
DA:129,0
DA:130,0
DA:131,0
DA:132,0
DA:133,0
DA:134,0
DA:135,0
DA:136,0
DA:137,0
DA:138,0
DA:139,1
DA:140,0
DA:141,0
DA:142,0
DA:143,0
DA:144,0
DA:145,0
DA:146,0
LF:115
LH:27
BRDA:22,0,0,1
BRDA:24,1,0,0
BRDA:28,2,0,1
BRF:3
BRH:2
end_of_record
TN:
SF:src/store/metrics.ts
FN:11,refreshMetrics
FN:28,startMetricsPolling
FNF:2
FNH:2
FNDA:1,refreshMetrics
FNDA:3,startMetricsPolling
DA:1,1
DA:4,1
DA:5,1
DA:6,1
DA:7,1
DA:9,1
DA:11,1
DA:12,1
DA:13,1
DA:14,0
DA:15,0
DA:16,0
DA:17,0
DA:18,0
DA:19,0
DA:20,0
DA:21,0
DA:22,0
DA:23,0
DA:24,0
DA:25,1
DA:28,1
DA:29,3
DA:30,1
DA:31,1
DA:32,1
LF:26
LH:15
BRDA:11,0,0,1
BRDA:13,1,0,0
BRDA:28,2,0,3
BRDA:29,3,0,2
BRDA:29,4,0,1
BRF:5
BRH:4
end_of_record
TN:
SF:src/store/router.ts
FN:16,normalize
FN:25,readCurrent
FN:32,navigate
FN:78,matchRoute
FN:87,pathSuffix
FNF:5
FNH:5
FNDA:12,normalize
FNDA:5,readCurrent
FNDA:9,navigate
FNDA:17,matchRoute
FNDA:3,pathSuffix
DA:1,1
DA:14,1
DA:16,1
DA:17,12
DA:18,12
DA:19,29
DA:20,29
DA:21,29
DA:22,7
DA:23,7
DA:25,5
DA:26,5
DA:27,5
DA:28,5
DA:30,1
DA:32,1
DA:33,9
DA:34,0
DA:35,0
DA:36,0
DA:39,9
DA:40,9
DA:41,9
DA:42,27
DA:43,0
DA:44,0
DA:45,0
DA:46,27
DA:47,9
DA:48,9
DA:49,5
DA:50,9
DA:51,9
DA:53,1
DA:54,1
DA:55,0
DA:56,1
DA:57,1
DA:64,1
DA:68,1
DA:69,1
DA:70,1
DA:71,1
DA:72,1
DA:73,1
DA:74,1
DA:75,1
DA:78,1
DA:80,17
DA:81,15
DA:82,17
DA:83,17
DA:87,1
DA:88,3
DA:89,3
DA:90,3
LF:56
LH:49
BRDA:16,0,0,12
BRDA:17,1,0,0
BRDA:18,2,0,29
BRDA:19,3,0,2
BRDA:19,4,0,27
BRDA:20,5,0,3
BRDA:21,6,0,7
BRDA:25,7,0,5
BRDA:26,8,0,0
BRDA:32,9,0,9
BRDA:33,10,0,0
BRDA:41,11,0,27
BRDA:42,12,0,0
BRDA:47,13,0,0
BRDA:48,14,0,5
BRDA:48,15,0,4
BRDA:78,16,0,17
BRDA:80,17,0,16
BRDA:80,18,0,2
BRDA:80,19,0,15
BRDA:82,20,0,1
BRDA:82,21,0,40
BRDA:87,22,0,3
BRDA:88,23,0,0
BRF:24
BRH:18
end_of_record
TN:
SF:src/store/server-mode.ts
FN:22,loadServerMode
FNF:1
FNH:1
FNDA:3,loadServerMode
DA:1,1
DA:12,1
DA:13,1
DA:14,1
DA:15,1
DA:16,1
DA:17,1
DA:19,1
DA:21,1
DA:22,3
DA:23,3
DA:24,3
DA:25,3
DA:26,3
DA:27,3
DA:33,1
DA:34,3
DA:35,3
DA:36,3
DA:37,3
LF:20
LH:20
BRDA:22,0,0,3
BRDA:23,1,0,0
BRDA:26,2,0,2
BRDA:27,3,0,1
BRF:4
BRH:3
end_of_record
TN:
SF:src/store/tasks.ts
FN:70,refreshTasks
FN:95,loadSelectedTask
FN:113,selectTask
FN:119,createTask
FN:135,killTask
FN:146,renameTask
FN:157,sendFollowup
FN:170,startTaskPolling
FN:185,visibilityHandler
FN:194,stopTaskPolling
FNF:10
FNH:5
FNDA:11,refreshTasks
FNDA:1,loadSelectedTask
FNDA:3,selectTask
FNDA:0,createTask
FNDA:0,killTask
FNDA:0,renameTask
FNDA:0,sendFollowup
FNDA:10,startTaskPolling
FNDA:0,visibilityHandler
FNDA:17,stopTaskPolling
DA:1,1
DA:16,1
DA:17,1
DA:18,1
DA:19,1
DA:21,1
DA:22,1
DA:23,1
DA:25,1
DA:29,1
DA:31,1
DA:32,20
DA:35,20
DA:36,20
DA:37,20
DA:39,20
DA:40,20
DA:41,3
DA:42,3
DA:43,20
DA:44,6
DA:45,14
DA:46,14
DA:47,6
DA:48,6
DA:49,20
DA:50,20
DA:53,1
DA:54,15
DA:55,15
DA:56,15
DA:58,1
DA:59,16
DA:60,16
DA:61,30
DA:62,16
DA:63,15
DA:64,30
DA:65,16
DA:66,16
DA:68,1
DA:70,11
DA:71,11
DA:72,9
DA:73,9
DA:74,9
DA:75,9
DA:76,8
DA:77,8
DA:78,8
DA:79,8
DA:80,0
DA:81,8
DA:82,8
DA:83,8
DA:84,8
DA:85,9
DA:86,9
DA:87,9
DA:93,1
DA:95,1
DA:96,1
DA:97,1
DA:98,1
DA:99,1
DA:100,1
DA:101,1
DA:102,1
DA:103,0
DA:104,0
DA:105,0
DA:106,0
DA:107,0
DA:108,1
DA:109,1
DA:110,1
DA:111,1
DA:113,1
DA:114,3
DA:115,3
DA:116,2
DA:117,3
DA:119,0
DA:120,0
DA:121,0
DA:122,0
DA:123,0
DA:124,0
DA:125,0
DA:126,0
DA:127,0
DA:128,0
DA:129,0
DA:130,0
DA:131,0
DA:132,0
DA:133,0
DA:135,0
DA:136,0
DA:137,0
DA:138,0
DA:139,0
DA:140,0
DA:141,0
DA:142,0
DA:143,0
DA:144,0
DA:146,0
DA:147,0
DA:148,0
DA:149,0
DA:150,0
DA:151,0
DA:152,0
DA:153,0
DA:154,0
DA:155,0
DA:157,0
DA:158,0
DA:159,0
DA:160,0
DA:161,0
DA:162,0
DA:163,0
DA:164,0
DA:165,0
DA:168,1
DA:169,1
DA:170,1
DA:171,10
DA:172,10
DA:178,10
DA:179,0
DA:180,0
DA:181,0
DA:182,10
DA:183,10
DA:184,10
DA:185,10
DA:186,0
DA:187,0
DA:188,0
DA:189,0
DA:190,0
DA:191,10
DA:192,10
DA:193,10
DA:194,1
DA:195,17
DA:196,17
DA:197,17
DA:198,10
DA:199,10
DA:200,10
DA:201,17
LF:155
LH:97
BRDA:31,0,0,20
BRDA:37,1,0,5
BRDA:37,2,0,2
BRDA:37,3,0,18
BRDA:40,4,0,3
BRDA:43,5,0,6
BRDA:35,6,0,40
BRDA:35,7,0,22
BRDA:41,8,0,6
BRDA:41,9,0,3
BRDA:44,10,0,14
BRDA:45,11,0,8
BRDA:45,12,0,8
BRDA:53,13,0,15
BRDA:55,14,0,5
BRDA:55,15,0,2
BRDA:55,16,0,13
BRDA:54,17,0,27
BRDA:54,18,0,14
BRDA:58,19,0,16
BRDA:60,20,0,30
BRDA:61,21,0,16
BRDA:61,22,0,14
BRDA:61,23,0,16
BRDA:62,24,0,15
BRDA:62,25,0,1
BRDA:70,26,0,11
BRDA:71,27,0,2
BRDA:71,28,0,9
BRDA:73,29,0,9
BRDA:75,30,0,8
BRDA:79,31,0,0
BRDA:95,32,0,1
BRDA:100,33,0,0
BRDA:102,34,0,0
BRDA:113,35,0,3
BRDA:115,36,0,2
BRDA:115,37,0,1
BRDA:170,38,0,10
BRDA:172,39,0,0
BRDA:184,40,0,0
BRDA:194,41,0,17
BRDA:195,42,0,10
BRDA:197,43,0,10
BRDA:197,44,0,10
BRF:45
BRH:40
end_of_record
TN:
SF:src/store/triggers.ts
FN:27,refreshTriggers
FN:39,fire
FN:50,toggleSuspend
FN:62,removeTrigger
FN:74,startTriggerPolling
FN:79,stopTriggerPolling
FNF:6
FNH:0
FNDA:0,refreshTriggers
FNDA:0,fire
FNDA:0,toggleSuspend
FNDA:0,removeTrigger
FNDA:0,startTriggerPolling
FNDA:0,stopTriggerPolling
DA:1,1
DA:14,1
DA:15,1
DA:16,1
DA:17,1
DA:19,1
DA:20,0
DA:21,0
DA:22,0
DA:23,0
DA:24,0
DA:25,0
DA:27,0
DA:28,0
DA:29,0
DA:30,0
DA:31,0
DA:32,0
DA:33,0
DA:34,0
DA:35,0
DA:36,0
DA:37,0
DA:39,0
DA:40,0
DA:41,0
DA:42,0
DA:43,0
DA:44,0
DA:45,0
DA:46,0
DA:47,0
DA:48,0
DA:50,0
DA:51,0
DA:52,0
DA:53,0
DA:54,0
DA:55,0
DA:56,0
DA:57,0
DA:58,0
DA:59,0
DA:60,0
DA:62,0
DA:63,0
DA:64,0
DA:65,0
DA:66,0
DA:67,0
DA:68,0
DA:69,0
DA:70,0
DA:71,0
DA:73,1
DA:74,1
DA:75,0
DA:76,0
DA:77,0
DA:78,0
DA:79,1
DA:80,0
DA:81,0
DA:82,0
LF:64
LH:9
BRF:0
BRH:0
end_of_record
TN:
SF:src/store/ui.ts
FN:15,loadPrefs
FN:72,pushToast
FN:87,dismissToast
FN:108,applyDocumentAttrs
FNF:4
FNH:4
FNDA:8,loadPrefs
FNDA:3,pushToast
FNDA:2,dismissToast
FNDA:15,applyDocumentAttrs
DA:1,1
DA:13,1
DA:15,8
DA:16,8
DA:17,8
DA:18,8
DA:23,8
DA:24,8
DA:25,8
DA:26,8
DA:27,8
DA:28,8
DA:29,8
DA:30,0
DA:31,0
DA:32,8
DA:33,8
DA:34,8
DA:35,8
DA:36,8
DA:37,8
DA:38,0
DA:39,0
DA:40,8
DA:42,1
DA:44,1
DA:45,1
DA:48,1
DA:50,1
DA:52,1
DA:55,1
DA:56,1
DA:57,1
DA:69,1
DA:71,1
DA:72,1
DA:73,3
DA:74,3
DA:75,3
DA:76,3
DA:77,3
DA:78,3
DA:79,3
DA:80,3
DA:81,3
DA:82,2
DA:83,2
DA:84,3
DA:85,3
DA:87,1
DA:88,2
DA:89,2
DA:92,1
DA:93,1
DA:94,12
DA:95,12
DA:96,12
DA:97,12
DA:98,12
DA:99,12
DA:100,12
DA:101,12
DA:102,0
DA:104,1
DA:105,1
DA:108,1
DA:109,15
DA:110,15
DA:111,11
DA:112,11
DA:113,4
DA:114,4
DA:115,15
DA:116,15
DA:118,1
DA:119,1
DA:120,12
DA:121,1
DA:122,1
LF:79
LH:74
BRDA:15,0,0,8
BRDA:26,1,0,0
BRDA:29,2,0,0
BRDA:32,3,0,0
BRDA:32,4,0,0
BRDA:33,5,0,0
BRDA:33,6,0,0
BRDA:37,7,0,0
BRDA:72,8,0,3
BRDA:77,9,0,1
BRDA:78,10,0,1
BRDA:81,11,0,2
BRDA:82,12,0,1
BRDA:87,13,0,2
BRDA:88,14,0,2
BRDA:93,15,0,12
BRDA:101,16,0,0
BRDA:108,17,0,15
BRDA:110,18,0,11
BRDA:112,19,0,4
BRDA:119,20,0,12
BRF:21
BRH:13
end_of_record
TN:
SF:src/util/randomName.ts
FN:24,pick
FN:28,randomBuildName
FNF:2
FNH:2
FNDA:6,pick
FNDA:3,randomBuildName
DA:10,1
DA:11,1
DA:12,1
DA:13,1
DA:14,1
DA:17,1
DA:18,1
DA:19,1
DA:20,1
DA:21,1
DA:24,6
DA:25,6
DA:26,6
DA:28,1
DA:29,3
DA:30,3
DA:31,3
LF:17
LH:17
BRDA:24,0,0,6
BRDA:28,1,0,3
BRF:2
BRH:2
end_of_record
